<?xml version="1.0" encoding="utf-8"?>
<TestRun id="746bb5e7-c240-4c07-a09d-20873c259ef7" name="@hamabot 2026-03-25 09:31:43" xmlns="http://microsoft.com/schemas/VisualStudio/TeamTest/2010">
  <Times creation="2026-03-25T09:31:43.0276470+09:00" queuing="2026-03-25T09:31:43.0276470+09:00" start="2026-03-25T09:31:42.7364380+09:00" finish="2026-03-25T09:31:43.9328780+09:00" />
  <TestSettings name="default" id="73064a2e-0b36-4189-955a-8951c4126b4a">
    <Deployment runDeploymentRoot="_hamabot_2026-03-25_09_31_43" />
  </TestSettings>
  <Results>
    <UnitTestResult executionId="67e3a496-3691-45ea-9edb-cdc5a439d65a" testId="24475a21-4c07-7285-7fed-5be6c0d973df" testName="Integration.debug multi-line tokens" computerName="hamabot" duration="00:00:00.0060000" startTime="2026-03-25T09:31:43.4515670+09:00" endTime="2026-03-25T09:31:43.4580300+09:00" testType="13cdc9d9-ddb5-4fa4-a97d-d965ccfc6d4b" outcome="Passed" testListId="8c84fa94-04c1-424b-9868-57a2d4851a1d" relativeResultsDirectory="67e3a496-3691-45ea-9edb-cdc5a439d65a" />
    <UnitTestResult executionId="9f3d4783-c0a8-4680-9540-f614b1679fef" testId="73a89096-df33-bf3b-4f34-f04fe68649d0" testName="SpecializeMatrix.specialize removes non-matching constructors" computerName="hamabot" duration="00:00:00.0010000" startTime="2026-03-25T09:31:43.7890350+09:00" endTime="2026-03-25T09:31:43.7905640+09:00" testType="13cdc9d9-ddb5-4fa4-a97d-d965ccfc6d4b" outcome="Passed" testListId="8c84fa94-04c1-424b-9868-57a2d4851a1d" relativeResultsDirectory="9f3d4783-c0a8-4680-9540-f614b1679fef" />
    <UnitTestResult executionId="f5d01a59-c07f-485f-81b4-154b53a94e61" testId="e67e33f6-de9c-a82f-4904-d5cfc3a2f13f" testName="IndentFilter.processNewline.multiple dedents for big unindent" computerName="hamabot" startTime="2026-03-25T09:31:43.8758490+09:00" endTime="2026-03-25T09:31:43.8761730+09:00" testType="13cdc9d9-ddb5-4fa4-a97d-d965ccfc6d4b" outcome="Passed" testListId="8c84fa94-04c1-424b-9868-57a2d4851a1d" relativeResultsDirectory="f5d01a59-c07f-485f-81b4-154b53a94e61" />
    <UnitTestResult executionId="bde5b317-6a11-4348-aa46-d216fb89ba4f" testId="4a0b9209-c32a-c2b0-4fc7-394a5f640b27" testName="Integration.testRedundancyWarning" computerName="hamabot" duration="00:00:00.0020000" startTime="2026-03-25T09:31:43.5882880+09:00" endTime="2026-03-25T09:31:43.5908460+09:00" testType="13cdc9d9-ddb5-4fa4-a97d-d965ccfc6d4b" outcome="Passed" testListId="8c84fa94-04c1-424b-9868-57a2d4851a1d" relativeResultsDirectory="bde5b317-6a11-4348-aa46-d216fb89ba4f" />
    <UnitTestResult executionId="a0bb5693-307c-4afa-94dd-64e79f33bc1c" testId="f32965e3-9188-e003-dbc2-cd069a32cd92" testName="IndentFilter.processNewline.deeper indent emits INDENT" computerName="hamabot" startTime="2026-03-25T09:31:43.7894950+09:00" endTime="2026-03-25T09:31:43.7902100+09:00" testType="13cdc9d9-ddb5-4fa4-a97d-d965ccfc6d4b" outcome="Passed" testListId="8c84fa94-04c1-424b-9868-57a2d4851a1d" relativeResultsDirectory="a0bb5693-307c-4afa-94dd-64e79f33bc1c" />
    <UnitTestResult executionId="714be65d-caec-49c5-9ef7-48ee47bd7fb3" testId="b73c9615-0f70-d663-b932-b7a4037cad6c" testName="Integration.testMatchOnParametricADT" computerName="hamabot" duration="00:00:00.0010000" startTime="2026-03-25T09:31:43.4989990+09:00" endTime="2026-03-25T09:31:43.5002270+09:00" testType="13cdc9d9-ddb5-4fa4-a97d-d965ccfc6d4b" outcome="Passed" testListId="8c84fa94-04c1-424b-9868-57a2d4851a1d" relativeResultsDirectory="714be65d-caec-49c5-9ef7-48ee47bd7fb3" />
    <UnitTestResult executionId="0bfd88fd-20e5-4795-bbe2-585e91208c6a" testId="6cb1a9f7-f59f-818a-6325-f1f0dca4a321" testName="Exceptions.EXC-01: Exception declarations.nullary exception declaration" computerName="hamabot" startTime="2026-03-25T09:31:43.0220800+09:00" endTime="2026-03-25T09:31:43.0225480+09:00" testType="13cdc9d9-ddb5-4fa4-a97d-d965ccfc6d4b" outcome="Passed" testListId="8c84fa94-04c1-424b-9868-57a2d4851a1d" relativeResultsDirectory="0bfd88fd-20e5-4795-bbe2-585e91208c6a" />
    <UnitTestResult executionId="977f7fc5-efe7-44fd-97b1-cb07569dcc01" testId="d3015961-541f-9143-c635-67b115d15415" testName="Redundancy.no redundancy with wildcard only" computerName="hamabot" startTime="2026-03-25T09:31:43.7632150+09:00" endTime="2026-03-25T09:31:43.7635900+09:00" testType="13cdc9d9-ddb5-4fa4-a97d-d965ccfc6d4b" outcome="Passed" testListId="8c84fa94-04c1-424b-9868-57a2d4851a1d" relativeResultsDirectory="977f7fc5-efe7-44fd-97b1-cb07569dcc01" />
    <UnitTestResult executionId="195f7350-bb4f-46ba-8319-5c67fac4fadb" testId="3b3a270e-0b6b-4987-db56-2ae9787c42b1" testName="Integration.testParseRecursiveADT" computerName="hamabot" startTime="2026-03-25T09:31:43.4516780+09:00" endTime="2026-03-25T09:31:43.4532250+09:00" testType="13cdc9d9-ddb5-4fa4-a97d-d965ccfc6d4b" outcome="Passed" testListId="8c84fa94-04c1-424b-9868-57a2d4851a1d" relativeResultsDirectory="195f7350-bb4f-46ba-8319-5c67fac4fadb" />
    <UnitTestResult executionId="a9cec22f-6647-4f9f-8140-f0974c5145d9" testId="50582b0e-3ee0-0525-e13d-e7ffcaea7887" testName="Integration.tab character raises error" computerName="hamabot" duration="00:00:00.0010000" startTime="2026-03-25T09:31:43.3916100+09:00" endTime="2026-03-25T09:31:43.3955520+09:00" testType="13cdc9d9-ddb5-4fa4-a97d-d965ccfc6d4b" outcome="Passed" testListId="8c84fa94-04c1-424b-9868-57a2d4851a1d" relativeResultsDirectory="a9cec22f-6647-4f9f-8140-f0974c5145d9" />
    <UnitTestResult executionId="024cdb09-34e7-42b4-9824-6e614910692c" testId="c5dee3dc-7df6-f3c2-8e25-f8f83401170a" testName="Exceptions.EXC-02: raise.raise non-exception type error" computerName="hamabot" duration="00:00:00.0070000" startTime="2026-03-25T09:31:43.0375620+09:00" endTime="2026-03-25T09:31:43.0449370+09:00" testType="13cdc9d9-ddb5-4fa4-a97d-d965ccfc6d4b" outcome="Passed" testListId="8c84fa94-04c1-424b-9868-57a2d4851a1d" relativeResultsDirectory="024cdb09-34e7-42b4-9824-6e614910692c" />
    <UnitTestResult executionId="aa6557cc-1008-4901-9bfb-c7a01bffa53d" testId="18b1e5b7-b61b-7f6a-1edd-edfa03a8a625" testName="GADT.GADT-02: Type refinement.GADT match on bool Expr refines to bool" computerName="hamabot" duration="00:00:00.0060000" startTime="2026-03-25T09:31:43.1370760+09:00" endTime="2026-03-25T09:31:43.1438480+09:00" testType="13cdc9d9-ddb5-4fa4-a97d-d965ccfc6d4b" outcome="Passed" testListId="8c84fa94-04c1-424b-9868-57a2d4851a1d" relativeResultsDirectory="aa6557cc-1008-4901-9bfb-c7a01bffa53d" />
    <UnitTestResult executionId="d4546a10-7ddc-4437-927d-4137063095f5" testId="1f4b18a4-807e-def8-e874-ae8947e4b84b" testName="Records.REC-04: Copy-and-update.original record unchanged after update" computerName="hamabot" duration="00:00:00.0010000" startTime="2026-03-25T09:31:43.2530940+09:00" endTime="2026-03-25T09:31:43.2548740+09:00" testType="13cdc9d9-ddb5-4fa4-a97d-d965ccfc6d4b" outcome="Passed" testListId="8c84fa94-04c1-424b-9868-57a2d4851a1d" relativeResultsDirectory="d4546a10-7ddc-4437-927d-4137063095f5" />
    <UnitTestResult executionId="d4be75ad-e917-47a4-ae2d-227c71534869" testId="8ab6a213-ad26-6b42-fadc-201a2c30daff" testName="Match Compilation (Decision Tree).No Redundant Tests (structural).decision tree has no redundant constructor tests" computerName="hamabot" duration="00:00:00.0020000" startTime="2026-03-25T09:31:43.0218080+09:00" endTime="2026-03-25T09:31:43.0244340+09:00" testType="13cdc9d9-ddb5-4fa4-a97d-d965ccfc6d4b" outcome="Passed" testListId="8c84fa94-04c1-424b-9868-57a2d4851a1d" relativeResultsDirectory="d4be75ad-e917-47a4-ae2d-227c71534869" />
    <UnitTestResult executionId="c7b56ba3-b26c-48b0-9f1a-a67952c9bb32" testId="e4ada972-bf3d-d1bc-badd-2068a83998a3" testName="Integration.testParseADTWithLeadingPipe" computerName="hamabot" startTime="2026-03-25T09:31:43.4531120+09:00" endTime="2026-03-25T09:31:43.4534780+09:00" testType="13cdc9d9-ddb5-4fa4-a97d-d965ccfc6d4b" outcome="Passed" testListId="8c84fa94-04c1-424b-9868-57a2d4851a1d" relativeResultsDirectory="c7b56ba3-b26c-48b0-9f1a-a67952c9bb32" />
    <UnitTestResult executionId="7d6a5e23-b4a3-41ab-9332-8bf5f0ecbc00" testId="4d324604-d814-b249-ee22-e2ba43109234" testName="Records.REC-07: Mutable fields.mutation visible through aliases (shared ref)" computerName="hamabot" duration="00:00:00.0060000" startTime="2026-03-25T09:31:43.3280280+09:00" endTime="2026-03-25T09:31:43.3356060+09:00" testType="13cdc9d9-ddb5-4fa4-a97d-d965ccfc6d4b" outcome="Passed" testListId="8c84fa94-04c1-424b-9868-57a2d4851a1d" relativeResultsDirectory="7d6a5e23-b4a3-41ab-9332-8bf5f0ecbc00" />
    <UnitTestResult executionId="53ac641f-40ae-443a-bd9a-3f798f14e28d" testId="757311bb-dc06-b34d-c69e-f1c235635075" testName="Exceptions.EXC-02: raise.raise nullary exception" computerName="hamabot" duration="00:00:00.0070000" startTime="2026-03-25T09:31:43.0375020+09:00" endTime="2026-03-25T09:31:43.0448020+09:00" testType="13cdc9d9-ddb5-4fa4-a97d-d965ccfc6d4b" outcome="Passed" testListId="8c84fa94-04c1-424b-9868-57a2d4851a1d" relativeResultsDirectory="53ac641f-40ae-443a-bd9a-3f798f14e28d" />
    <UnitTestResult executionId="c5128dd1-634d-4333-90d1-afcf763c6e14" testId="b398c46f-29d9-70f4-f38c-f4d2bcd56905" testName="Records.REC-01: Record type declarations.record with trailing semicolon" computerName="hamabot" duration="00:00:00.0010000" startTime="2026-03-25T09:31:43.2177180+09:00" endTime="2026-03-25T09:31:43.2194470+09:00" testType="13cdc9d9-ddb5-4fa4-a97d-d965ccfc6d4b" outcome="Passed" testListId="8c84fa94-04c1-424b-9868-57a2d4851a1d" relativeResultsDirectory="c5128dd1-634d-4333-90d1-afcf763c6e14" />
    <UnitTestResult executionId="c70467ea-d70d-42f9-a2d1-242c953f2da3" testId="3bdd2e31-0919-bc53-131c-e9cebe413d43" testName="PatternFormat.format multi-arg constructor" computerName="hamabot" startTime="2026-03-25T09:31:43.7889180+09:00" endTime="2026-03-25T09:31:43.7893540+09:00" testType="13cdc9d9-ddb5-4fa4-a97d-d965ccfc6d4b" outcome="Passed" testListId="8c84fa94-04c1-424b-9868-57a2d4851a1d" relativeResultsDirectory="c70467ea-d70d-42f9-a2d1-242c953f2da3" />
    <UnitTestResult executionId="deac8429-bb40-4b85-9983-b0ea01b8150c" testId="3afe9286-0dab-5191-eb2d-c5693f678aa7" testName="Integration.testADTNullaryConstructor" computerName="hamabot" duration="00:00:00.0010000" startTime="2026-03-25T09:31:43.4990510+09:00" endTime="2026-03-25T09:31:43.5007420+09:00" testType="13cdc9d9-ddb5-4fa4-a97d-d965ccfc6d4b" outcome="Passed" testListId="8c84fa94-04c1-424b-9868-57a2d4851a1d" relativeResultsDirectory="deac8429-bb40-4b85-9983-b0ea01b8150c" />
    <UnitTestResult executionId="d109c58f-90f3-430d-adfc-aaeb99e7e1a3" testId="986c50a8-03a6-01fe-a701-9daa3eeb92a2" testName="Integration.testModuleLevelWithIndentedBodies" computerName="hamabot" duration="00:00:00.0020000" startTime="2026-03-25T09:31:43.3917170+09:00" endTime="2026-03-25T09:31:43.3956850+09:00" testType="13cdc9d9-ddb5-4fa4-a97d-d965ccfc6d4b" outcome="Passed" testListId="8c84fa94-04c1-424b-9868-57a2d4851a1d" relativeResultsDirectory="d109c58f-90f3-430d-adfc-aaeb99e7e1a3" />
    <UnitTestResult executionId="5e931d00-7192-4b98-8ee1-9048a3fe8a1f" testId="88bf9704-2abf-9741-8766-43ecf52d8354" testName="Redundancy.specific after wildcard is redundant" computerName="hamabot" startTime="2026-03-25T09:31:43.7631930+09:00" endTime="2026-03-25T09:31:43.7638170+09:00" testType="13cdc9d9-ddb5-4fa4-a97d-d965ccfc6d4b" outcome="Passed" testListId="8c84fa94-04c1-424b-9868-57a2d4851a1d" relativeResultsDirectory="5e931d00-7192-4b98-8ee1-9048a3fe8a1f" />
    <UnitTestResult executionId="6687ae72-29bc-4603-ad42-d8febc7a9c41" testId="6e6ba0c7-6a27-2c0e-0885-0b74cc065f71" testName="GADT.GADT-05: Cross-type polymorphic return (eval : 'a Expr -&gt; 'a).cross-type eval with BoolLit returns bool value true" computerName="hamabot" duration="00:00:00.0010000" startTime="2026-03-25T09:31:43.2064350+09:00" endTime="2026-03-25T09:31:43.2083260+09:00" testType="13cdc9d9-ddb5-4fa4-a97d-d965ccfc6d4b" outcome="Passed" testListId="8c84fa94-04c1-424b-9868-57a2d4851a1d" relativeResultsDirectory="6687ae72-29bc-4603-ad42-d8febc7a9c41" />
    <UnitTestResult executionId="f4cb3ad6-b4c2-423c-80df-2c5e3a4c926d" testId="d724df6a-9df0-dc18-82dc-39bab9b77e7d" testName="IndentFilter.elseIndentation.else at same column as if does not emit INDENT before ELSE" computerName="hamabot" startTime="2026-03-25T09:31:43.8869740+09:00" endTime="2026-03-25T09:31:43.8879250+09:00" testType="13cdc9d9-ddb5-4fa4-a97d-d965ccfc6d4b" outcome="Passed" testListId="8c84fa94-04c1-424b-9868-57a2d4851a1d" relativeResultsDirectory="f4cb3ad6-b4c2-423c-80df-2c5e3a4c926d" />
    <UnitTestResult executionId="d8933cfe-87a3-4b2d-9ea8-f4807d8e15fc" testId="dfc5a127-b040-c7e9-d953-37e651a29654" testName="Exceptions.EXC-04: Exception pattern matching.nested try-with outer catches" computerName="hamabot" startTime="2026-03-25T09:31:43.0823910+09:00" endTime="2026-03-25T09:31:43.0829900+09:00" testType="13cdc9d9-ddb5-4fa4-a97d-d965ccfc6d4b" outcome="Passed" testListId="8c84fa94-04c1-424b-9868-57a2d4851a1d" relativeResultsDirectory="d8933cfe-87a3-4b2d-9ea8-f4807d8e15fc" />
    <UnitTestResult executionId="8493f738-95b4-447f-9de2-6374be6c0449" testId="8e25ad87-b69b-1bf9-ced5-0d576fbb7a7b" testName="Exceptions.EXC-04: Exception pattern matching.multiple exception handlers first matches" computerName="hamabot" startTime="2026-03-25T09:31:43.0823620+09:00" endTime="2026-03-25T09:31:43.0826990+09:00" testType="13cdc9d9-ddb5-4fa4-a97d-d965ccfc6d4b" outcome="Passed" testListId="8c84fa94-04c1-424b-9868-57a2d4851a1d" relativeResultsDirectory="8493f738-95b4-447f-9de2-6374be6c0449" />
    <UnitTestResult executionId="69757bd1-7771-497b-bdd8-2a7f422303ba" testId="e165cf0e-d8d3-a5eb-4ea4-be68754d2c8e" testName="Exhaustiveness.complete Option - None and Some" computerName="hamabot" startTime="2026-03-25T09:31:43.6897530+09:00" endTime="2026-03-25T09:31:43.6904720+09:00" testType="13cdc9d9-ddb5-4fa4-a97d-d965ccfc6d4b" outcome="Passed" testListId="8c84fa94-04c1-424b-9868-57a2d4851a1d" relativeResultsDirectory="69757bd1-7771-497b-bdd8-2a7f422303ba" />
    <UnitTestResult executionId="8ec2fdfd-1a8a-452c-9a3e-cb1749918359" testId="aea38aa2-8b47-6801-6fdc-8c334eacbb83" testName="GADT.GADT-02: Type refinement.GADT match with If constructor" computerName="hamabot" duration="00:00:00.0040000" startTime="2026-03-25T09:31:43.1374370+09:00" endTime="2026-03-25T09:31:43.1438540+09:00" testType="13cdc9d9-ddb5-4fa4-a97d-d965ccfc6d4b" outcome="Passed" testListId="8c84fa94-04c1-424b-9868-57a2d4851a1d" relativeResultsDirectory="8ec2fdfd-1a8a-452c-9a3e-cb1749918359" />
    <UnitTestResult executionId="4abdab1f-334e-46ff-af40-53fda4d6db74" testId="975093e1-9471-32e8-598a-8875c583e4c6" testName="Records.REC-07: Mutable fields.immutable field assignment produces type error" computerName="hamabot" duration="00:00:00.0050000" startTime="2026-03-25T09:31:43.3280010+09:00" endTime="2026-03-25T09:31:43.3350010+09:00" testType="13cdc9d9-ddb5-4fa4-a97d-d965ccfc6d4b" outcome="Passed" testListId="8c84fa94-04c1-424b-9868-57a2d4851a1d" relativeResultsDirectory="4abdab1f-334e-46ff-af40-53fda4d6db74" />
    <UnitTestResult executionId="9317eeeb-cdb2-4d15-9baf-bf6e19d046c5" testId="d77e080b-0930-6b8f-bb51-d1f2afd65eb2" testName="Exceptions.When guards in match.when guard with list pattern positive head" computerName="hamabot" startTime="2026-03-25T09:31:43.1053610+09:00" endTime="2026-03-25T09:31:43.1101510+09:00" testType="13cdc9d9-ddb5-4fa4-a97d-d965ccfc6d4b" outcome="Passed" testListId="8c84fa94-04c1-424b-9868-57a2d4851a1d" relativeResultsDirectory="9317eeeb-cdb2-4d15-9baf-bf6e19d046c5" />
    <UnitTestResult executionId="eebe27ee-993f-4860-a978-697e9b424a4f" testId="3f3c25ea-5afa-2bf4-3f95-75a350a20d9e" testName="Integration.testModuleWithVariousExprTypes" computerName="hamabot" duration="00:00:00.0010000" startTime="2026-03-25T09:31:43.3953480+09:00" endTime="2026-03-25T09:31:43.3967150+09:00" testType="13cdc9d9-ddb5-4fa4-a97d-d965ccfc6d4b" outcome="Passed" testListId="8c84fa94-04c1-424b-9868-57a2d4851a1d" relativeResultsDirectory="eebe27ee-993f-4860-a978-697e9b424a4f" />
    <UnitTestResult executionId="ea3bd0e2-7333-4e29-b385-3f2765178748" testId="4d2d110d-755e-6084-67f3-4fac563ace2b" testName="GADT.GADT-03: Existential types.existential type used correctly in match branch" computerName="hamabot" duration="00:00:00.0010000" startTime="2026-03-25T09:31:43.2063350+09:00" endTime="2026-03-25T09:31:43.2076850+09:00" testType="13cdc9d9-ddb5-4fa4-a97d-d965ccfc6d4b" outcome="Passed" testListId="8c84fa94-04c1-424b-9868-57a2d4851a1d" relativeResultsDirectory="ea3bd0e2-7333-4e29-b385-3f2765178748" />
    <UnitTestResult executionId="5e755103-71b1-423a-af4b-31c7d0e78951" testId="b4378313-6b0b-2912-70ae-30648cb02e64" testName="IndentFilter.filter.converts NEWLINE to INDENT on deeper" computerName="hamabot" startTime="2026-03-25T09:31:43.8758920+09:00" endTime="2026-03-25T09:31:43.8761500+09:00" testType="13cdc9d9-ddb5-4fa4-a97d-d965ccfc6d4b" outcome="Passed" testListId="8c84fa94-04c1-424b-9868-57a2d4851a1d" relativeResultsDirectory="5e755103-71b1-423a-af4b-31c7d0e78951" />
    <UnitTestResult executionId="feb1a6ae-1aa4-4c20-a140-b6f917a26fec" testId="d4a69936-10eb-5e31-4097-27e4e6494eba" testName="Records.REC-02: Record expressions.create record with all fields" computerName="hamabot" duration="00:00:00.0010000" startTime="2026-03-25T09:31:43.2177560+09:00" endTime="2026-03-25T09:31:43.2196340+09:00" testType="13cdc9d9-ddb5-4fa4-a97d-d965ccfc6d4b" outcome="Passed" testListId="8c84fa94-04c1-424b-9868-57a2d4851a1d" relativeResultsDirectory="feb1a6ae-1aa4-4c20-a140-b6f917a26fec" />
    <UnitTestResult executionId="ec1a5e0c-6775-45cb-a002-2525a8a8fc2d" testId="5263df91-fc26-87ce-e509-f07c3cd91f67" testName="IndentFilter.matchExpressions.testMatchResultIndentation - pattern results indent one level" computerName="hamabot" startTime="2026-03-25T09:31:43.8759610+09:00" endTime="2026-03-25T09:31:43.8766010+09:00" testType="13cdc9d9-ddb5-4fa4-a97d-d965ccfc6d4b" outcome="Passed" testListId="8c84fa94-04c1-424b-9868-57a2d4851a1d" relativeResultsDirectory="ec1a5e0c-6775-45cb-a002-2525a8a8fc2d" />
    <UnitTestResult executionId="c3d22841-5b50-497f-adb8-b848ae808cbf" testId="2313975e-0adc-7821-4064-4a3cd6968e62" testName="Exceptions.EXC-02: raise.raise in if-else branch triggers exception" computerName="hamabot" duration="00:00:00.0070000" startTime="2026-03-25T09:31:43.0375530+09:00" endTime="2026-03-25T09:31:43.0451730+09:00" testType="13cdc9d9-ddb5-4fa4-a97d-d965ccfc6d4b" outcome="Passed" testListId="8c84fa94-04c1-424b-9868-57a2d4851a1d" relativeResultsDirectory="c3d22841-5b50-497f-adb8-b848ae808cbf" />
    <UnitTestResult executionId="c907425f-b2c0-4459-b3a5-7bf9757aeacd" testId="e146dc53-fc65-f91e-7b57-ccea92a02339" testName="Usefulness.wildcard not useful when all constructors covered" computerName="hamabot" startTime="2026-03-25T09:31:43.6310210+09:00" endTime="2026-03-25T09:31:43.6311770+09:00" testType="13cdc9d9-ddb5-4fa4-a97d-d965ccfc6d4b" outcome="Passed" testListId="8c84fa94-04c1-424b-9868-57a2d4851a1d" relativeResultsDirectory="c907425f-b2c0-4459-b3a5-7bf9757aeacd" />
    <UnitTestResult executionId="3f0e6692-cfed-402b-8719-e3b6e8ef77b7" testId="2d749729-f07d-27df-70da-17601f715aa2" testName="Records.REC-02: Record expressions.create record and access field" computerName="hamabot" duration="00:00:00.0010000" startTime="2026-03-25T09:31:43.2177270+09:00" endTime="2026-03-25T09:31:43.2196270+09:00" testType="13cdc9d9-ddb5-4fa4-a97d-d965ccfc6d4b" outcome="Passed" testListId="8c84fa94-04c1-424b-9868-57a2d4851a1d" relativeResultsDirectory="3f0e6692-cfed-402b-8719-e3b6e8ef77b7" />
    <UnitTestResult executionId="e2b198bd-f6b8-4186-9c49-7dec955ffaa5" testId="cf5c2309-bad1-f765-e885-b433c1926e07" testName="Records.REC-06: Structural equality.equal records are equal" computerName="hamabot" duration="00:00:00.0010000" startTime="2026-03-25T09:31:43.2537040+09:00" endTime="2026-03-25T09:31:43.2553280+09:00" testType="13cdc9d9-ddb5-4fa4-a97d-d965ccfc6d4b" outcome="Passed" testListId="8c84fa94-04c1-424b-9868-57a2d4851a1d" relativeResultsDirectory="e2b198bd-f6b8-4186-9c49-7dec955ffaa5" />
    <UnitTestResult executionId="e8bb1187-9ef5-44ca-81bd-ee3e37982691" testId="f8df209d-62af-0001-74e8-54b2f7ec8390" testName="Records.Error cases.missing field in record expression produces error" computerName="hamabot" startTime="2026-03-25T09:31:43.3304120+09:00" endTime="2026-03-25T09:31:43.3349780+09:00" testType="13cdc9d9-ddb5-4fa4-a97d-d965ccfc6d4b" outcome="Passed" testListId="8c84fa94-04c1-424b-9868-57a2d4851a1d" relativeResultsDirectory="e8bb1187-9ef5-44ca-81bd-ee3e37982691" />
    <UnitTestResult executionId="619b6fd7-ba8f-4d4e-a0f7-ec9c6782e1a3" testId="9ee626b9-36ac-4947-8991-f3a335a90283" testName="IndentFilter.Config.defaultConfig has IndentWidth 4" computerName="hamabot" startTime="2026-03-25T09:31:43.7892270+09:00" endTime="2026-03-25T09:31:43.7898030+09:00" testType="13cdc9d9-ddb5-4fa4-a97d-d965ccfc6d4b" outcome="Passed" testListId="8c84fa94-04c1-424b-9868-57a2d4851a1d" relativeResultsDirectory="619b6fd7-ba8f-4d4e-a0f7-ec9c6782e1a3" />
    <UnitTestResult executionId="07912acb-f98b-479f-adf0-811ad6e546cf" testId="00125e4f-848e-8630-4fcf-8b82ed90e852" testName="Exceptions.Edge cases.re-raise when no handler matches" computerName="hamabot" startTime="2026-03-25T09:31:43.1089740+09:00" endTime="2026-03-25T09:31:43.1101670+09:00" testType="13cdc9d9-ddb5-4fa4-a97d-d965ccfc6d4b" outcome="Passed" testListId="8c84fa94-04c1-424b-9868-57a2d4851a1d" relativeResultsDirectory="07912acb-f98b-479f-adf0-811ad6e546cf" />
    <UnitTestResult executionId="4be22df8-ea84-4ca7-b796-9894db6286e8" testId="c7f160f5-6877-6bbd-82d9-483bf3c36b25" testName="IndentFilter.Config.initialState starts with stack [0]" computerName="hamabot" startTime="2026-03-25T09:31:43.7892470+09:00" endTime="2026-03-25T09:31:43.7901630+09:00" testType="13cdc9d9-ddb5-4fa4-a97d-d965ccfc6d4b" outcome="Passed" testListId="8c84fa94-04c1-424b-9868-57a2d4851a1d" relativeResultsDirectory="4be22df8-ea84-4ca7-b796-9894db6286e8" />
    <UnitTestResult executionId="759d16e0-4c29-4eec-b047-1cc487af6200" testId="72b10f51-afae-341c-5762-c086851bd0e2" testName="Records.REC-05: Record patterns.partial record pattern binds only named fields" computerName="hamabot" startTime="2026-03-25T09:31:43.2535920+09:00" endTime="2026-03-25T09:31:43.2541310+09:00" testType="13cdc9d9-ddb5-4fa4-a97d-d965ccfc6d4b" outcome="Passed" testListId="8c84fa94-04c1-424b-9868-57a2d4851a1d" relativeResultsDirectory="759d16e0-4c29-4eec-b047-1cc487af6200" />
    <UnitTestResult executionId="acabccb4-8117-4038-aa67-c8b5be798f75" testId="fd8c8e3f-8a8c-04d3-805a-0a7b9ff63158" testName="Integration.testADTRecursiveTreeConstruction" computerName="hamabot" duration="00:00:00.0010000" startTime="2026-03-25T09:31:43.5881830+09:00" endTime="2026-03-25T09:31:43.5897180+09:00" testType="13cdc9d9-ddb5-4fa4-a97d-d965ccfc6d4b" outcome="Passed" testListId="8c84fa94-04c1-424b-9868-57a2d4851a1d" relativeResultsDirectory="acabccb4-8117-4038-aa67-c8b5be798f75" />
    <UnitTestResult executionId="9285b0bb-3ac7-4224-a75d-eb93b76f2d5a" testId="37ef25b4-441c-01cd-2574-4e05c7bd7d2c" testName="Integration.testParseMutuallyRecursiveADT" computerName="hamabot" startTime="2026-03-25T09:31:43.4531120+09:00" endTime="2026-03-25T09:31:43.4537250+09:00" testType="13cdc9d9-ddb5-4fa4-a97d-d965ccfc6d4b" outcome="Passed" testListId="8c84fa94-04c1-424b-9868-57a2d4851a1d" relativeResultsDirectory="9285b0bb-3ac7-4224-a75d-eb93b76f2d5a" />
    <UnitTestResult executionId="67e93851-67d2-4496-b38c-fb92fb2f3a21" testId="d2b9fc1c-3081-c0f7-791c-49e24f81148c" testName="GADT.GADT-03: Existential types.GADT constructor with existential type variable" computerName="hamabot" startTime="2026-03-25T09:31:43.2063110+09:00" endTime="2026-03-25T09:31:43.2069820+09:00" testType="13cdc9d9-ddb5-4fa4-a97d-d965ccfc6d4b" outcome="Passed" testListId="8c84fa94-04c1-424b-9868-57a2d4851a1d" relativeResultsDirectory="67e93851-67d2-4496-b38c-fb92fb2f3a21" />
    <UnitTestResult executionId="7ff2a241-9c93-4795-8712-f17b3adb0879" testId="606b3788-9313-c28d-3281-3500131729c4" testName="Exceptions.Edge cases.exception in module accessed via open" computerName="hamabot" duration="00:00:00.0040000" startTime="2026-03-25T09:31:43.1062100+09:00" endTime="2026-03-25T09:31:43.1109290+09:00" testType="13cdc9d9-ddb5-4fa4-a97d-d965ccfc6d4b" outcome="Passed" testListId="8c84fa94-04c1-424b-9868-57a2d4851a1d" relativeResultsDirectory="7ff2a241-9c93-4795-8712-f17b3adb0879" />
    <UnitTestResult executionId="1bbc608a-6ae5-4c66-bb23-db1ea233fce6" testId="b4d55163-5adc-52d3-c9ab-5e6dfa7d6f87" testName="Integration.testParseADTWithTypeParam" computerName="hamabot" startTime="2026-03-25T09:31:43.4516550+09:00" endTime="2026-03-25T09:31:43.4532160+09:00" testType="13cdc9d9-ddb5-4fa4-a97d-d965ccfc6d4b" outcome="Passed" testListId="8c84fa94-04c1-424b-9868-57a2d4851a1d" relativeResultsDirectory="1bbc608a-6ae5-4c66-bb23-db1ea233fce6" />
    <UnitTestResult executionId="2d6ff090-7bc6-4399-89bb-1f5474260dd1" testId="2fd28a59-046a-8e1f-260a-5fc115372908" testName="File Import Tests.SC-3: qualified access to same type name in different modules" computerName="hamabot" startTime="2026-03-25T09:31:43.9078580+09:00" endTime="2026-03-25T09:31:43.9081150+09:00" testType="13cdc9d9-ddb5-4fa4-a97d-d965ccfc6d4b" outcome="Passed" testListId="8c84fa94-04c1-424b-9868-57a2d4851a1d" relativeResultsDirectory="2d6ff090-7bc6-4399-89bb-1f5474260dd1" />
    <UnitTestResult executionId="689a7137-cbbc-4782-a1a1-dbca64069292" testId="ef461fd4-344f-9f6d-f79c-4f1236a75960" testName="Integration.testConstructorArityMismatch" computerName="hamabot" duration="00:00:00.0040000" startTime="2026-03-25T09:31:43.4990220+09:00" endTime="2026-03-25T09:31:43.5032030+09:00" testType="13cdc9d9-ddb5-4fa4-a97d-d965ccfc6d4b" outcome="Passed" testListId="8c84fa94-04c1-424b-9868-57a2d4851a1d" relativeResultsDirectory="689a7137-cbbc-4782-a1a1-dbca64069292" />
    <UnitTestResult executionId="3f5a5368-f16a-4751-930f-906833b8a43f" testId="e81e022d-9817-8dc7-f7b4-5fac46212485" testName="Match Compilation (Decision Tree).Nested Patterns.nested wrapper types" computerName="hamabot" duration="00:00:00.0450000" startTime="2026-03-25T09:31:42.9517580+09:00" endTime="2026-03-25T09:31:43.0080590+09:00" testType="13cdc9d9-ddb5-4fa4-a97d-d965ccfc6d4b" outcome="Passed" testListId="8c84fa94-04c1-424b-9868-57a2d4851a1d" relativeResultsDirectory="3f5a5368-f16a-4751-930f-906833b8a43f" />
    <UnitTestResult executionId="e153f9e2-c9d5-44df-98b2-0beecaa34b03" testId="d33faa58-fa81-8680-b377-5ad68bfe3164" testName="Integration.testMatchWithNestedConstructors" computerName="hamabot" duration="00:00:00.0010000" startTime="2026-03-25T09:31:43.4990180+09:00" endTime="2026-03-25T09:31:43.5006920+09:00" testType="13cdc9d9-ddb5-4fa4-a97d-d965ccfc6d4b" outcome="Passed" testListId="8c84fa94-04c1-424b-9868-57a2d4851a1d" relativeResultsDirectory="e153f9e2-c9d5-44df-98b2-0beecaa34b03" />
    <UnitTestResult executionId="e057f17f-254d-423c-ab8e-7f8cac306099" testId="c266fe64-e61d-65b0-2a25-ee81ab9d25b4" testName="Match Compilation (Decision Tree).Nested Patterns.deep nested constructor match" computerName="hamabot" duration="00:00:00.0450000" startTime="2026-03-25T09:31:42.9517390+09:00" endTime="2026-03-25T09:31:43.0010530+09:00" testType="13cdc9d9-ddb5-4fa4-a97d-d965ccfc6d4b" outcome="Passed" testListId="8c84fa94-04c1-424b-9868-57a2d4851a1d" relativeResultsDirectory="e057f17f-254d-423c-ab8e-7f8cac306099" />
    <UnitTestResult executionId="1d8e131e-cae2-4227-9a7d-1d7ecb06bb4f" testId="a823c433-95eb-27bb-b9d7-a1a8c039b2ef" testName="File Import Tests.SC-1 variant: imported binding used in expression" computerName="hamabot" startTime="2026-03-25T09:31:43.9065870+09:00" endTime="2026-03-25T09:31:43.9074150+09:00" testType="13cdc9d9-ddb5-4fa4-a97d-d965ccfc6d4b" outcome="Passed" testListId="8c84fa94-04c1-424b-9868-57a2d4851a1d" relativeResultsDirectory="1d8e131e-cae2-4227-9a7d-1d7ecb06bb4f" />
    <UnitTestResult executionId="261cada8-a5dc-481e-b4e4-d12ec8edd2ac" testId="2f02774e-f1d1-aabc-70ca-c586bb988d65" testName="Integration.testElaborateParametricADT" computerName="hamabot" duration="00:00:00.0010000" startTime="2026-03-25T09:31:43.4989510+09:00" endTime="2026-03-25T09:31:43.5007960+09:00" testType="13cdc9d9-ddb5-4fa4-a97d-d965ccfc6d4b" outcome="Passed" testListId="8c84fa94-04c1-424b-9868-57a2d4851a1d" relativeResultsDirectory="261cada8-a5dc-481e-b4e4-d12ec8edd2ac" />
    <UnitTestResult executionId="ce82e589-b735-4144-a68f-62589237753b" testId="73d39715-0f5d-4d14-fe04-37ce580aed23" testName="Exceptions.Edge cases.exception with tuple data" computerName="hamabot" duration="00:00:00.0010000" startTime="2026-03-25T09:31:43.1078500+09:00" endTime="2026-03-25T09:31:43.1101650+09:00" testType="13cdc9d9-ddb5-4fa4-a97d-d965ccfc6d4b" outcome="Passed" testListId="8c84fa94-04c1-424b-9868-57a2d4851a1d" relativeResultsDirectory="ce82e589-b735-4144-a68f-62589237753b" />
    <UnitTestResult executionId="a9c22200-d9e0-4788-8712-05ee7412afa5" testId="4f2eba9d-dadf-e42a-5d00-ffb9091515d9" testName="Exceptions.EXC-04: Exception pattern matching.wildcard handler catches any exception" computerName="hamabot" startTime="2026-03-25T09:31:43.0823790+09:00" endTime="2026-03-25T09:31:43.0827090+09:00" testType="13cdc9d9-ddb5-4fa4-a97d-d965ccfc6d4b" outcome="Passed" testListId="8c84fa94-04c1-424b-9868-57a2d4851a1d" relativeResultsDirectory="a9c22200-d9e0-4788-8712-05ee7412afa5" />
    <UnitTestResult executionId="3409e8ad-237d-4ab7-9dd9-41339b6c0ae9" testId="e5f62215-360e-3fd8-bd20-9c5317bfc4b5" testName="Exceptions.When guards in match.when guard in match positive" computerName="hamabot" startTime="2026-03-25T09:31:43.0826760+09:00" endTime="2026-03-25T09:31:43.0831090+09:00" testType="13cdc9d9-ddb5-4fa4-a97d-d965ccfc6d4b" outcome="Passed" testListId="8c84fa94-04c1-424b-9868-57a2d4851a1d" relativeResultsDirectory="3409e8ad-237d-4ab7-9dd9-41339b6c0ae9" />
    <UnitTestResult executionId="8b1fed9f-6952-4579-a1be-144b9880bfb3" testId="28a65da3-3173-a47d-321e-b77d55381213" testName="Integration.testEmptyModule" computerName="hamabot" duration="00:00:00.0010000" startTime="2026-03-25T09:31:43.3939780+09:00" endTime="2026-03-25T09:31:43.3957040+09:00" testType="13cdc9d9-ddb5-4fa4-a97d-d965ccfc6d4b" outcome="Passed" testListId="8c84fa94-04c1-424b-9868-57a2d4851a1d" relativeResultsDirectory="8b1fed9f-6952-4579-a1be-144b9880bfb3" />
    <UnitTestResult executionId="90e6c781-d6a2-4c63-9d38-a697b3ea636c" testId="d75e803b-2f60-d07e-1ec8-65ef9269feeb" testName="Integration.testADTFormatValue" computerName="hamabot" duration="00:00:00.0010000" startTime="2026-03-25T09:31:43.5882120+09:00" endTime="2026-03-25T09:31:43.5893460+09:00" testType="13cdc9d9-ddb5-4fa4-a97d-d965ccfc6d4b" outcome="Passed" testListId="8c84fa94-04c1-424b-9868-57a2d4851a1d" relativeResultsDirectory="90e6c781-d6a2-4c63-9d38-a697b3ea636c" />
    <UnitTestResult executionId="6fe2620d-d444-4d55-994f-d6068a437260" testId="ee3f465f-2f2f-1339-5236-7449afe5faa9" testName="Integration.testMultiLineFunctionAppWithComplexArgs" computerName="hamabot" duration="00:00:00.0010000" startTime="2026-03-25T09:31:43.4515830+09:00" endTime="2026-03-25T09:31:43.4532600+09:00" testType="13cdc9d9-ddb5-4fa4-a97d-d965ccfc6d4b" outcome="Passed" testListId="8c84fa94-04c1-424b-9868-57a2d4851a1d" relativeResultsDirectory="6fe2620d-d444-4d55-994f-d6068a437260" />
    <UnitTestResult executionId="71c42d24-244b-4ec9-b4c1-dbe1b9101a2d" testId="8b220533-265d-edbe-9d68-c237f4387ae3" testName="Match Compilation (Decision Tree).Constant Patterns.integer constants with wildcard default" computerName="hamabot" startTime="2026-03-25T09:31:42.9996010+09:00" endTime="2026-03-25T09:31:43.0092380+09:00" testType="13cdc9d9-ddb5-4fa4-a97d-d965ccfc6d4b" outcome="Passed" testListId="8c84fa94-04c1-424b-9868-57a2d4851a1d" relativeResultsDirectory="71c42d24-244b-4ec9-b4c1-dbe1b9101a2d" />
    <UnitTestResult executionId="777b14ad-17c2-47dc-af2b-42f31a4d9207" testId="b6891ced-c148-6810-098c-2411c5006a1a" testName="GADT.Backward compatibility.parametric ADT still works" computerName="hamabot" duration="00:00:00.0010000" startTime="2026-03-25T09:31:43.2176310+09:00" endTime="2026-03-25T09:31:43.2191200+09:00" testType="13cdc9d9-ddb5-4fa4-a97d-d965ccfc6d4b" outcome="Passed" testListId="8c84fa94-04c1-424b-9868-57a2d4851a1d" relativeResultsDirectory="777b14ad-17c2-47dc-af2b-42f31a4d9207" />
    <UnitTestResult executionId="d7ed7af1-0c82-488c-945b-9f5949e2415b" testId="69d134bd-8d51-ed97-618d-97ad1a737a6e" testName="Records.REC-06: Structural equality.not-equal operator on records" computerName="hamabot" duration="00:00:00.0050000" startTime="2026-03-25T09:31:43.3279840+09:00" endTime="2026-03-25T09:31:43.3343480+09:00" testType="13cdc9d9-ddb5-4fa4-a97d-d965ccfc6d4b" outcome="Passed" testListId="8c84fa94-04c1-424b-9868-57a2d4851a1d" relativeResultsDirectory="d7ed7af1-0c82-488c-945b-9f5949e2415b" />
    <UnitTestResult executionId="4432c6cc-ad77-484a-b59c-145967bfafee" testId="0603ca37-04a6-270d-e258-dac60944d511" testName="Integration.debug tokens for simple module" computerName="hamabot" duration="00:00:00.0210000" startTime="2026-03-25T09:31:43.3916600+09:00" endTime="2026-03-25T09:31:43.4145610+09:00" testType="13cdc9d9-ddb5-4fa4-a97d-d965ccfc6d4b" outcome="Passed" testListId="8c84fa94-04c1-424b-9868-57a2d4851a1d" relativeResultsDirectory="4432c6cc-ad77-484a-b59c-145967bfafee" />
    <UnitTestResult executionId="87a9b63f-e90f-47f0-ae16-b97fc0cec6c7" testId="6cca8857-e093-41bb-e4b2-ce64ce14c206" testName="Exhaustiveness.incomplete nested Option - missing Some(Some _)" computerName="hamabot" duration="00:00:00.0010000" startTime="2026-03-25T09:31:43.6898270+09:00" endTime="2026-03-25T09:31:43.6910930+09:00" testType="13cdc9d9-ddb5-4fa4-a97d-d965ccfc6d4b" outcome="Passed" testListId="8c84fa94-04c1-424b-9868-57a2d4851a1d" relativeResultsDirectory="87a9b63f-e90f-47f0-ae16-b97fc0cec6c7" />
    <UnitTestResult executionId="66d7c3c9-de39-4494-bcce-29ed9c84fec8" testId="196d52e1-f9f2-37d6-63f2-815f3acb506e" testName="Modules.SC3: Open directive.open module and use unqualified names" computerName="hamabot" duration="00:00:00.0010000" startTime="2026-03-25T09:31:43.1254080+09:00" endTime="2026-03-25T09:31:43.1264940+09:00" testType="13cdc9d9-ddb5-4fa4-a97d-d965ccfc6d4b" outcome="Passed" testListId="8c84fa94-04c1-424b-9868-57a2d4851a1d" relativeResultsDirectory="66d7c3c9-de39-4494-bcce-29ed9c84fec8" />
    <UnitTestResult executionId="36da3af8-9440-48b7-aeec-fe43dc17c6e8" testId="cc723373-3a6e-c236-9645-a98a2dab152f" testName="Exhaustiveness.incomplete Option - missing None" computerName="hamabot" startTime="2026-03-25T09:31:43.6896050+09:00" endTime="2026-03-25T09:31:43.6903150+09:00" testType="13cdc9d9-ddb5-4fa4-a97d-d965ccfc6d4b" outcome="Passed" testListId="8c84fa94-04c1-424b-9868-57a2d4851a1d" relativeResultsDirectory="36da3af8-9440-48b7-aeec-fe43dc17c6e8" />
    <UnitTestResult executionId="a4d6f26a-ca60-4d3d-ac0e-05ba4455a582" testId="88fd0975-981d-105e-9718-e835488fcc36" testName="PatternFormat.format unary constructor with wildcard" computerName="hamabot" startTime="2026-03-25T09:31:43.7633050+09:00" endTime="2026-03-25T09:31:43.7635600+09:00" testType="13cdc9d9-ddb5-4fa4-a97d-d965ccfc6d4b" outcome="Passed" testListId="8c84fa94-04c1-424b-9868-57a2d4851a1d" relativeResultsDirectory="a4d6f26a-ca60-4d3d-ac0e-05ba4455a582" />
    <UnitTestResult executionId="f0681d5b-80b3-4b82-b69b-1a7c69f86206" testId="6857b53f-a31b-e33c-1bcb-775d8773d46b" testName="Modules.SC5: Forward reference prevents cycles.forward module reference produces E0504" computerName="hamabot" startTime="2026-03-25T09:31:43.1264130+09:00" endTime="2026-03-25T09:31:43.1269720+09:00" testType="13cdc9d9-ddb5-4fa4-a97d-d965ccfc6d4b" outcome="Passed" testListId="8c84fa94-04c1-424b-9868-57a2d4851a1d" relativeResultsDirectory="f0681d5b-80b3-4b82-b69b-1a7c69f86206" />
    <UnitTestResult executionId="b05b51fa-b58c-4a8c-ab1d-cade6b798a29" testId="b57d4eb4-a128-f740-abb4-e84892a48542" testName="Records.REC-05: Record patterns.match on record destructures fields" computerName="hamabot" startTime="2026-03-25T09:31:43.2532810+09:00" endTime="2026-03-25T09:31:43.2540550+09:00" testType="13cdc9d9-ddb5-4fa4-a97d-d965ccfc6d4b" outcome="Passed" testListId="8c84fa94-04c1-424b-9868-57a2d4851a1d" relativeResultsDirectory="b05b51fa-b58c-4a8c-ab1d-cade6b798a29" />
    <UnitTestResult executionId="a1eaeedf-ec8f-451a-98f8-24e8aca26aa9" testId="cec00de7-4fb4-5add-5676-9b5ccfb51968" testName="Exhaustiveness.bool type - all cases covered" computerName="hamabot" startTime="2026-03-25T09:31:43.7631180+09:00" endTime="2026-03-25T09:31:43.7633830+09:00" testType="13cdc9d9-ddb5-4fa4-a97d-d965ccfc6d4b" outcome="Passed" testListId="8c84fa94-04c1-424b-9868-57a2d4851a1d" relativeResultsDirectory="a1eaeedf-ec8f-451a-98f8-24e8aca26aa9" />
    <UnitTestResult executionId="d6538f75-68bb-422c-b7ea-03b2b3442a47" testId="2fb23ad6-9352-7734-9504-6e29164e500d" testName="IndentFilter.elseIndentation.else at deeper column than if does not emit INDENT before ELSE" computerName="hamabot" startTime="2026-03-25T09:31:43.8869850+09:00" endTime="2026-03-25T09:31:43.8879200+09:00" testType="13cdc9d9-ddb5-4fa4-a97d-d965ccfc6d4b" outcome="Passed" testListId="8c84fa94-04c1-424b-9868-57a2d4851a1d" relativeResultsDirectory="d6538f75-68bb-422c-b7ea-03b2b3442a47" />
    <UnitTestResult executionId="cfc4c20a-4b4d-43f0-aec4-a155ad05401c" testId="051f9c41-cb81-9bfb-f00f-394a2bc9820c" testName="SpecializeMatrix.specialize expands wildcard to match arity" computerName="hamabot" duration="00:00:00.0010000" startTime="2026-03-25T09:31:43.7890420+09:00" endTime="2026-03-25T09:31:43.7905570+09:00" testType="13cdc9d9-ddb5-4fa4-a97d-d965ccfc6d4b" outcome="Passed" testListId="8c84fa94-04c1-424b-9868-57a2d4851a1d" relativeResultsDirectory="cfc4c20a-4b4d-43f0-aec4-a155ad05401c" />
    <UnitTestResult executionId="ba221587-3213-4899-96ea-7f30baa4dcbc" testId="c28d978c-23b4-564c-14dc-0a83457c5da6" testName="Integration.testModuleLevelDeclarations" computerName="hamabot" duration="00:00:00.0020000" startTime="2026-03-25T09:31:43.3917090+09:00" endTime="2026-03-25T09:31:43.3956160+09:00" testType="13cdc9d9-ddb5-4fa4-a97d-d965ccfc6d4b" outcome="Passed" testListId="8c84fa94-04c1-424b-9868-57a2d4851a1d" relativeResultsDirectory="ba221587-3213-4899-96ea-7f30baa4dcbc" />
    <UnitTestResult executionId="c097d3cd-7691-4a46-9508-3f3ea9fbda1f" testId="0ddae33f-de83-b630-3222-9381f0509f06" testName="Records.REC-03: Field access.field access on non-existent field produces type error" computerName="hamabot" startTime="2026-03-25T09:31:43.2529890+09:00" endTime="2026-03-25T09:31:43.2539690+09:00" testType="13cdc9d9-ddb5-4fa4-a97d-d965ccfc6d4b" outcome="Passed" testListId="8c84fa94-04c1-424b-9868-57a2d4851a1d" relativeResultsDirectory="c097d3cd-7691-4a46-9508-3f3ea9fbda1f" />
    <UnitTestResult executionId="be3a07c6-8b95-40d8-bf6c-2e71fe91af9b" testId="d8fe0ad0-49bf-f87f-86fe-239037937c0c" testName="Usefulness.constructor useful when not yet covered" computerName="hamabot" duration="00:00:00.0010000" startTime="2026-03-25T09:31:43.6893410+09:00" endTime="2026-03-25T09:31:43.6904170+09:00" testType="13cdc9d9-ddb5-4fa4-a97d-d965ccfc6d4b" outcome="Passed" testListId="8c84fa94-04c1-424b-9868-57a2d4851a1d" relativeResultsDirectory="be3a07c6-8b95-40d8-bf6c-2e71fe91af9b" />
    <UnitTestResult executionId="a88672b9-69b3-4a9c-80bc-ad1b091973a7" testId="713a5cd6-4a05-b48e-d5ac-1a49a3a6aec5" testName="GADT.Backward compatibility.regular ADT still works with type checking" computerName="hamabot" duration="00:00:00.0010000" startTime="2026-03-25T09:31:43.2175900+09:00" endTime="2026-03-25T09:31:43.2191140+09:00" testType="13cdc9d9-ddb5-4fa4-a97d-d965ccfc6d4b" outcome="Passed" testListId="8c84fa94-04c1-424b-9868-57a2d4851a1d" relativeResultsDirectory="a88672b9-69b3-4a9c-80bc-ad1b091973a7" />
    <UnitTestResult executionId="73165fba-0ef4-4d1b-b6c4-067e33812ae7" testId="20888e4c-f53e-5996-3b8b-7aaa15428741" testName="Match Compilation (Decision Tree).When Guards.multiple guard fallthrough" computerName="hamabot" startTime="2026-03-25T09:31:43.0217890+09:00" endTime="2026-03-25T09:31:43.0225160+09:00" testType="13cdc9d9-ddb5-4fa4-a97d-d965ccfc6d4b" outcome="Passed" testListId="8c84fa94-04c1-424b-9868-57a2d4851a1d" relativeResultsDirectory="73165fba-0ef4-4d1b-b6c4-067e33812ae7" />
    <UnitTestResult executionId="60b72634-d125-4bf2-8db3-ce3ed60d4edf" testId="fc2e8bf7-dd89-95c3-d0a9-f167b18db7bd" testName="SYN-01/06/07/08: Parser improvements.local let rec single-param works inside function body" computerName="hamabot" duration="00:00:00.0050000" startTime="2026-03-25T09:31:43.6299250+09:00" endTime="2026-03-25T09:31:43.6356000+09:00" testType="13cdc9d9-ddb5-4fa4-a97d-d965ccfc6d4b" outcome="Passed" testListId="8c84fa94-04c1-424b-9868-57a2d4851a1d" relativeResultsDirectory="60b72634-d125-4bf2-8db3-ce3ed60d4edf" />
    <UnitTestResult executionId="5ce1fe89-958f-41b2-80f1-416a555ec40f" testId="c97216e7-ff2f-1222-defb-b0ef229d4ec3" testName="Integration.testADTRecursiveTreeEval" computerName="hamabot" duration="00:00:00.0020000" startTime="2026-03-25T09:31:43.5881960+09:00" endTime="2026-03-25T09:31:43.5904770+09:00" testType="13cdc9d9-ddb5-4fa4-a97d-d965ccfc6d4b" outcome="Passed" testListId="8c84fa94-04c1-424b-9868-57a2d4851a1d" relativeResultsDirectory="5ce1fe89-958f-41b2-80f1-416a555ec40f" />
    <UnitTestResult executionId="66aad03d-ee78-44a9-ba6b-166b63f8ef6e" testId="699f9d1d-4670-fcf2-4e17-c75dd1b67e0c" testName="Integration.debug tokens for testModuleLevelWithIndentedBodies" computerName="hamabot" duration="00:00:00.0390000" startTime="2026-03-25T09:31:43.3916820+09:00" endTime="2026-03-25T09:31:43.4317590+09:00" testType="13cdc9d9-ddb5-4fa4-a97d-d965ccfc6d4b" outcome="Passed" testListId="8c84fa94-04c1-424b-9868-57a2d4851a1d" relativeResultsDirectory="66aad03d-ee78-44a9-ba6b-166b63f8ef6e" />
    <UnitTestResult executionId="9007f893-7e49-41c5-94f3-7df84ea78423" testId="e1dc1e02-b36f-bad2-ad6f-01bc16aa33f9" testName="Integration.testADTPatternMatchingNullary" computerName="hamabot" startTime="2026-03-25T09:31:43.5002020+09:00" endTime="2026-03-25T09:31:43.5007460+09:00" testType="13cdc9d9-ddb5-4fa4-a97d-d965ccfc6d4b" outcome="Passed" testListId="8c84fa94-04c1-424b-9868-57a2d4851a1d" relativeResultsDirectory="9007f893-7e49-41c5-94f3-7df84ea78423" />
    <UnitTestResult executionId="268e9086-6069-4f82-856b-3e0f4b4ab7bc" testId="4b6163f8-d2b4-a6a6-6ffb-c0c5ad07caf6" testName="File Import Tests.SC-1: basic file import — imported bindings accessible" computerName="hamabot" duration="00:00:00.0040000" startTime="2026-03-25T09:31:43.9015910+09:00" endTime="2026-03-25T09:31:43.9065090+09:00" testType="13cdc9d9-ddb5-4fa4-a97d-d965ccfc6d4b" outcome="Passed" testListId="8c84fa94-04c1-424b-9868-57a2d4851a1d" relativeResultsDirectory="268e9086-6069-4f82-856b-3e0f4b4ab7bc" />
    <UnitTestResult executionId="18ac39db-98fb-4229-a124-19ac0285a8cf" testId="bae1342b-b818-4204-916e-8797a1aa5aa6" testName="Records.Error cases.field access on non-record produces error" computerName="hamabot" duration="00:00:00.0030000" startTime="2026-03-25T09:31:43.3308670+09:00" endTime="2026-03-25T09:31:43.3349880+09:00" testType="13cdc9d9-ddb5-4fa4-a97d-d965ccfc6d4b" outcome="Passed" testListId="8c84fa94-04c1-424b-9868-57a2d4851a1d" relativeResultsDirectory="18ac39db-98fb-4229-a124-19ac0285a8cf" />
    <UnitTestResult executionId="64f4481b-ab00-486e-88b4-e37f8503e87f" testId="1498a87b-0262-6fce-7f8c-1ff64306022c" testName="IndentFilter.filter.passes through non-NEWLINE tokens" computerName="hamabot" startTime="2026-03-25T09:31:43.8758750+09:00" endTime="2026-03-25T09:31:43.8762200+09:00" testType="13cdc9d9-ddb5-4fa4-a97d-d965ccfc6d4b" outcome="Passed" testListId="8c84fa94-04c1-424b-9868-57a2d4851a1d" relativeResultsDirectory="64f4481b-ab00-486e-88b4-e37f8503e87f" />
    <UnitTestResult executionId="2417638c-a923-48a4-8b1a-95eaf440a4fb" testId="250a072f-fab8-c8cb-f2ec-6a102345f411" testName="GADT.GADT-05: Cross-type polymorphic return (eval : 'a Expr -&gt; 'a).cross-type eval with IntLit returns int value 42" computerName="hamabot" duration="00:00:00.0010000" startTime="2026-03-25T09:31:43.2064200+09:00" endTime="2026-03-25T09:31:43.2083280+09:00" testType="13cdc9d9-ddb5-4fa4-a97d-d965ccfc6d4b" outcome="Passed" testListId="8c84fa94-04c1-424b-9868-57a2d4851a1d" relativeResultsDirectory="2417638c-a923-48a4-8b1a-95eaf440a4fb" />
    <UnitTestResult executionId="a6250af8-72a0-4b69-8002-c9c6a7289270" testId="0d7d16dd-7dff-9b9e-15fb-8de0f38fdcab" testName="GADT.GADT exhaustiveness.no false exhaustiveness warning for impossible GADT branches" computerName="hamabot" startTime="2026-03-25T09:31:43.2064390+09:00" endTime="2026-03-25T09:31:43.2070170+09:00" testType="13cdc9d9-ddb5-4fa4-a97d-d965ccfc6d4b" outcome="Passed" testListId="8c84fa94-04c1-424b-9868-57a2d4851a1d" relativeResultsDirectory="a6250af8-72a0-4b69-8002-c9c6a7289270" />
    <UnitTestResult executionId="0aba1274-bc2f-45de-9c1a-f42445e16252" testId="8be671da-66a4-7253-d932-9f63a1ea7284" testName="SpecializeMatrix.specialize multi-arg constructor" computerName="hamabot" duration="00:00:00.0010000" startTime="2026-03-25T09:31:43.7892470+09:00" endTime="2026-03-25T09:31:43.7905700+09:00" testType="13cdc9d9-ddb5-4fa4-a97d-d965ccfc6d4b" outcome="Passed" testListId="8c84fa94-04c1-424b-9868-57a2d4851a1d" relativeResultsDirectory="0aba1274-bc2f-45de-9c1a-f42445e16252" />
    <UnitTestResult executionId="82ae171c-c0ca-439f-ba6d-406d39d47eac" testId="4edbf029-768b-667d-61e0-d307d57b5f1d" testName="Records.REC-07: Mutable fields.mutable field assignment and read" computerName="hamabot" duration="00:00:00.0050000" startTime="2026-03-25T09:31:43.3279820+09:00" endTime="2026-03-25T09:31:43.3349350+09:00" testType="13cdc9d9-ddb5-4fa4-a97d-d965ccfc6d4b" outcome="Passed" testListId="8c84fa94-04c1-424b-9868-57a2d4851a1d" relativeResultsDirectory="82ae171c-c0ca-439f-ba6d-406d39d47eac" />
    <UnitTestResult executionId="dcffd25f-d20f-4f0d-9898-0c3404fc2bf7" testId="cc324cae-6188-a919-243c-4ad5bf148bfb" testName="GADT.GADT-04: Polymorphic GADT match.GADT match result type is inferred from single branch body" computerName="hamabot" startTime="2026-03-25T09:31:43.2063470+09:00" endTime="2026-03-25T09:31:43.2068170+09:00" testType="13cdc9d9-ddb5-4fa4-a97d-d965ccfc6d4b" outcome="Passed" testListId="8c84fa94-04c1-424b-9868-57a2d4851a1d" relativeResultsDirectory="dcffd25f-d20f-4f0d-9898-0c3404fc2bf7" />
    <UnitTestResult executionId="5b879bf6-0066-4998-88ce-0bc424cd8930" testId="0df25194-6be4-83db-e4aa-6061c749a26e" testName="Records.REC-06: Structural equality.different records are not equal" computerName="hamabot" duration="00:00:00.0010000" startTime="2026-03-25T09:31:43.2538550+09:00" endTime="2026-03-25T09:31:43.2553320+09:00" testType="13cdc9d9-ddb5-4fa4-a97d-d965ccfc6d4b" outcome="Passed" testListId="8c84fa94-04c1-424b-9868-57a2d4851a1d" relativeResultsDirectory="5b879bf6-0066-4998-88ce-0bc424cd8930" />
    <UnitTestResult executionId="296cfc62-b681-4104-95de-2b5b1af6cee0" testId="161ba736-ed8e-a346-9a07-71b62ed350df" testName="Modules.Record field access regression.record field access still works with module system" computerName="hamabot" startTime="2026-03-25T09:31:43.1369660+09:00" endTime="2026-03-25T09:31:43.1374830+09:00" testType="13cdc9d9-ddb5-4fa4-a97d-d965ccfc6d4b" outcome="Passed" testListId="8c84fa94-04c1-424b-9868-57a2d4851a1d" relativeResultsDirectory="296cfc62-b681-4104-95de-2b5b1af6cee0" />
    <UnitTestResult executionId="fea39341-2196-45f6-a5ee-a2933f97a547" testId="d68a4dd1-f1ce-cac3-dbfb-f286b5154cc7" testName="Exceptions.EXC-04: Exception pattern matching.nested try-with inner catches" computerName="hamabot" startTime="2026-03-25T09:31:43.0823880+09:00" endTime="2026-03-25T09:31:43.0827220+09:00" testType="13cdc9d9-ddb5-4fa4-a97d-d965ccfc6d4b" outcome="Passed" testListId="8c84fa94-04c1-424b-9868-57a2d4851a1d" relativeResultsDirectory="fea39341-2196-45f6-a5ee-a2933f97a547" />
    <UnitTestResult executionId="7c220efa-d779-49fc-8708-cbfacc074927" testId="eeea6a57-ad0a-2fc9-22fa-50fd43705a0d" testName="SYN-01/06/07/08: Parser improvements.local let rec actually recurses correctly inside lambda" computerName="hamabot" duration="00:00:00.0050000" startTime="2026-03-25T09:31:43.6299480+09:00" endTime="2026-03-25T09:31:43.6357100+09:00" testType="13cdc9d9-ddb5-4fa4-a97d-d965ccfc6d4b" outcome="Passed" testListId="8c84fa94-04c1-424b-9868-57a2d4851a1d" relativeResultsDirectory="7c220efa-d779-49fc-8708-cbfacc074927" />
    <UnitTestResult executionId="e9fa2e7a-7813-484f-a3df-70850c0b3760" testId="4dd39078-c161-1acf-5fbb-59dffdc2a43b" testName="Exhaustiveness.tree type - Leaf and Node exhaustive" computerName="hamabot" startTime="2026-03-25T09:31:43.6899310+09:00" endTime="2026-03-25T09:31:43.6907640+09:00" testType="13cdc9d9-ddb5-4fa4-a97d-d965ccfc6d4b" outcome="Passed" testListId="8c84fa94-04c1-424b-9868-57a2d4851a1d" relativeResultsDirectory="e9fa2e7a-7813-484f-a3df-70850c0b3760" />
    <UnitTestResult executionId="52bcedba-6396-4899-909c-ab4c3f962c57" testId="3e66156c-85c2-56f1-9dd9-b52e3cc34cea" testName="Exceptions.When guards in match.when guard in match zero" computerName="hamabot" startTime="2026-03-25T09:31:43.1057080+09:00" endTime="2026-03-25T09:31:43.1101620+09:00" testType="13cdc9d9-ddb5-4fa4-a97d-d965ccfc6d4b" outcome="Passed" testListId="8c84fa94-04c1-424b-9868-57a2d4851a1d" relativeResultsDirectory="52bcedba-6396-4899-909c-ab4c3f962c57" />
    <UnitTestResult executionId="94db0598-9391-4423-95f4-1f9668a11969" testId="f8c0b0b3-9752-7623-41ed-9862f0a75186" testName="Exceptions.EXC-03: try-with.try-with no exception returns body value" computerName="hamabot" startTime="2026-03-25T09:31:43.0430440+09:00" endTime="2026-03-25T09:31:43.0441600+09:00" testType="13cdc9d9-ddb5-4fa4-a97d-d965ccfc6d4b" outcome="Passed" testListId="8c84fa94-04c1-424b-9868-57a2d4851a1d" relativeResultsDirectory="94db0598-9391-4423-95f4-1f9668a11969" />
    <UnitTestResult executionId="5c4146fe-077b-4d5b-a7ae-fbf755601994" testId="79cee0d4-7cb7-75f3-a17f-f076c9b2b2c5" testName="Match Compilation (Decision Tree).Tuple Patterns.tuple with wildcards" computerName="hamabot" startTime="2026-03-25T09:31:42.9996010+09:00" endTime="2026-03-25T09:31:43.0092380+09:00" testType="13cdc9d9-ddb5-4fa4-a97d-d965ccfc6d4b" outcome="Passed" testListId="8c84fa94-04c1-424b-9868-57a2d4851a1d" relativeResultsDirectory="5c4146fe-077b-4d5b-a7ae-fbf755601994" />
    <UnitTestResult executionId="95061b31-73ec-4b0c-902f-21a173c391dd" testId="fba119e2-6f3e-9ec0-78e6-c939d3c9eec4" testName="Exceptions.EXC-04: Exception pattern matching.multiple exception handlers second matches" computerName="hamabot" startTime="2026-03-25T09:31:43.0823470+09:00" endTime="2026-03-25T09:31:43.0828210+09:00" testType="13cdc9d9-ddb5-4fa4-a97d-d965ccfc6d4b" outcome="Passed" testListId="8c84fa94-04c1-424b-9868-57a2d4851a1d" relativeResultsDirectory="95061b31-73ec-4b0c-902f-21a173c391dd" />
    <UnitTestResult executionId="e55b2aa4-14d5-46a0-bf5b-98733e9549e5" testId="a8ec5d3c-c55c-b2ee-6795-65127f346b9e" testName="Integration.let with dedent back to column 0" computerName="hamabot" duration="00:00:00.0030000" startTime="2026-03-25T09:31:43.3916330+09:00" endTime="2026-03-25T09:31:43.3956960+09:00" testType="13cdc9d9-ddb5-4fa4-a97d-d965ccfc6d4b" outcome="Passed" testListId="8c84fa94-04c1-424b-9868-57a2d4851a1d" relativeResultsDirectory="e55b2aa4-14d5-46a0-bf5b-98733e9549e5" />
    <UnitTestResult executionId="0b792e86-23b8-446c-863a-9a1118e169c2" testId="8ca1dd5f-01f4-86fe-4cde-ebb32144201a" testName="Exceptions.EXC-05: when guards.when guard falls through to wildcard" computerName="hamabot" startTime="2026-03-25T09:31:43.0824830+09:00" endTime="2026-03-25T09:31:43.0831380+09:00" testType="13cdc9d9-ddb5-4fa4-a97d-d965ccfc6d4b" outcome="Passed" testListId="8c84fa94-04c1-424b-9868-57a2d4851a1d" relativeResultsDirectory="0b792e86-23b8-446c-863a-9a1118e169c2" />
    <UnitTestResult executionId="08f98d27-1575-428f-9a2d-8f5851823ac3" testId="e941a622-e246-4111-a110-18126e416792" testName="GADT.GADT exhaustiveness.no warning when all possible GADT constructors covered" computerName="hamabot" startTime="2026-03-25T09:31:43.2175480+09:00" endTime="2026-03-25T09:31:43.2184710+09:00" testType="13cdc9d9-ddb5-4fa4-a97d-d965ccfc6d4b" outcome="Passed" testListId="8c84fa94-04c1-424b-9868-57a2d4851a1d" relativeResultsDirectory="08f98d27-1575-428f-9a2d-8f5851823ac3" />
    <UnitTestResult executionId="89dd2bd1-9827-4bb8-8dbf-3462caa30f09" testId="1037a4e3-6e2d-e822-cf12-c56defe26e60" testName="Modules.SC5: Forward reference prevents cycles.forward reference in nested module produces E0504" computerName="hamabot" startTime="2026-03-25T09:31:43.1264320+09:00" endTime="2026-03-25T09:31:43.1275600+09:00" testType="13cdc9d9-ddb5-4fa4-a97d-d965ccfc6d4b" outcome="Passed" testListId="8c84fa94-04c1-424b-9868-57a2d4851a1d" relativeResultsDirectory="89dd2bd1-9827-4bb8-8dbf-3462caa30f09" />
    <UnitTestResult executionId="09950b40-907e-430b-ba71-3fcc8a53db50" testId="136d7bfe-c001-e35a-c99f-5e34fba97bdd" testName="Match Compilation (Decision Tree).PMATCH-01: ADT Constructor Patterns.multi-constructor Color match" computerName="hamabot" duration="00:00:00.0450000" startTime="2026-03-25T09:31:42.9517300+09:00" endTime="2026-03-25T09:31:43.0010710+09:00" testType="13cdc9d9-ddb5-4fa4-a97d-d965ccfc6d4b" outcome="Passed" testListId="8c84fa94-04c1-424b-9868-57a2d4851a1d" relativeResultsDirectory="09950b40-907e-430b-ba71-3fcc8a53db50" />
    <UnitTestResult executionId="eca2d7ac-eb32-43a7-981d-bdb42c6de26b" testId="936ab289-1d8d-be75-8c2c-d3b18a06f4e7" testName="IndentFilter.filter.emits DEDENT at end for open indents" computerName="hamabot" startTime="2026-03-25T09:31:43.8758990+09:00" endTime="2026-03-25T09:31:43.8764550+09:00" testType="13cdc9d9-ddb5-4fa4-a97d-d965ccfc6d4b" outcome="Passed" testListId="8c84fa94-04c1-424b-9868-57a2d4851a1d" relativeResultsDirectory="eca2d7ac-eb32-43a7-981d-bdb42c6de26b" />
    <UnitTestResult executionId="faa1bbfc-ec29-42b9-95f7-5c5c00ba90f0" testId="68b6f011-841d-446e-cec6-8bd47b56a048" testName="IndentFilter.errorMessages.testIndentErrorMessage - error message includes line, column, and expected levels" computerName="hamabot" duration="00:00:00.0010000" startTime="2026-03-25T09:31:43.8761480+09:00" endTime="2026-03-25T09:31:43.8776050+09:00" testType="13cdc9d9-ddb5-4fa4-a97d-d965ccfc6d4b" outcome="Passed" testListId="8c84fa94-04c1-424b-9868-57a2d4851a1d" relativeResultsDirectory="faa1bbfc-ec29-42b9-95f7-5c5c00ba90f0" />
    <UnitTestResult executionId="a06ded8b-b5bb-461a-a5b9-9c2fac9888cd" testId="f730687f-e914-b685-213f-51ea242c1722" testName="IndentFilter.elseIndentation.DEDENT is preserved before ELSE when THEN block was indented" computerName="hamabot" startTime="2026-03-25T09:31:43.8869920+09:00" endTime="2026-03-25T09:31:43.8879840+09:00" testType="13cdc9d9-ddb5-4fa4-a97d-d965ccfc6d4b" outcome="Passed" testListId="8c84fa94-04c1-424b-9868-57a2d4851a1d" relativeResultsDirectory="a06ded8b-b5bb-461a-a5b9-9c2fac9888cd" />
    <UnitTestResult executionId="5bf5c8b5-f30d-4cb3-a7ab-8a5794a35e49" testId="9d28621f-9d1c-7e34-737f-05eed4a29f1e" testName="PatternFormat.format nested constructor" computerName="hamabot" startTime="2026-03-25T09:31:43.7887850+09:00" endTime="2026-03-25T09:31:43.7889230+09:00" testType="13cdc9d9-ddb5-4fa4-a97d-d965ccfc6d4b" outcome="Passed" testListId="8c84fa94-04c1-424b-9868-57a2d4851a1d" relativeResultsDirectory="5bf5c8b5-f30d-4cb3-a7ab-8a5794a35e49" />
    <UnitTestResult executionId="38965905-691d-498c-8cd9-f5e51908efd4" testId="a29768cb-bfd5-40a3-4f85-040e9a1e1d8c" testName="Exceptions.EXC-03: try-with.basic try-with catches exception" computerName="hamabot" duration="00:00:00.0070000" startTime="2026-03-25T09:31:43.0375680+09:00" endTime="2026-03-25T09:31:43.0447900+09:00" testType="13cdc9d9-ddb5-4fa4-a97d-d965ccfc6d4b" outcome="Passed" testListId="8c84fa94-04c1-424b-9868-57a2d4851a1d" relativeResultsDirectory="38965905-691d-498c-8cd9-f5e51908efd4" />
    <UnitTestResult executionId="9898a8a9-fa09-4c10-a423-9b4576c0dd6f" testId="06295449-cb4a-b5e2-1cd4-8aff182d5269" testName="IndentFilter.processNewline.invalid indent throws error" computerName="hamabot" duration="00:00:00.0010000" startTime="2026-03-25T09:31:43.8758680+09:00" endTime="2026-03-25T09:31:43.8774340+09:00" testType="13cdc9d9-ddb5-4fa4-a97d-d965ccfc6d4b" outcome="Passed" testListId="8c84fa94-04c1-424b-9868-57a2d4851a1d" relativeResultsDirectory="9898a8a9-fa09-4c10-a423-9b4576c0dd6f" />
    <UnitTestResult executionId="ca7cf689-4334-4c7f-a810-6183debe1790" testId="c00592da-4cf2-24d2-d4e2-8309e244e1ec" testName="Exceptions.When guards in match.when guard with list pattern negative head" computerName="hamabot" duration="00:00:00.0030000" startTime="2026-03-25T09:31:43.1055870+09:00" endTime="2026-03-25T09:31:43.1101600+09:00" testType="13cdc9d9-ddb5-4fa4-a97d-d965ccfc6d4b" outcome="Passed" testListId="8c84fa94-04c1-424b-9868-57a2d4851a1d" relativeResultsDirectory="ca7cf689-4334-4c7f-a810-6183debe1790" />
    <UnitTestResult executionId="26855e43-29e3-4cf1-b28d-9e050e5ef19d" testId="842ac101-9ef5-15e7-4d5d-41e9a1ade5e2" testName="Modules.SC1: Top-level module/namespace.top-level module declaration" computerName="hamabot" startTime="2026-03-25T09:31:43.1094270+09:00" endTime="2026-03-25T09:31:43.1101660+09:00" testType="13cdc9d9-ddb5-4fa4-a97d-d965ccfc6d4b" outcome="Passed" testListId="8c84fa94-04c1-424b-9868-57a2d4851a1d" relativeResultsDirectory="26855e43-29e3-4cf1-b28d-9e050e5ef19d" />
    <UnitTestResult executionId="354d6c28-b5fb-4fef-9ce2-e7888e493e4f" testId="bfe72d9c-6157-ced8-dfd1-8328598e267d" testName="Match Compilation (Decision Tree).PMATCH-01: ADT Constructor Patterns.simple Option match - Some" computerName="hamabot" duration="00:00:00.0450000" startTime="2026-03-25T09:31:42.9517280+09:00" endTime="2026-03-25T09:31:43.0010570+09:00" testType="13cdc9d9-ddb5-4fa4-a97d-d965ccfc6d4b" outcome="Passed" testListId="8c84fa94-04c1-424b-9868-57a2d4851a1d" relativeResultsDirectory="354d6c28-b5fb-4fef-9ce2-e7888e493e4f" />
    <UnitTestResult executionId="4646695a-c1c5-4a80-99d0-2d45ea5fdd35" testId="dacdfc51-bf03-3dfa-1a00-585ac659a2b6" testName="IndentFilter.matchExpressions.testNestedMatch - nested match expressions with different base columns" computerName="hamabot" startTime="2026-03-25T09:31:43.8759200+09:00" endTime="2026-03-25T09:31:43.8767610+09:00" testType="13cdc9d9-ddb5-4fa4-a97d-d965ccfc6d4b" outcome="Passed" testListId="8c84fa94-04c1-424b-9868-57a2d4851a1d" relativeResultsDirectory="4646695a-c1c5-4a80-99d0-2d45ea5fdd35" />
    <UnitTestResult executionId="6d700649-4c2f-4086-8e31-0d95dc7f79bd" testId="8e1215dc-0533-e2a6-cdf7-604e17f86a35" testName="Exceptions.EXC-03: try-with.try-with with data extraction" computerName="hamabot" duration="00:00:00.0070000" startTime="2026-03-25T09:31:43.0375980+09:00" endTime="2026-03-25T09:31:43.0448150+09:00" testType="13cdc9d9-ddb5-4fa4-a97d-d965ccfc6d4b" outcome="Passed" testListId="8c84fa94-04c1-424b-9868-57a2d4851a1d" relativeResultsDirectory="6d700649-4c2f-4086-8e31-0d95dc7f79bd" />
    <UnitTestResult executionId="f04cf17f-dab3-402c-a47a-17a95769037e" testId="06613720-51ef-d242-7286-25a51b29a23b" testName="Match Compilation (Decision Tree).When Guards.guard with fallthrough" computerName="hamabot" startTime="2026-03-25T09:31:43.0217810+09:00" endTime="2026-03-25T09:31:43.0223910+09:00" testType="13cdc9d9-ddb5-4fa4-a97d-d965ccfc6d4b" outcome="Passed" testListId="8c84fa94-04c1-424b-9868-57a2d4851a1d" relativeResultsDirectory="f04cf17f-dab3-402c-a47a-17a95769037e" />
    <UnitTestResult executionId="8a51faf3-3d0d-4c1c-a514-5230320ba7a7" testId="417a7aec-f09c-66ce-e754-8ba0e11d2d25" testName="GADT.GADT-01: GADT declarations.type check GADT declaration succeeds" computerName="hamabot" duration="00:00:00.0040000" startTime="2026-03-25T09:31:43.1370210+09:00" endTime="2026-03-25T09:31:43.1410300+09:00" testType="13cdc9d9-ddb5-4fa4-a97d-d965ccfc6d4b" outcome="Passed" testListId="8c84fa94-04c1-424b-9868-57a2d4851a1d" relativeResultsDirectory="8a51faf3-3d0d-4c1c-a514-5230320ba7a7" />
    <UnitTestResult executionId="dccec863-75fd-4095-b79c-ead0cf92a750" testId="62ce3c3d-8fb7-d625-14af-cec9bea0fcae" testName="Records.Error cases.wrong field name in record expression produces error" computerName="hamabot" startTime="2026-03-25T09:31:43.3280860+09:00" endTime="2026-03-25T09:31:43.3345970+09:00" testType="13cdc9d9-ddb5-4fa4-a97d-d965ccfc6d4b" outcome="Passed" testListId="8c84fa94-04c1-424b-9868-57a2d4851a1d" relativeResultsDirectory="dccec863-75fd-4095-b79c-ead0cf92a750" />
    <UnitTestResult executionId="57feb45f-fb47-4933-967e-b49dee2bd77f" testId="eda2bb23-701e-8362-e955-7b8ee4e49639" testName="Modules.SC4: Qualified access.qualified access with function application" computerName="hamabot" duration="00:00:00.0030000" startTime="2026-03-25T09:31:43.1264080+09:00" endTime="2026-03-25T09:31:43.1299850+09:00" testType="13cdc9d9-ddb5-4fa4-a97d-d965ccfc6d4b" outcome="Passed" testListId="8c84fa94-04c1-424b-9868-57a2d4851a1d" relativeResultsDirectory="57feb45f-fb47-4933-967e-b49dee2bd77f" />
    <UnitTestResult executionId="24bc47e6-7291-4cc9-8b02-c30a3c722953" testId="d8a09f01-6b4e-7c08-cd12-ea1397425bf2" testName="Redundancy.no redundancy in complete pattern" computerName="hamabot" startTime="2026-03-25T09:31:43.7631510+09:00" endTime="2026-03-25T09:31:43.7635900+09:00" testType="13cdc9d9-ddb5-4fa4-a97d-d965ccfc6d4b" outcome="Passed" testListId="8c84fa94-04c1-424b-9868-57a2d4851a1d" relativeResultsDirectory="24bc47e6-7291-4cc9-8b02-c30a3c722953" />
    <UnitTestResult executionId="9d09da85-6041-44ad-ba09-3cf9440c6e3e" testId="c2a85f3f-5abd-78a3-4d33-a2335ed1577c" testName="Modules.SC2: Nested modules.multiple nested modules" computerName="hamabot" duration="00:00:00.0040000" startTime="2026-03-25T09:31:43.1253610+09:00" endTime="2026-03-25T09:31:43.1300850+09:00" testType="13cdc9d9-ddb5-4fa4-a97d-d965ccfc6d4b" outcome="Passed" testListId="8c84fa94-04c1-424b-9868-57a2d4851a1d" relativeResultsDirectory="9d09da85-6041-44ad-ba09-3cf9440c6e3e" />
    <UnitTestResult executionId="cb96ae88-0dad-40df-ab6a-f0ec854f7019" testId="5b34417b-8dcb-d786-e894-584502c1ae67" testName="PatternFormat.format nullary constructor" computerName="hamabot" startTime="2026-03-25T09:31:43.7632380+09:00" endTime="2026-03-25T09:31:43.7635270+09:00" testType="13cdc9d9-ddb5-4fa4-a97d-d965ccfc6d4b" outcome="Passed" testListId="8c84fa94-04c1-424b-9868-57a2d4851a1d" relativeResultsDirectory="cb96ae88-0dad-40df-ab6a-f0ec854f7019" />
    <UnitTestResult executionId="775e1a3d-8ea1-46a3-b8b0-03321198c505" testId="4ed57ee4-ae76-007d-665d-4969eb9f1fe7" testName="Exceptions.EXC-01: Exception declarations.exception with tuple data" computerName="hamabot" startTime="2026-03-25T09:31:43.0374390+09:00" endTime="2026-03-25T09:31:43.0375990+09:00" testType="13cdc9d9-ddb5-4fa4-a97d-d965ccfc6d4b" outcome="Passed" testListId="8c84fa94-04c1-424b-9868-57a2d4851a1d" relativeResultsDirectory="775e1a3d-8ea1-46a3-b8b0-03321198c505" />
    <UnitTestResult executionId="79760622-ce20-4183-8a0a-ed436b92b14e" testId="7c9ea622-efda-bcbc-81cd-c648465f061d" testName="GADT.GADT-02: Type refinement.GADT match with annotation refines types in branches" computerName="hamabot" duration="00:00:00.0060000" startTime="2026-03-25T09:31:43.1370500+09:00" endTime="2026-03-25T09:31:43.1438500+09:00" testType="13cdc9d9-ddb5-4fa4-a97d-d965ccfc6d4b" outcome="Passed" testListId="8c84fa94-04c1-424b-9868-57a2d4851a1d" relativeResultsDirectory="79760622-ce20-4183-8a0a-ed436b92b14e" />
    <UnitTestResult executionId="0d39f116-73e8-4155-ac66-ab70155c8fd7" testId="c2ec5a4a-2602-88e4-5f26-396dffda3b97" testName="Exhaustiveness.single wildcard is exhaustive" computerName="hamabot" startTime="2026-03-25T09:31:43.6899190+09:00" endTime="2026-03-25T09:31:43.6905810+09:00" testType="13cdc9d9-ddb5-4fa4-a97d-d965ccfc6d4b" outcome="Passed" testListId="8c84fa94-04c1-424b-9868-57a2d4851a1d" relativeResultsDirectory="0d39f116-73e8-4155-ac66-ab70155c8fd7" />
    <UnitTestResult executionId="ee2a33ab-9e82-48d1-8fb7-1e93e1e9d6a9" testId="fc14d8df-a021-3cfa-8f96-faae349e97fc" testName="Exceptions.EXC-01: Exception declarations.exception with data" computerName="hamabot" startTime="2026-03-25T09:31:43.0223380+09:00" endTime="2026-03-25T09:31:43.0226890+09:00" testType="13cdc9d9-ddb5-4fa4-a97d-d965ccfc6d4b" outcome="Passed" testListId="8c84fa94-04c1-424b-9868-57a2d4851a1d" relativeResultsDirectory="ee2a33ab-9e82-48d1-8fb7-1e93e1e9d6a9" />
    <UnitTestResult executionId="8f48cb82-26bb-4565-8a1d-ad6a052d31c9" testId="0e9889b7-f8e9-1e4f-6613-4be0a979bf10" testName="Integration.testElaborateRecursiveADT" computerName="hamabot" duration="00:00:00.0020000" startTime="2026-03-25T09:31:43.4989680+09:00" endTime="2026-03-25T09:31:43.5011870+09:00" testType="13cdc9d9-ddb5-4fa4-a97d-d965ccfc6d4b" outcome="Passed" testListId="8c84fa94-04c1-424b-9868-57a2d4851a1d" relativeResultsDirectory="8f48cb82-26bb-4565-8a1d-ad6a052d31c9" />
    <UnitTestResult executionId="0fafd2c7-9ab4-4295-b0d6-ffa0661cf3b7" testId="a21821f9-83b9-c4b3-de31-d444cfb55315" testName="Exceptions.EXC-02: raise.raise in if-else branch no exception" computerName="hamabot" duration="00:00:00.0070000" startTime="2026-03-25T09:31:43.0375290+09:00" endTime="2026-03-25T09:31:43.0451650+09:00" testType="13cdc9d9-ddb5-4fa4-a97d-d965ccfc6d4b" outcome="Passed" testListId="8c84fa94-04c1-424b-9868-57a2d4851a1d" relativeResultsDirectory="0fafd2c7-9ab4-4295-b0d6-ffa0661cf3b7" />
    <UnitTestResult executionId="2566e61c-3338-4bf1-a961-90a6aea719e1" testId="e7c00207-7f3f-a191-3e2a-b3d36fab5217" testName="GADT.GADT-04: Polymorphic GADT match.GADT match without annotation does not produce E0401" computerName="hamabot" startTime="2026-03-25T09:31:43.2063960+09:00" endTime="2026-03-25T09:31:43.2069870+09:00" testType="13cdc9d9-ddb5-4fa4-a97d-d965ccfc6d4b" outcome="Passed" testListId="8c84fa94-04c1-424b-9868-57a2d4851a1d" relativeResultsDirectory="2566e61c-3338-4bf1-a961-90a6aea719e1" />
    <UnitTestResult executionId="67be9303-21c3-4737-b518-a872d417643d" testId="5748339e-3240-493a-6a3d-6eec3e093518" testName="SYN-01/06/07/08: Parser improvements.top-level let x = e1 in e2 works as module declaration" computerName="hamabot" duration="00:00:00.0010000" startTime="2026-03-25T09:31:43.6300040+09:00" endTime="2026-03-25T09:31:43.6320560+09:00" testType="13cdc9d9-ddb5-4fa4-a97d-d965ccfc6d4b" outcome="Passed" testListId="8c84fa94-04c1-424b-9868-57a2d4851a1d" relativeResultsDirectory="67be9303-21c3-4737-b518-a872d417643d" />
    <UnitTestResult executionId="ffed2a59-b515-49bf-89b8-d08f53c302ed" testId="d0b2b4e2-6457-fe6a-2d87-5a2e2b416803" testName="Match Compilation (Decision Tree).Edge Cases.empty list match" computerName="hamabot" startTime="2026-03-25T09:31:43.0218160+09:00" endTime="2026-03-25T09:31:43.0225440+09:00" testType="13cdc9d9-ddb5-4fa4-a97d-d965ccfc6d4b" outcome="Passed" testListId="8c84fa94-04c1-424b-9868-57a2d4851a1d" relativeResultsDirectory="ffed2a59-b515-49bf-89b8-d08f53c302ed" />
    <UnitTestResult executionId="0b239b8a-7c78-4b10-9c3b-4e6199bdf890" testId="708a7449-0f53-3eb9-d4e6-f4afc41067aa" testName="GADT.GADT exhaustiveness.exhaustiveness warning for genuinely missing GADT case" computerName="hamabot" duration="00:00:00.0010000" startTime="2026-03-25T09:31:43.2067840+09:00" endTime="2026-03-25T09:31:43.2079720+09:00" testType="13cdc9d9-ddb5-4fa4-a97d-d965ccfc6d4b" outcome="Passed" testListId="8c84fa94-04c1-424b-9868-57a2d4851a1d" relativeResultsDirectory="0b239b8a-7c78-4b10-9c3b-4e6199bdf890" />
    <UnitTestResult executionId="ffd1a256-eddd-468a-a80f-9cf144a0c294" testId="e60194b9-3ab4-4c8f-5439-de32e90154b7" testName="IndentFilter.matchExpressions.testMatchPipeMisalignment - error when pipes don't align" computerName="hamabot" duration="00:00:00.0010000" startTime="2026-03-25T09:31:43.8759160+09:00" endTime="2026-03-25T09:31:43.8774230+09:00" testType="13cdc9d9-ddb5-4fa4-a97d-d965ccfc6d4b" outcome="Passed" testListId="8c84fa94-04c1-424b-9868-57a2d4851a1d" relativeResultsDirectory="ffd1a256-eddd-468a-a80f-9cf144a0c294" />
    <UnitTestResult executionId="7cc0ec3f-4886-4aef-ad1e-e06bda9680f9" testId="d9281bac-e096-beb6-9898-b47740fbc479" testName="GADT.GADT-01: GADT declarations.mixed GADT and regular constructors" computerName="hamabot" duration="00:00:00.0040000" startTime="2026-03-25T09:31:43.1370440+09:00" endTime="2026-03-25T09:31:43.1414600+09:00" testType="13cdc9d9-ddb5-4fa4-a97d-d965ccfc6d4b" outcome="Passed" testListId="8c84fa94-04c1-424b-9868-57a2d4851a1d" relativeResultsDirectory="7cc0ec3f-4886-4aef-ad1e-e06bda9680f9" />
    <UnitTestResult executionId="27799484-5c67-44b0-87f9-3e9d684ee897" testId="149f89db-22f5-b4ce-112f-568a0d7a4ccd" testName="Modules.SC1: Top-level module/namespace.top-level namespace declaration" computerName="hamabot" startTime="2026-03-25T09:31:43.1098060+09:00" endTime="2026-03-25T09:31:43.1101680+09:00" testType="13cdc9d9-ddb5-4fa4-a97d-d965ccfc6d4b" outcome="Passed" testListId="8c84fa94-04c1-424b-9868-57a2d4851a1d" relativeResultsDirectory="27799484-5c67-44b0-87f9-3e9d684ee897" />
    <UnitTestResult executionId="0641ae58-5f15-4181-8f4f-96d740f6ecfd" testId="53ebeec0-1d30-20d8-87c2-2ee244afeed4" testName="Integration.testParseADTWithData" computerName="hamabot" startTime="2026-03-25T09:31:43.4516250+09:00" endTime="2026-03-25T09:31:43.4531150+09:00" testType="13cdc9d9-ddb5-4fa4-a97d-d965ccfc6d4b" outcome="Passed" testListId="8c84fa94-04c1-424b-9868-57a2d4851a1d" relativeResultsDirectory="0641ae58-5f15-4181-8f4f-96d740f6ecfd" />
    <UnitTestResult executionId="b0cfae83-5576-4bf4-a4bf-68e50f689f17" testId="e3ef5941-4570-9d14-ff02-d5f32d60936b" testName="Redundancy.redundant duplicate pattern" computerName="hamabot" startTime="2026-03-25T09:31:43.7631710+09:00" endTime="2026-03-25T09:31:43.7638230+09:00" testType="13cdc9d9-ddb5-4fa4-a97d-d965ccfc6d4b" outcome="Passed" testListId="8c84fa94-04c1-424b-9868-57a2d4851a1d" relativeResultsDirectory="b0cfae83-5576-4bf4-a4bf-68e50f689f17" />
    <UnitTestResult executionId="cbe85c73-87a8-4f72-a046-abd7c6b3562d" testId="1579670e-f557-e92a-8601-e95098bcb1d2" testName="Modules.Error cases.duplicate module name produces E0503" computerName="hamabot" startTime="2026-03-25T09:31:43.1369810+09:00" endTime="2026-03-25T09:31:43.1394180+09:00" testType="13cdc9d9-ddb5-4fa4-a97d-d965ccfc6d4b" outcome="Passed" testListId="8c84fa94-04c1-424b-9868-57a2d4851a1d" relativeResultsDirectory="cbe85c73-87a8-4f72-a046-abd7c6b3562d" />
    <UnitTestResult executionId="092e02a6-552e-4ca4-9da2-c3d0c8c9eed6" testId="5f34d417-f5dd-5ed3-56ef-4a498ce5ef75" testName="IndentFilter.processNewline.same indent level emits no tokens" computerName="hamabot" startTime="2026-03-25T09:31:43.7893110+09:00" endTime="2026-03-25T09:31:43.7902390+09:00" testType="13cdc9d9-ddb5-4fa4-a97d-d965ccfc6d4b" outcome="Passed" testListId="8c84fa94-04c1-424b-9868-57a2d4851a1d" relativeResultsDirectory="092e02a6-552e-4ca4-9da2-c3d0c8c9eed6" />
    <UnitTestResult executionId="d048860d-e658-41f2-9472-c383bf87a632" testId="d10baf59-1f3b-0a19-533b-98fb2a33f51a" testName="Integration.testMatchOnSimpleADT" computerName="hamabot" duration="00:00:00.0010000" startTime="2026-03-25T09:31:43.4989840+09:00" endTime="2026-03-25T09:31:43.5002110+09:00" testType="13cdc9d9-ddb5-4fa4-a97d-d965ccfc6d4b" outcome="Passed" testListId="8c84fa94-04c1-424b-9868-57a2d4851a1d" relativeResultsDirectory="d048860d-e658-41f2-9472-c383bf87a632" />
    <UnitTestResult executionId="e9b6dd6b-e959-4f0d-b4e7-4eab504869bb" testId="0dad6bb5-3591-b2b1-bca0-41d66826ffa0" testName="IndentFilter.indentWidthValidation.testStrictIndentWidthViolation - strict mode rejects non-multiples" computerName="hamabot" startTime="2026-03-25T09:31:43.8870000+09:00" endTime="2026-03-25T09:31:43.8875680+09:00" testType="13cdc9d9-ddb5-4fa4-a97d-d965ccfc6d4b" outcome="Passed" testListId="8c84fa94-04c1-424b-9868-57a2d4851a1d" relativeResultsDirectory="e9b6dd6b-e959-4f0d-b4e7-4eab504869bb" />
    <UnitTestResult executionId="3b731b0d-1a08-4e82-a79a-18a649625c43" testId="1d34a434-4090-0ab6-495c-f9fe9976bdeb" testName="Usefulness.wildcard useful when constructors not fully covered" computerName="hamabot" startTime="2026-03-25T09:31:43.6300230+09:00" endTime="2026-03-25T09:31:43.6311160+09:00" testType="13cdc9d9-ddb5-4fa4-a97d-d965ccfc6d4b" outcome="Passed" testListId="8c84fa94-04c1-424b-9868-57a2d4851a1d" relativeResultsDirectory="3b731b0d-1a08-4e82-a79a-18a649625c43" />
    <UnitTestResult executionId="e5eb8f3c-3664-41f3-9408-5ef9c872693a" testId="700103fd-036a-d8a6-171c-c18bf9834e62" testName="Modules.SC2: Nested modules.nested module with function" computerName="hamabot" duration="00:00:00.0040000" startTime="2026-03-25T09:31:43.1253140+09:00" endTime="2026-03-25T09:31:43.1299940+09:00" testType="13cdc9d9-ddb5-4fa4-a97d-d965ccfc6d4b" outcome="Passed" testListId="8c84fa94-04c1-424b-9868-57a2d4851a1d" relativeResultsDirectory="e5eb8f3c-3664-41f3-9408-5ef9c872693a" />
    <UnitTestResult executionId="f5df5135-d7a9-4e2b-95c0-897aaafad3c4" testId="07ae04a1-0892-3d3d-7a70-48b431ff26a3" testName="Exceptions.EXC-03: try-with.try-with body with let bindings" computerName="hamabot" startTime="2026-03-25T09:31:43.0823370+09:00" endTime="2026-03-25T09:31:43.0833170+09:00" testType="13cdc9d9-ddb5-4fa4-a97d-d965ccfc6d4b" outcome="Passed" testListId="8c84fa94-04c1-424b-9868-57a2d4851a1d" relativeResultsDirectory="f5df5135-d7a9-4e2b-95c0-897aaafad3c4" />
    <UnitTestResult executionId="f47b3db6-9235-4440-843f-37be3c1e5bf2" testId="8e9e1972-7675-1b8e-eb4b-832dd0981461" testName="IndentFilter.indentWidthValidation.testLenientIndentWidth - lenient mode allows any indent" computerName="hamabot" startTime="2026-03-25T09:31:43.8870100+09:00" endTime="2026-03-25T09:31:43.8872810+09:00" testType="13cdc9d9-ddb5-4fa4-a97d-d965ccfc6d4b" outcome="Passed" testListId="8c84fa94-04c1-424b-9868-57a2d4851a1d" relativeResultsDirectory="f47b3db6-9235-4440-843f-37be3c1e5bf2" />
    <UnitTestResult executionId="28821a59-32d7-4c3d-a01d-475ddf517816" testId="85285e6e-1c34-c081-45bd-c673efb464fb" testName="SpecializeMatrix.specialize handles empty matrix" computerName="hamabot" startTime="2026-03-25T09:31:43.7892060+09:00" endTime="2026-03-25T09:31:43.7896990+09:00" testType="13cdc9d9-ddb5-4fa4-a97d-d965ccfc6d4b" outcome="Passed" testListId="8c84fa94-04c1-424b-9868-57a2d4851a1d" relativeResultsDirectory="28821a59-32d7-4c3d-a01d-475ddf517816" />
    <UnitTestResult executionId="30d50e12-419b-48cb-aeb3-bd5e59ff1c1f" testId="fd17766d-c80a-878e-f786-7177e0769d01" testName="Modules.SC5: Forward reference prevents cycles.valid top-to-bottom ordering succeeds" computerName="hamabot" startTime="2026-03-25T09:31:43.1369040+09:00" endTime="2026-03-25T09:31:43.1374660+09:00" testType="13cdc9d9-ddb5-4fa4-a97d-d965ccfc6d4b" outcome="Passed" testListId="8c84fa94-04c1-424b-9868-57a2d4851a1d" relativeResultsDirectory="30d50e12-419b-48cb-aeb3-bd5e59ff1c1f" />
    <UnitTestResult executionId="47a9bd2d-e910-4cd2-879b-0d549bdbc667" testId="8e862889-3d53-0091-f08e-b46d835f5b29" testName="Integration.testMixedSingleAndMultiLine" computerName="hamabot" startTime="2026-03-25T09:31:43.5893190+09:00" endTime="2026-03-25T09:31:43.5908000+09:00" testType="13cdc9d9-ddb5-4fa4-a97d-d965ccfc6d4b" outcome="Passed" testListId="8c84fa94-04c1-424b-9868-57a2d4851a1d" relativeResultsDirectory="47a9bd2d-e910-4cd2-879b-0d549bdbc667" />
    <UnitTestResult executionId="8919e2ae-dd6e-4350-be9c-710a99184b78" testId="1ced1c25-2160-9204-032b-35271f6c2a09" testName="Exceptions.EXC-05: when guards.when guard falls through to client error" computerName="hamabot" startTime="2026-03-25T09:31:43.0824160+09:00" endTime="2026-03-25T09:31:43.0831150+09:00" testType="13cdc9d9-ddb5-4fa4-a97d-d965ccfc6d4b" outcome="Passed" testListId="8c84fa94-04c1-424b-9868-57a2d4851a1d" relativeResultsDirectory="8919e2ae-dd6e-4350-be9c-710a99184b78" />
    <UnitTestResult executionId="ec456fbf-390a-4b3a-9839-a943dec542d9" testId="fbd1aa12-3039-68da-7613-880c06aa6776" testName="Usefulness.wildcard after full nested coverage is not useful" computerName="hamabot" startTime="2026-03-25T09:31:43.6895280+09:00" endTime="2026-03-25T09:31:43.6904230+09:00" testType="13cdc9d9-ddb5-4fa4-a97d-d965ccfc6d4b" outcome="Passed" testListId="8c84fa94-04c1-424b-9868-57a2d4851a1d" relativeResultsDirectory="ec456fbf-390a-4b3a-9839-a943dec542d9" />
    <UnitTestResult executionId="5a32fdfd-daf1-4162-8065-8d0bfb5fc865" testId="c3672b43-a649-2294-9aae-5ece157bce7b" testName="Records.REC-01: Record type declarations.record with type parameters" computerName="hamabot" duration="00:00:00.0010000" startTime="2026-03-25T09:31:43.2176550+09:00" endTime="2026-03-25T09:31:43.2195820+09:00" testType="13cdc9d9-ddb5-4fa4-a97d-d965ccfc6d4b" outcome="Passed" testListId="8c84fa94-04c1-424b-9868-57a2d4851a1d" relativeResultsDirectory="5a32fdfd-daf1-4162-8065-8d0bfb5fc865" />
    <UnitTestResult executionId="f1b7f4b8-4b61-4f3c-ab21-3d8202d67232" testId="8614fbf3-68d0-c96d-3e74-6bdee9b77065" testName="Redundancy.wildcard after full coverage is redundant" computerName="hamabot" startTime="2026-03-25T09:31:43.7631860+09:00" endTime="2026-03-25T09:31:43.7638110+09:00" testType="13cdc9d9-ddb5-4fa4-a97d-d965ccfc6d4b" outcome="Passed" testListId="8c84fa94-04c1-424b-9868-57a2d4851a1d" relativeResultsDirectory="f1b7f4b8-4b61-4f3c-ab21-3d8202d67232" />
    <UnitTestResult executionId="c12d7f41-fb43-4bbb-995f-1f26a2e9467e" testId="29e040c3-a5d3-fd55-c8d7-5abcdbc2bf96" testName="IndentFilter.indentWidthValidation.testStrictIndentWidthMultiple - strict mode allows multiples" computerName="hamabot" startTime="2026-03-25T09:31:43.8870110+09:00" endTime="2026-03-25T09:31:43.8873510+09:00" testType="13cdc9d9-ddb5-4fa4-a97d-d965ccfc6d4b" outcome="Passed" testListId="8c84fa94-04c1-424b-9868-57a2d4851a1d" relativeResultsDirectory="c12d7f41-fb43-4bbb-995f-1f26a2e9467e" />
    <UnitTestResult executionId="734e8af8-aec1-4568-a3dc-2e4987f59619" testId="e4ed2862-91b9-d4a0-000e-07501f149029" testName="Usefulness.first pattern is always useful" computerName="hamabot" startTime="2026-03-25T09:31:43.6300160+09:00" endTime="2026-03-25T09:31:43.6310440+09:00" testType="13cdc9d9-ddb5-4fa4-a97d-d965ccfc6d4b" outcome="Passed" testListId="8c84fa94-04c1-424b-9868-57a2d4851a1d" relativeResultsDirectory="734e8af8-aec1-4568-a3dc-2e4987f59619" />
    <UnitTestResult executionId="c6d9ed50-f12e-4533-850e-925b8366a128" testId="8725fb92-dbac-2c9a-9d47-6c222ba68f69" testName="Integration.testElaborateSimpleADT" computerName="hamabot" duration="00:00:00.0010000" startTime="2026-03-25T09:31:43.4989500+09:00" endTime="2026-03-25T09:31:43.5003720+09:00" testType="13cdc9d9-ddb5-4fa4-a97d-d965ccfc6d4b" outcome="Passed" testListId="8c84fa94-04c1-424b-9868-57a2d4851a1d" relativeResultsDirectory="c6d9ed50-f12e-4533-850e-925b8366a128" />
    <UnitTestResult executionId="89937bcf-2f41-47c5-b502-584499818669" testId="d38d2009-0003-5761-0cdb-f9834bccb27d" testName="Usefulness.constructor not useful when already covered" computerName="hamabot" startTime="2026-03-25T09:31:43.6894200+09:00" endTime="2026-03-25T09:31:43.6899660+09:00" testType="13cdc9d9-ddb5-4fa4-a97d-d965ccfc6d4b" outcome="Passed" testListId="8c84fa94-04c1-424b-9868-57a2d4851a1d" relativeResultsDirectory="89937bcf-2f41-47c5-b502-584499818669" />
[...]
    <TestEntry testId="fba119e2-6f3e-9ec0-78e6-c939d3c9eec4" executionId="95061b31-73ec-4b0c-902f-21a173c391dd" testListId="8c84fa94-04c1-424b-9868-57a2d4851a1d" />
    <TestEntry testId="a8ec5d3c-c55c-b2ee-6795-65127f346b9e" executionId="e55b2aa4-14d5-46a0-bf5b-98733e9549e5" testListId="8c84fa94-04c1-424b-9868-57a2d4851a1d" />
    <TestEntry testId="8ca1dd5f-01f4-86fe-4cde-ebb32144201a" executionId="0b792e86-23b8-446c-863a-9a1118e169c2" testListId="8c84fa94-04c1-424b-9868-57a2d4851a1d" />
    <TestEntry testId="e941a622-e246-4111-a110-18126e416792" executionId="08f98d27-1575-428f-9a2d-8f5851823ac3" testListId="8c84fa94-04c1-424b-9868-57a2d4851a1d" />
    <TestEntry testId="1037a4e3-6e2d-e822-cf12-c56defe26e60" executionId="89dd2bd1-9827-4bb8-8dbf-3462caa30f09" testListId="8c84fa94-04c1-424b-9868-57a2d4851a1d" />
    <TestEntry testId="136d7bfe-c001-e35a-c99f-5e34fba97bdd" executionId="09950b40-907e-430b-ba71-3fcc8a53db50" testListId="8c84fa94-04c1-424b-9868-57a2d4851a1d" />
    <TestEntry testId="936ab289-1d8d-be75-8c2c-d3b18a06f4e7" executionId="eca2d7ac-eb32-43a7-981d-bdb42c6de26b" testListId="8c84fa94-04c1-424b-9868-57a2d4851a1d" />
    <TestEntry testId="68b6f011-841d-446e-cec6-8bd47b56a048" executionId="faa1bbfc-ec29-42b9-95f7-5c5c00ba90f0" testListId="8c84fa94-04c1-424b-9868-57a2d4851a1d" />
    <TestEntry testId="f730687f-e914-b685-213f-51ea242c1722" executionId="a06ded8b-b5bb-461a-a5b9-9c2fac9888cd" testListId="8c84fa94-04c1-424b-9868-57a2d4851a1d" />
    <TestEntry testId="9d28621f-9d1c-7e34-737f-05eed4a29f1e" executionId="5bf5c8b5-f30d-4cb3-a7ab-8a5794a35e49" testListId="8c84fa94-04c1-424b-9868-57a2d4851a1d" />
    <TestEntry testId="a29768cb-bfd5-40a3-4f85-040e9a1e1d8c" executionId="38965905-691d-498c-8cd9-f5e51908efd4" testListId="8c84fa94-04c1-424b-9868-57a2d4851a1d" />
    <TestEntry testId="06295449-cb4a-b5e2-1cd4-8aff182d5269" executionId="9898a8a9-fa09-4c10-a423-9b4576c0dd6f" testListId="8c84fa94-04c1-424b-9868-57a2d4851a1d" />
    <TestEntry testId="c00592da-4cf2-24d2-d4e2-8309e244e1ec" executionId="ca7cf689-4334-4c7f-a810-6183debe1790" testListId="8c84fa94-04c1-424b-9868-57a2d4851a1d" />
    <TestEntry testId="842ac101-9ef5-15e7-4d5d-41e9a1ade5e2" executionId="26855e43-29e3-4cf1-b28d-9e050e5ef19d" testListId="8c84fa94-04c1-424b-9868-57a2d4851a1d" />
    <TestEntry testId="bfe72d9c-6157-ced8-dfd1-8328598e267d" executionId="354d6c28-b5fb-4fef-9ce2-e7888e493e4f" testListId="8c84fa94-04c1-424b-9868-57a2d4851a1d" />
    <TestEntry testId="dacdfc51-bf03-3dfa-1a00-585ac659a2b6" executionId="4646695a-c1c5-4a80-99d0-2d45ea5fdd35" testListId="8c84fa94-04c1-424b-9868-57a2d4851a1d" />
    <TestEntry testId="8e1215dc-0533-e2a6-cdf7-604e17f86a35" executionId="6d700649-4c2f-4086-8e31-0d95dc7f79bd" testListId="8c84fa94-04c1-424b-9868-57a2d4851a1d" />
    <TestEntry testId="06613720-51ef-d242-7286-25a51b29a23b" executionId="f04cf17f-dab3-402c-a47a-17a95769037e" testListId="8c84fa94-04c1-424b-9868-57a2d4851a1d" />
    <TestEntry testId="417a7aec-f09c-66ce-e754-8ba0e11d2d25" executionId="8a51faf3-3d0d-4c1c-a514-5230320ba7a7" testListId="8c84fa94-04c1-424b-9868-57a2d4851a1d" />
    <TestEntry testId="62ce3c3d-8fb7-d625-14af-cec9bea0fcae" executionId="dccec863-75fd-4095-b79c-ead0cf92a750" testListId="8c84fa94-04c1-424b-9868-57a2d4851a1d" />
    <TestEntry testId="eda2bb23-701e-8362-e955-7b8ee4e49639" executionId="57feb45f-fb47-4933-967e-b49dee2bd77f" testListId="8c84fa94-04c1-424b-9868-57a2d4851a1d" />
    <TestEntry testId="d8a09f01-6b4e-7c08-cd12-ea1397425bf2" executionId="24bc47e6-7291-4cc9-8b02-c30a3c722953" testListId="8c84fa94-04c1-424b-9868-57a2d4851a1d" />
    <TestEntry testId="c2a85f3f-5abd-78a3-4d33-a2335ed1577c" executionId="9d09da85-6041-44ad-ba09-3cf9440c6e3e" testListId="8c84fa94-04c1-424b-9868-57a2d4851a1d" />
    <TestEntry testId="5b34417b-8dcb-d786-e894-584502c1ae67" executionId="cb96ae88-0dad-40df-ab6a-f0ec854f7019" testListId="8c84fa94-04c1-424b-9868-57a2d4851a1d" />
    <TestEntry testId="4ed57ee4-ae76-007d-665d-4969eb9f1fe7" executionId="775e1a3d-8ea1-46a3-b8b0-03321198c505" testListId="8c84fa94-04c1-424b-9868-57a2d4851a1d" />
    <TestEntry testId="7c9ea622-efda-bcbc-81cd-c648465f061d" executionId="79760622-ce20-4183-8a0a-ed436b92b14e" testListId="8c84fa94-04c1-424b-9868-57a2d4851a1d" />
    <TestEntry testId="c2ec5a4a-2602-88e4-5f26-396dffda3b97" executionId="0d39f116-73e8-4155-ac66-ab70155c8fd7" testListId="8c84fa94-04c1-424b-9868-57a2d4851a1d" />
    <TestEntry testId="fc14d8df-a021-3cfa-8f96-faae349e97fc" executionId="ee2a33ab-9e82-48d1-8fb7-1e93e1e9d6a9" testListId="8c84fa94-04c1-424b-9868-57a2d4851a1d" />
    <TestEntry testId="0e9889b7-f8e9-1e4f-6613-4be0a979bf10" executionId="8f48cb82-26bb-4565-8a1d-ad6a052d31c9" testListId="8c84fa94-04c1-424b-9868-57a2d4851a1d" />
    <TestEntry testId="a21821f9-83b9-c4b3-de31-d444cfb55315" executionId="0fafd2c7-9ab4-4295-b0d6-ffa0661cf3b7" testListId="8c84fa94-04c1-424b-9868-57a2d4851a1d" />
    <TestEntry testId="e7c00207-7f3f-a191-3e2a-b3d36fab5217" executionId="2566e61c-3338-4bf1-a961-90a6aea719e1" testListId="8c84fa94-04c1-424b-9868-57a2d4851a1d" />
    <TestEntry testId="5748339e-3240-493a-6a3d-6eec3e093518" executionId="67be9303-21c3-4737-b518-a872d417643d" testListId="8c84fa94-04c1-424b-9868-57a2d4851a1d" />
    <TestEntry testId="d0b2b4e2-6457-fe6a-2d87-5a2e2b416803" executionId="ffed2a59-b515-49bf-89b8-d08f53c302ed" testListId="8c84fa94-04c1-424b-9868-57a2d4851a1d" />
    <TestEntry testId="708a7449-0f53-3eb9-d4e6-f4afc41067aa" executionId="0b239b8a-7c78-4b10-9c3b-4e6199bdf890" testListId="8c84fa94-04c1-424b-9868-57a2d4851a1d" />
    <TestEntry testId="e60194b9-3ab4-4c8f-5439-de32e90154b7" executionId="ffd1a256-eddd-468a-a80f-9cf144a0c294" testListId="8c84fa94-04c1-424b-9868-57a2d4851a1d" />
    <TestEntry testId="d9281bac-e096-beb6-9898-b47740fbc479" executionId="7cc0ec3f-4886-4aef-ad1e-e06bda9680f9" testListId="8c84fa94-04c1-424b-9868-57a2d4851a1d" />
    <TestEntry testId="149f89db-22f5-b4ce-112f-568a0d7a4ccd" executionId="27799484-5c67-44b0-87f9-3e9d684ee897" testListId="8c84fa94-04c1-424b-9868-57a2d4851a1d" />
    <TestEntry testId="53ebeec0-1d30-20d8-87c2-2ee244afeed4" executionId="0641ae58-5f15-4181-8f4f-96d740f6ecfd" testListId="8c84fa94-04c1-424b-9868-57a2d4851a1d" />
    <TestEntry testId="e3ef5941-4570-9d14-ff02-d5f32d60936b" executionId="b0cfae83-5576-4bf4-a4bf-68e50f689f17" testListId="8c84fa94-04c1-424b-9868-57a2d4851a1d" />
    <TestEntry testId="1579670e-f557-e92a-8601-e95098bcb1d2" executionId="cbe85c73-87a8-4f72-a046-abd7c6b3562d" testListId="8c84fa94-04c1-424b-9868-57a2d4851a1d" />
    <TestEntry testId="5f34d417-f5dd-5ed3-56ef-4a498ce5ef75" executionId="092e02a6-552e-4ca4-9da2-c3d0c8c9eed6" testListId="8c84fa94-04c1-424b-9868-57a2d4851a1d" />
    <TestEntry testId="d10baf59-1f3b-0a19-533b-98fb2a33f51a" executionId="d048860d-e658-41f2-9472-c383bf87a632" testListId="8c84fa94-04c1-424b-9868-57a2d4851a1d" />
    <TestEntry testId="0dad6bb5-3591-b2b1-bca0-41d66826ffa0" executionId="e9b6dd6b-e959-4f0d-b4e7-4eab504869bb" testListId="8c84fa94-04c1-424b-9868-57a2d4851a1d" />
    <TestEntry testId="1d34a434-4090-0ab6-495c-f9fe9976bdeb" executionId="3b731b0d-1a08-4e82-a79a-18a649625c43" testListId="8c84fa94-04c1-424b-9868-57a2d4851a1d" />
    <TestEntry testId="700103fd-036a-d8a6-171c-c18bf9834e62" executionId="e5eb8f3c-3664-41f3-9408-5ef9c872693a" testListId="8c84fa94-04c1-424b-9868-57a2d4851a1d" />
    <TestEntry testId="07ae04a1-0892-3d3d-7a70-48b431ff26a3" executionId="f5df5135-d7a9-4e2b-95c0-897aaafad3c4" testListId="8c84fa94-04c1-424b-9868-57a2d4851a1d" />
    <TestEntry testId="8e9e1972-7675-1b8e-eb4b-832dd0981461" executionId="f47b3db6-9235-4440-843f-37be3c1e5bf2" testListId="8c84fa94-04c1-424b-9868-57a2d4851a1d" />
    <TestEntry testId="85285e6e-1c34-c081-45bd-c673efb464fb" executionId="28821a59-32d7-4c3d-a01d-475ddf517816" testListId="8c84fa94-04c1-424b-9868-57a2d4851a1d" />
    <TestEntry testId="fd17766d-c80a-878e-f786-7177e0769d01" executionId="30d50e12-419b-48cb-aeb3-bd5e59ff1c1f" testListId="8c84fa94-04c1-424b-9868-57a2d4851a1d" />
    <TestEntry testId="8e862889-3d53-0091-f08e-b46d835f5b29" executionId="47a9bd2d-e910-4cd2-879b-0d549bdbc667" testListId="8c84fa94-04c1-424b-9868-57a2d4851a1d" />
    <TestEntry testId="1ced1c25-2160-9204-032b-35271f6c2a09" executionId="8919e2ae-dd6e-4350-be9c-710a99184b78" testListId="8c84fa94-04c1-424b-9868-57a2d4851a1d" />
    <TestEntry testId="fbd1aa12-3039-68da-7613-880c06aa6776" executionId="ec456fbf-390a-4b3a-9839-a943dec542d9" testListId="8c84fa94-04c1-424b-9868-57a2d4851a1d" />
    <TestEntry testId="c3672b43-a649-2294-9aae-5ece157bce7b" executionId="5a32fdfd-daf1-4162-8065-8d0bfb5fc865" testListId="8c84fa94-04c1-424b-9868-57a2d4851a1d" />
    <TestEntry testId="8614fbf3-68d0-c96d-3e74-6bdee9b77065" executionId="f1b7f4b8-4b61-4f3c-ab21-3d8202d67232" testListId="8c84fa94-04c1-424b-9868-57a2d4851a1d" />
    <TestEntry testId="29e040c3-a5d3-fd55-c8d7-5abcdbc2bf96" executionId="c12d7f41-fb43-4bbb-995f-1f26a2e9467e" testListId="8c84fa94-04c1-424b-9868-57a2d4851a1d" />
    <TestEntry testId="e4ed2862-91b9-d4a0-000e-07501f149029" executionId="734e8af8-aec1-4568-a3dc-2e4987f59619" testListId="8c84fa94-04c1-424b-9868-57a2d4851a1d" />
    <TestEntry testId="8725fb92-dbac-2c9a-9d47-6c222ba68f69" executionId="c6d9ed50-f12e-4533-850e-925b8366a128" testListId="8c84fa94-04c1-424b-9868-57a2d4851a1d" />
    <TestEntry testId="d38d2009-0003-5761-0cdb-f9834bccb27d" executionId="89937bcf-2f41-47c5-b502-584499818669" testListId="8c84fa94-04c1-424b-9868-57a2d4851a1d" />
    <TestEntry testId="ef4c0938-48e9-db39-78ca-6d63cfc417e6" executionId="4d364954-b523-461f-9dba-002b59d3e8e5" testListId="8c84fa94-04c1-424b-9868-57a2d4851a1d" />
    <TestEntry testId="00bd398c-d106-677c-6cf2-2fca55ebc992" executionId="ec184960-2333-4357-bd8d-db7939569ab2" testListId="8c84fa94-04c1-424b-9868-57a2d4851a1d" />
    <TestEntry testId="80841fd8-8007-01c9-1b0f-52f5ed589a2d" executionId="04dd2d18-fca4-4f8b-835b-4aadeb80c1b5" testListId="8c84fa94-04c1-424b-9868-57a2d4851a1d" />
    <TestEntry testId="78954ef7-88fe-97ac-cf0d-da3061be9282" executionId="a886a952-9b26-4750-9e7a-e972e7e3257a" testListId="8c84fa94-04c1-424b-9868-57a2d4851a1d" />
    <TestEntry testId="1405740d-8060-29a9-1840-f9742125d7ae" executionId="bdacd2cb-980d-4927-bdbf-ea9e2100c785" testListId="8c84fa94-04c1-424b-9868-57a2d4851a1d" />
    <TestEntry testId="62c80e60-9e89-c4b7-85e5-4c48aec3e351" executionId="a53492b0-6182-4290-bb63-3256b8d77a92" testListId="8c84fa94-04c1-424b-9868-57a2d4851a1d" />
    <TestEntry testId="b63ad6ec-d32b-c8de-9c64-4e0e46dd7c18" executionId="0f5dcee1-51a5-4f53-9162-0120e38d38da" testListId="8c84fa94-04c1-424b-9868-57a2d4851a1d" />
    <TestEntry testId="5a584346-0947-8a99-3ff5-61af5c3907ef" executionId="82ef89ed-7a01-4ad4-9d1b-f4858b702a56" testListId="8c84fa94-04c1-424b-9868-57a2d4851a1d" />
    <TestEntry testId="238f38b4-39ba-7c42-45d7-bbe751113b55" executionId="eff12496-4296-4314-93eb-456d7842c028" testListId="8c84fa94-04c1-424b-9868-57a2d4851a1d" />
    <TestEntry testId="651e5f85-2a20-4e1e-fb5b-6bc92c9f2e25" executionId="ed81093d-0f0e-46e6-82b9-ffeff5eb45a5" testListId="8c84fa94-04c1-424b-9868-57a2d4851a1d" />
    <TestEntry testId="fcb4dbf1-e20b-a921-221c-d184c2750c56" executionId="b19cbc2a-673a-47b9-ac06-14e458fc9662" testListId="8c84fa94-04c1-424b-9868-57a2d4851a1d" />
    <TestEntry testId="b89bdceb-7542-0c8a-c8d0-8bdcd40144a9" executionId="4fbf46ea-1672-46eb-9ac5-f5e8e9bb69ee" testListId="8c84fa94-04c1-424b-9868-57a2d4851a1d" />
    <TestEntry testId="35de974b-a0d4-03d9-1efe-d999fc9a32ab" executionId="f6184e41-2619-41fa-abbf-1f6c3fad2f41" testListId="8c84fa94-04c1-424b-9868-57a2d4851a1d" />
    <TestEntry testId="89079a09-5ffc-2090-c32d-97908b2faa47" executionId="78643b0f-969e-49c8-92f3-52059afe4191" testListId="8c84fa94-04c1-424b-9868-57a2d4851a1d" />
    <TestEntry testId="fccf1ddd-0b7c-a60e-a389-415747df762d" executionId="05054120-db5e-40ed-8393-bd3bdcbbe9c9" testListId="8c84fa94-04c1-424b-9868-57a2d4851a1d" />
    <TestEntry testId="f433e39b-4192-ba5b-466a-be5f07ce2a79" executionId="69c4c67d-ceb0-4241-a712-5325bbaa2f30" testListId="8c84fa94-04c1-424b-9868-57a2d4851a1d" />
    <TestEntry testId="8beea8bf-126a-b8a1-7c92-87a460e8c655" executionId="3de64ab4-04ce-4296-8d41-6be241532a2e" testListId="8c84fa94-04c1-424b-9868-57a2d4851a1d" />
    <TestEntry testId="9eb8c514-b93b-c76e-098f-540bee599a4d" executionId="87a3ab7a-ebac-4050-b512-4b2304a1f405" testListId="8c84fa94-04c1-424b-9868-57a2d4851a1d" />
    <TestEntry testId="d4485af2-5d18-818e-9c98-57fa5b6b1352" executionId="61742f6f-e563-442e-b9a2-dda114c53819" testListId="8c84fa94-04c1-424b-9868-57a2d4851a1d" />
    <TestEntry testId="94567b09-69d1-0a79-0053-5581c85eedb9" executionId="7e855529-149b-46fd-b41a-eaa3144eb4d0" testListId="8c84fa94-04c1-424b-9868-57a2d4851a1d" />
    <TestEntry testId="d1084f99-b725-8ee7-c765-84dcbc3cf530" executionId="88eb7615-18f6-4b54-b0d9-c4ed36eb9872" testListId="8c84fa94-04c1-424b-9868-57a2d4851a1d" />
    <TestEntry testId="bb2231a3-0920-27da-2200-44fe46e166a7" executionId="712a2ece-bd57-423b-af14-a81826a955cb" testListId="8c84fa94-04c1-424b-9868-57a2d4851a1d" />
    <TestEntry testId="7d86ab2f-8f77-432c-4597-9a1f9b162ad1" executionId="087c6efb-a5fc-412d-aecc-00b60c07ce79" testListId="8c84fa94-04c1-424b-9868-57a2d4851a1d" />
    <TestEntry testId="dc49650b-ba18-db69-37a1-74c586d6f218" executionId="edfe1bbf-9bbc-4290-9a35-686fa55bb722" testListId="8c84fa94-04c1-424b-9868-57a2d4851a1d" />
    <TestEntry testId="052eedc7-e1d5-449a-fd85-ad2d3e70a811" executionId="e2c77d41-0f5f-4189-8947-3a6197e77fd7" testListId="8c84fa94-04c1-424b-9868-57a2d4851a1d" />
    <TestEntry testId="2f2021af-de8c-0c64-b7be-2d8736cc2fa7" executionId="fec14eea-92f0-4dc4-80c6-9983760c4feb" testListId="8c84fa94-04c1-424b-9868-57a2d4851a1d" />
    <TestEntry testId="c3ac36c4-4288-4883-40c5-2743777e237b" executionId="b5d125d1-4d88-49b0-bcfb-a9b85dd0b33f" testListId="8c84fa94-04c1-424b-9868-57a2d4851a1d" />
    <TestEntry testId="f3780806-7bdd-5777-cfc7-b7728d0d6a74" executionId="3c7ed129-fa2d-4301-9f49-1bb72efcef73" testListId="8c84fa94-04c1-424b-9868-57a2d4851a1d" />
    <TestEntry testId="5941a0bc-3f80-1d88-74ae-10952109e4e1" executionId="f373a733-b22a-4c37-85a9-c24f1704224b" testListId="8c84fa94-04c1-424b-9868-57a2d4851a1d" />
    <TestEntry testId="ff4e72d6-52be-8ab1-3cdb-644e3f1c6f92" executionId="b2e14e8c-77c2-417e-8b5c-7004c8d479ee" testListId="8c84fa94-04c1-424b-9868-57a2d4851a1d" />
    <TestEntry testId="27f2807d-1bb1-97c9-3b42-e003a5f9bdc1" executionId="bbec78c7-e22e-4619-b7d2-ca9e2cbcdc01" testListId="8c84fa94-04c1-424b-9868-57a2d4851a1d" />
    <TestEntry testId="7adaeedc-0124-35c9-de6f-ff4e9ddfeb95" executionId="20d7e2b3-0571-4fc0-b613-804d1237b766" testListId="8c84fa94-04c1-424b-9868-57a2d4851a1d" />
    <TestEntry testId="3e8d1fb6-033c-870f-d0bf-be7e52ceb840" executionId="e0403793-4791-4bd9-bd89-ddbef5c1f279" testListId="8c84fa94-04c1-424b-9868-57a2d4851a1d" />
    <TestEntry testId="90154879-5fef-ffbe-6647-d0e4082f5080" executionId="fb1e393b-c225-48e7-b55a-a73352f4ecc6" testListId="8c84fa94-04c1-424b-9868-57a2d4851a1d" />
    <TestEntry testId="dd69769b-c65c-da00-c564-f66b200cc4e7" executionId="d07d9ffb-6d39-4553-8720-35e839351253" testListId="8c84fa94-04c1-424b-9868-57a2d4851a1d" />
    <TestEntry testId="9df989bc-b1a2-b6e8-673c-5a24558cc379" executionId="8a1b5df5-4524-444d-80aa-898bb96afed3" testListId="8c84fa94-04c1-424b-9868-57a2d4851a1d" />
    <TestEntry testId="3baa4717-4534-8e86-64ef-6e6f4a97471f" executionId="e46b1da0-a4df-4117-ba50-65a0c2fa8da0" testListId="8c84fa94-04c1-424b-9868-57a2d4851a1d" />
    <TestEntry testId="105c28c1-62a2-cd3e-55dc-49764bc6334f" executionId="f82c3e35-b5d9-406b-9a23-8cec4398fcb4" testListId="8c84fa94-04c1-424b-9868-57a2d4851a1d" />
    <TestEntry testId="1f0524a4-ba50-1a14-31b8-59fadeb5e497" executionId="3dc998dd-5f16-45f8-b442-429afb770de2" testListId="8c84fa94-04c1-424b-9868-57a2d4851a1d" />
    <TestEntry testId="e71765fe-a249-2266-1edc-7cbcb47c4f08" executionId="315b0062-ffd1-4706-8dfe-3c05b6eec921" testListId="8c84fa94-04c1-424b-9868-57a2d4851a1d" />
    <TestEntry testId="44e82489-c043-947f-cdd5-03cab241934c" executionId="ada32f4d-b06d-4e30-ad81-d8b624ef2a0f" testListId="8c84fa94-04c1-424b-9868-57a2d4851a1d" />
    <TestEntry testId="bc1b3625-5a3f-79cd-725a-9c1f40e61745" executionId="0608edbb-bb3f-46dd-9854-7985b80168dc" testListId="8c84fa94-04c1-424b-9868-57a2d4851a1d" />
    <TestEntry testId="0d2525f9-ff0c-8a1f-e0e1-988f75a6cf9a" executionId="ba1eedda-5d17-46bf-856f-7ef1bd43f553" testListId="8c84fa94-04c1-424b-9868-57a2d4851a1d" />
    <TestEntry testId="8ef9beb1-9768-97b9-244b-060cb1a404f6" executionId="b109f306-7240-406c-b0d5-99bc8d0281fd" testListId="8c84fa94-04c1-424b-9868-57a2d4851a1d" />
    <TestEntry testId="a4b2d506-9d44-57c8-93e5-faa71eb6f5a6" executionId="31e2a1fd-edb9-4581-ad53-d2a2d54fa9a7" testListId="8c84fa94-04c1-424b-9868-57a2d4851a1d" />
    <TestEntry testId="5adca439-cb90-12ff-8c6b-dc0280a3598c" executionId="7929d25a-0bfc-4416-86a5-7d435f8f8ab8" testListId="8c84fa94-04c1-424b-9868-57a2d4851a1d" />
    <TestEntry testId="af73e26c-7bce-2669-e307-b581ce1fb3da" executionId="d1cffe90-26db-40db-93eb-9bb20419fa5e" testListId="8c84fa94-04c1-424b-9868-57a2d4851a1d" />
    <TestEntry testId="88ac0454-cca4-f6ef-330c-8cd258d5655b" executionId="c2888b77-9c34-431f-a3da-2da147449853" testListId="8c84fa94-04c1-424b-9868-57a2d4851a1d" />
    <TestEntry testId="9297fba4-71f8-6407-836b-e86dce722cf0" executionId="0d067ad4-4b92-413f-974a-a95a9ed33a76" testListId="8c84fa94-04c1-424b-9868-57a2d4851a1d" />
    <TestEntry testId="16398221-35ed-89da-0431-80f11edab7d0" executionId="b5ccde38-30a1-4cd4-8a9a-28739d8ce465" testListId="8c84fa94-04c1-424b-9868-57a2d4851a1d" />
    <TestEntry testId="0ea13afe-24c9-03ec-939b-7ad359bcd9a3" executionId="03cdea85-7bf1-41c2-8168-f890433fece4" testListId="8c84fa94-04c1-424b-9868-57a2d4851a1d" />
    <TestEntry testId="c779e529-f607-2e9d-ce6d-e3036f27f570" executionId="b682f0a4-7e0f-48f3-9a09-7b0e556fc5de" testListId="8c84fa94-04c1-424b-9868-57a2d4851a1d" />
    <TestEntry testId="c4d662d4-3fb0-0c19-5a8e-9c906c3bc3bc" executionId="794ea3d8-1e4b-4dd9-9743-05dd85a04535" testListId="8c84fa94-04c1-424b-9868-57a2d4851a1d" />
    <TestEntry testId="7aba3532-c45a-9f63-dbbc-9de9cd628113" executionId="2228fc08-e0de-4e51-9b89-17619e09b3aa" testListId="8c84fa94-04c1-424b-9868-57a2d4851a1d" />
    <TestEntry testId="1d67653a-3bea-0c73-2819-d1761b53eb6a" executionId="487403e7-4f96-403c-b883-227b346de257" testListId="8c84fa94-04c1-424b-9868-57a2d4851a1d" />
    <TestEntry testId="247fdfe7-4482-016a-49fa-ffb56ead129e" executionId="556c3a71-c80b-4c36-b1ff-8b256d6f8212" testListId="8c84fa94-04c1-424b-9868-57a2d4851a1d" />
  </TestEntries>
  <TestLists>
    <TestList name="Results Not in a List" id="8c84fa94-04c1-424b-9868-57a2d4851a1d" />
    <TestList name="All Loaded Results" id="19431567-8539-422a-85d7-44ee4e166bda" />
  </TestLists>
  <ResultSummary outcome="Failed">
    <Counters total="214" executed="214" passed="213" failed="1" error="0" timeout="0" aborted="0" inconclusive="0" passedButRunAborted="0" notRunnable="0" notExecuted="0" disconnected="0" warning="0" completed="0" inProgress="0" pending="0" />
    <Output>
      <StdOut>Tokens for 'let x = 42\n': [LET; IDENT "x"; EQUALS; NUMBER 42; EOF]
Tokens for various expr types: [LET; IDENT "id"; IDENT "x"; EQUALS; IDENT "x"; LET; IDENT "const42"; EQUALS;
 INDENT; NUMBER 42; DEDENT; LET; IDENT "app"; EQUALS; IDENT "id";
 IDENT "const42"; EOF]
Tokens for indented bodies: [LET; IDENT "x"; EQUALS; INDENT; LET; IDENT "a"; EQUALS; NUMBER 1; IN; LET;
 IDENT "b"; EQUALS; NUMBER 2; IN; IDENT "a"; PLUS; IDENT "b"; DEDENT; LET;
 IDENT "y"; EQUALS; INDENT; IDENT "x"; STAR; NUMBER 2; DEDENT; EOF]
Tokens: [LET; IDENT "result"; EQUALS; IDENT "add"; INDENT; NUMBER 10; NUMBER 20; DEDENT;
 EOF]
</StdOut>
    </Output>
  </ResultSummary>
</TestRun>