<?xml version="1.0" encoding="utf-8"?>
<TestRun id="849d62d8-4e88-4442-88de-02cf527cb2af" name="@hamabot 2026-03-25 09:32:01" xmlns="http://microsoft.com/schemas/VisualStudio/TeamTest/2010">
  <Times creation="2026-03-25T09:32:01.2886910+09:00" queuing="2026-03-25T09:32:01.2886910+09:00" start="2026-03-25T09:32:00.9995900+09:00" finish="2026-03-25T09:32:02.2840420+09:00" />
  <TestSettings name="default" id="bc14c0fd-2329-4c69-956b-8fdad99b20bb">
    <Deployment runDeploymentRoot="_hamabot_2026-03-25_09_32_01" />
  </TestSettings>
  <Results>
    <UnitTestResult executionId="49dff032-314a-41d6-812e-a2c971636450" testId="5a584346-0947-8a99-3ff5-61af5c3907ef" testName="Integration.testMultiLineFunctionApp" computerName="hamabot" duration="00:00:00.0010000" startTime="2026-03-25T09:32:01.8644420+09:00" endTime="2026-03-25T09:32:01.8655180+09:00" testType="13cdc9d9-ddb5-4fa4-a97d-d965ccfc6d4b" outcome="Passed" testListId="8c84fa94-04c1-424b-9868-57a2d4851a1d" relativeResultsDirectory="49dff032-314a-41d6-812e-a2c971636450" />
    <UnitTestResult executionId="87d8c368-5dee-420d-9ce8-253bcef199a2" testId="cc324cae-6188-a919-243c-4ad5bf148bfb" testName="GADT.GADT-04: Polymorphic GADT match.GADT match result type is inferred from single branch body" computerName="hamabot" duration="00:00:00.0010000" startTime="2026-03-25T09:32:01.6151260+09:00" endTime="2026-03-25T09:32:01.6174470+09:00" testType="13cdc9d9-ddb5-4fa4-a97d-d965ccfc6d4b" outcome="Passed" testListId="8c84fa94-04c1-424b-9868-57a2d4851a1d" relativeResultsDirectory="87d8c368-5dee-420d-9ce8-253bcef199a2" />
    <UnitTestResult executionId="608c1ee5-8e77-455c-83e8-ed37e1234492" testId="eeea6a57-ad0a-2fc9-22fa-50fd43705a0d" testName="SYN-01/06/07/08: Parser improvements.local let rec actually recurses correctly inside lambda" computerName="hamabot" duration="00:00:00.0130000" startTime="2026-03-25T09:32:02.0156800+09:00" endTime="2026-03-25T09:32:02.0293510+09:00" testType="13cdc9d9-ddb5-4fa4-a97d-d965ccfc6d4b" outcome="Passed" testListId="8c84fa94-04c1-424b-9868-57a2d4851a1d" relativeResultsDirectory="608c1ee5-8e77-455c-83e8-ed37e1234492" />
    <UnitTestResult executionId="9e835300-1f0f-419e-b558-e9e96a8e6c95" testId="dd69769b-c65c-da00-c564-f66b200cc4e7" testName="Records.REC-03: Field access.chained field access on nested records" computerName="hamabot" duration="00:00:00.0010000" startTime="2026-03-25T09:32:01.7103640+09:00" endTime="2026-03-25T09:32:01.7118330+09:00" testType="13cdc9d9-ddb5-4fa4-a97d-d965ccfc6d4b" outcome="Passed" testListId="8c84fa94-04c1-424b-9868-57a2d4851a1d" relativeResultsDirectory="9e835300-1f0f-419e-b558-e9e96a8e6c95" />
    <UnitTestResult executionId="10cc6b38-53dc-4104-879f-a4ebcfb4b477" testId="c28d978c-23b4-564c-14dc-0a83457c5da6" testName="Integration.testModuleLevelDeclarations" computerName="hamabot" duration="00:00:00.0010000" startTime="2026-03-25T09:32:01.8053480+09:00" endTime="2026-03-25T09:32:01.8071970+09:00" testType="13cdc9d9-ddb5-4fa4-a97d-d965ccfc6d4b" outcome="Passed" testListId="8c84fa94-04c1-424b-9868-57a2d4851a1d" relativeResultsDirectory="10cc6b38-53dc-4104-879f-a4ebcfb4b477" />
    <UnitTestResult executionId="c44b3695-c747-4ee3-990c-7fd7b2ea6d09" testId="700103fd-036a-d8a6-171c-c18bf9834e62" testName="Modules.SC2: Nested modules.nested module with function" computerName="hamabot" duration="00:00:00.0020000" startTime="2026-03-25T09:32:01.5239230+09:00" endTime="2026-03-25T09:32:01.5265500+09:00" testType="13cdc9d9-ddb5-4fa4-a97d-d965ccfc6d4b" outcome="Passed" testListId="8c84fa94-04c1-424b-9868-57a2d4851a1d" relativeResultsDirectory="c44b3695-c747-4ee3-990c-7fd7b2ea6d09" />
    <UnitTestResult executionId="ce3bd3db-fd41-419b-afd2-187226e3e0df" testId="8ca1dd5f-01f4-86fe-4cde-ebb32144201a" testName="Exceptions.EXC-05: when guards.when guard falls through to wildcard" computerName="hamabot" startTime="2026-03-25T09:32:01.3860460+09:00" endTime="2026-03-25T09:32:01.3864610+09:00" testType="13cdc9d9-ddb5-4fa4-a97d-d965ccfc6d4b" outcome="Passed" testListId="8c84fa94-04c1-424b-9868-57a2d4851a1d" relativeResultsDirectory="ce3bd3db-fd41-419b-afd2-187226e3e0df" />
    <UnitTestResult executionId="c3ea61fc-e6fd-48eb-baca-7e922e8c42c7" testId="72b10f51-afae-341c-5762-c086851bd0e2" testName="Records.REC-05: Record patterns.partial record pattern binds only named fields" computerName="hamabot" duration="00:00:00.0010000" startTime="2026-03-25T09:32:01.7107030+09:00" endTime="2026-03-25T09:32:01.7130330+09:00" testType="13cdc9d9-ddb5-4fa4-a97d-d965ccfc6d4b" outcome="Passed" testListId="8c84fa94-04c1-424b-9868-57a2d4851a1d" relativeResultsDirectory="c3ea61fc-e6fd-48eb-baca-7e922e8c42c7" />
    <UnitTestResult executionId="0501fd75-e2c8-4506-95b2-a4363cca596d" testId="8ab6a213-ad26-6b42-fadc-201a2c30daff" testName="Match Compilation (Decision Tree).No Redundant Tests (structural).decision tree has no redundant constructor tests" computerName="hamabot" duration="00:00:00.0020000" startTime="2026-03-25T09:32:01.2804240+09:00" endTime="2026-03-25T09:32:01.2832280+09:00" testType="13cdc9d9-ddb5-4fa4-a97d-d965ccfc6d4b" outcome="Passed" testListId="8c84fa94-04c1-424b-9868-57a2d4851a1d" relativeResultsDirectory="0501fd75-e2c8-4506-95b2-a4363cca596d" />
    <UnitTestResult executionId="6b384c13-344c-4b78-8e0b-2f687f16012c" testId="f433e39b-4192-ba5b-466a-be5f07ce2a79" testName="Records.REC-01: Record type declarations.simple record type parses and type checks" computerName="hamabot" duration="00:00:00.0020000" startTime="2026-03-25T09:32:01.6642400+09:00" endTime="2026-03-25T09:32:01.6670510+09:00" testType="13cdc9d9-ddb5-4fa4-a97d-d965ccfc6d4b" outcome="Passed" testListId="8c84fa94-04c1-424b-9868-57a2d4851a1d" relativeResultsDirectory="6b384c13-344c-4b78-8e0b-2f687f16012c" />
    <UnitTestResult executionId="7c8f7468-9013-4741-9b2d-9829d57e4da9" testId="1ced1c25-2160-9204-032b-35271f6c2a09" testName="Exceptions.EXC-05: when guards.when guard falls through to client error" computerName="hamabot" startTime="2026-03-25T09:32:01.3858710+09:00" endTime="2026-03-25T09:32:01.3865430+09:00" testType="13cdc9d9-ddb5-4fa4-a97d-d965ccfc6d4b" outcome="Passed" testListId="8c84fa94-04c1-424b-9868-57a2d4851a1d" relativeResultsDirectory="7c8f7468-9013-4741-9b2d-9829d57e4da9" />
    <UnitTestResult executionId="e9f5a007-b408-4975-9447-ec255a0c62c9" testId="f3780806-7bdd-5777-cfc7-b7728d0d6a74" testName="Records.REC-07: Mutable fields.read mutable field normally" computerName="hamabot" duration="00:00:00.0010000" startTime="2026-03-25T09:32:01.7841960+09:00" endTime="2026-03-25T09:32:01.7858610+09:00" testType="13cdc9d9-ddb5-4fa4-a97d-d965ccfc6d4b" outcome="Passed" testListId="8c84fa94-04c1-424b-9868-57a2d4851a1d" relativeResultsDirectory="e9f5a007-b408-4975-9447-ec255a0c62c9" />
    <UnitTestResult executionId="39e6c739-faef-4bab-8cdd-ae1f6c8b99f2" testId="d1084f99-b725-8ee7-c765-84dcbc3cf530" testName="IndentFilter.errorMessages.testMatchPipeErrorMessage - match pipe alignment error is clear" computerName="hamabot" startTime="2026-03-25T09:32:02.2059460+09:00" endTime="2026-03-25T09:32:02.2068710+09:00" testType="13cdc9d9-ddb5-4fa4-a97d-d965ccfc6d4b" outcome="Passed" testListId="8c84fa94-04c1-424b-9868-57a2d4851a1d" relativeResultsDirectory="39e6c739-faef-4bab-8cdd-ae1f6c8b99f2" />
    <UnitTestResult executionId="6fa91aa3-0aaa-46e7-83af-efc9b481c929" testId="88bf9704-2abf-9741-8766-43ecf52d8354" testName="Redundancy.specific after wildcard is redundant" computerName="hamabot" startTime="2026-03-25T09:32:02.0504900+09:00" endTime="2026-03-25T09:32:02.0520750+09:00" testType="13cdc9d9-ddb5-4fa4-a97d-d965ccfc6d4b" outcome="Passed" testListId="8c84fa94-04c1-424b-9868-57a2d4851a1d" relativeResultsDirectory="6fa91aa3-0aaa-46e7-83af-efc9b481c929" />
    <UnitTestResult executionId="90a216a1-f65d-49b5-b397-db10410b9d8f" testId="d77e080b-0930-6b8f-bb51-d1f2afd65eb2" testName="Exceptions.When guards in match.when guard with list pattern positive head" computerName="hamabot" startTime="2026-03-25T09:32:01.4668460+09:00" endTime="2026-03-25T09:32:01.4674720+09:00" testType="13cdc9d9-ddb5-4fa4-a97d-d965ccfc6d4b" outcome="Passed" testListId="8c84fa94-04c1-424b-9868-57a2d4851a1d" relativeResultsDirectory="90a216a1-f65d-49b5-b397-db10410b9d8f" />
    <UnitTestResult executionId="42ce2ada-832d-4020-a928-de58d2aa328a" testId="44e82489-c043-947f-cdd5-03cab241934c" testName="File Import Tests.SC-4: record types in sibling modules with shared field names do not collide" computerName="hamabot" startTime="2026-03-25T09:32:02.2640490+09:00" endTime="2026-03-25T09:32:02.2642610+09:00" testType="13cdc9d9-ddb5-4fa4-a97d-d965ccfc6d4b" outcome="Passed" testListId="8c84fa94-04c1-424b-9868-57a2d4851a1d" relativeResultsDirectory="42ce2ada-832d-4020-a928-de58d2aa328a" />
    <UnitTestResult executionId="d2869deb-3359-497b-83c9-ab22e263a373" testId="149f89db-22f5-b4ce-112f-568a0d7a4ccd" testName="Modules.SC1: Top-level module/namespace.top-level namespace declaration" computerName="hamabot" startTime="2026-03-25T09:32:01.4669340+09:00" endTime="2026-03-25T09:32:01.4676160+09:00" testType="13cdc9d9-ddb5-4fa4-a97d-d965ccfc6d4b" outcome="Passed" testListId="8c84fa94-04c1-424b-9868-57a2d4851a1d" relativeResultsDirectory="d2869deb-3359-497b-83c9-ab22e263a373" />
    <UnitTestResult executionId="0a643aaa-359a-4cb0-9f98-ac1cadbc1616" testId="cf5c2309-bad1-f765-e885-b433c1926e07" testName="Records.REC-06: Structural equality.equal records are equal" computerName="hamabot" duration="00:00:00.0040000" startTime="2026-03-25T09:32:01.7118960+09:00" endTime="2026-03-25T09:32:01.7160330+09:00" testType="13cdc9d9-ddb5-4fa4-a97d-d965ccfc6d4b" outcome="Passed" testListId="8c84fa94-04c1-424b-9868-57a2d4851a1d" relativeResultsDirectory="0a643aaa-359a-4cb0-9f98-ac1cadbc1616" />
    <UnitTestResult executionId="6dfbeac7-49b3-44c0-8ca9-ab2a1fda5a2d" testId="35de974b-a0d4-03d9-1efe-d999fc9a32ab" testName="Modules.SC3: Open directive.open then qualified access coexist" computerName="hamabot" duration="00:00:00.0020000" startTime="2026-03-25T09:32:01.5239900+09:00" endTime="2026-03-25T09:32:01.5265560+09:00" testType="13cdc9d9-ddb5-4fa4-a97d-d965ccfc6d4b" outcome="Passed" testListId="8c84fa94-04c1-424b-9868-57a2d4851a1d" relativeResultsDirectory="6dfbeac7-49b3-44c0-8ca9-ab2a1fda5a2d" />
    <UnitTestResult executionId="6ba8f48d-e70c-4f4d-9472-36b4fcc60916" testId="e60194b9-3ab4-4c8f-5439-de32e90154b7" testName="IndentFilter.matchExpressions.testMatchPipeMisalignment - error when pipes don't align" computerName="hamabot" duration="00:00:00.0010000" startTime="2026-03-25T09:32:02.1552960+09:00" endTime="2026-03-25T09:32:02.1576410+09:00" testType="13cdc9d9-ddb5-4fa4-a97d-d965ccfc6d4b" outcome="Passed" testListId="8c84fa94-04c1-424b-9868-57a2d4851a1d" relativeResultsDirectory="6ba8f48d-e70c-4f4d-9472-36b4fcc60916" />
    <UnitTestResult executionId="b1837a9d-37dc-4d5a-8306-f5167328cdaa" testId="06613720-51ef-d242-7286-25a51b29a23b" testName="Match Compilation (Decision Tree).When Guards.guard with fallthrough" computerName="hamabot" startTime="2026-03-25T09:32:01.2803970+09:00" endTime="2026-03-25T09:32:01.2812550+09:00" testType="13cdc9d9-ddb5-4fa4-a97d-d965ccfc6d4b" outcome="Passed" testListId="8c84fa94-04c1-424b-9868-57a2d4851a1d" relativeResultsDirectory="b1837a9d-37dc-4d5a-8306-f5167328cdaa" />
    <UnitTestResult executionId="6055a2c2-8b49-4407-8c94-adf2d5eca032" testId="9d28621f-9d1c-7e34-737f-05eed4a29f1e" testName="PatternFormat.format nested constructor" computerName="hamabot" startTime="2026-03-25T09:32:02.1170740+09:00" endTime="2026-03-25T09:32:02.1176300+09:00" testType="13cdc9d9-ddb5-4fa4-a97d-d965ccfc6d4b" outcome="Passed" testListId="8c84fa94-04c1-424b-9868-57a2d4851a1d" relativeResultsDirectory="6055a2c2-8b49-4407-8c94-adf2d5eca032" />
    <UnitTestResult executionId="8a93e298-2737-4620-813d-aad1f4caf060" testId="e3ef5941-4570-9d14-ff02-d5f32d60936b" testName="Redundancy.redundant duplicate pattern" computerName="hamabot" duration="00:00:00.0010000" startTime="2026-03-25T09:32:02.0504660+09:00" endTime="2026-03-25T09:32:02.0520670+09:00" testType="13cdc9d9-ddb5-4fa4-a97d-d965ccfc6d4b" outcome="Passed" testListId="8c84fa94-04c1-424b-9868-57a2d4851a1d" relativeResultsDirectory="8a93e298-2737-4620-813d-aad1f4caf060" />
    <UnitTestResult executionId="a3b4b89c-6331-49bf-9501-fb0c797d2c0b" testId="161ba736-ed8e-a346-9a07-71b62ed350df" testName="Modules.Record field access regression.record field access still works with module system" computerName="hamabot" duration="00:00:00.0020000" startTime="2026-03-25T09:32:01.5392780+09:00" endTime="2026-03-25T09:32:01.5418600+09:00" testType="13cdc9d9-ddb5-4fa4-a97d-d965ccfc6d4b" outcome="Passed" testListId="8c84fa94-04c1-424b-9868-57a2d4851a1d" relativeResultsDirectory="a3b4b89c-6331-49bf-9501-fb0c797d2c0b" />
    <UnitTestResult executionId="20029293-65db-4409-b45e-c4ac2edd6479" testId="d68a4dd1-f1ce-cac3-dbfb-f286b5154cc7" testName="Exceptions.EXC-04: Exception pattern matching.nested try-with inner catches" computerName="hamabot" startTime="2026-03-25T09:32:01.3858610+09:00" endTime="2026-03-25T09:32:01.3864240+09:00" testType="13cdc9d9-ddb5-4fa4-a97d-d965ccfc6d4b" outcome="Passed" testListId="8c84fa94-04c1-424b-9868-57a2d4851a1d" relativeResultsDirectory="20029293-65db-4409-b45e-c4ac2edd6479" />
    <UnitTestResult executionId="f25ef8ec-c2b6-4031-8a02-6f4afd7eb60c" testId="d10baf59-1f3b-0a19-533b-98fb2a33f51a" testName="Integration.testMatchOnSimpleADT" computerName="hamabot" startTime="2026-03-25T09:32:01.9345820+09:00" endTime="2026-03-25T09:32:01.9354550+09:00" testType="13cdc9d9-ddb5-4fa4-a97d-d965ccfc6d4b" outcome="Passed" testListId="8c84fa94-04c1-424b-9868-57a2d4851a1d" relativeResultsDirectory="f25ef8ec-c2b6-4031-8a02-6f4afd7eb60c" />
    <UnitTestResult executionId="8ce51590-3333-4a5e-9ccb-aa5b634e8dd5" testId="37ef25b4-441c-01cd-2574-4e05c7bd7d2c" testName="Integration.testParseMutuallyRecursiveADT" computerName="hamabot" startTime="2026-03-25T09:32:01.8655340+09:00" endTime="2026-03-25T09:32:01.8659960+09:00" testType="13cdc9d9-ddb5-4fa4-a97d-d965ccfc6d4b" outcome="Passed" testListId="8c84fa94-04c1-424b-9868-57a2d4851a1d" relativeResultsDirectory="8ce51590-3333-4a5e-9ccb-aa5b634e8dd5" />
    <UnitTestResult executionId="a4285ddf-9257-4bbd-8bfa-419367445327" testId="3b3a270e-0b6b-4987-db56-2ae9787c42b1" testName="Integration.testParseRecursiveADT" computerName="hamabot" startTime="2026-03-25T09:32:01.8645340+09:00" endTime="2026-03-25T09:32:01.8656470+09:00" testType="13cdc9d9-ddb5-4fa4-a97d-d965ccfc6d4b" outcome="Passed" testListId="8c84fa94-04c1-424b-9868-57a2d4851a1d" relativeResultsDirectory="a4285ddf-9257-4bbd-8bfa-419367445327" />
    <UnitTestResult executionId="80b3dcf4-c352-4df2-bc64-25ddb4446630" testId="eda2bb23-701e-8362-e955-7b8ee4e49639" testName="Modules.SC4: Qualified access.qualified access with function application" computerName="hamabot" duration="00:00:00.0020000" startTime="2026-03-25T09:32:01.5240340+09:00" endTime="2026-03-25T09:32:01.5265630+09:00" testType="13cdc9d9-ddb5-4fa4-a97d-d965ccfc6d4b" outcome="Passed" testListId="8c84fa94-04c1-424b-9868-57a2d4851a1d" relativeResultsDirectory="80b3dcf4-c352-4df2-bc64-25ddb4446630" />
    <UnitTestResult executionId="74ef4aca-c3e6-4881-8ba6-275034e1161a" testId="ef461fd4-344f-9f6d-f79c-4f1236a75960" testName="Integration.testConstructorArityMismatch" computerName="hamabot" duration="00:00:00.0030000" startTime="2026-03-25T09:32:01.9346940+09:00" endTime="2026-03-25T09:32:01.9384760+09:00" testType="13cdc9d9-ddb5-4fa4-a97d-d965ccfc6d4b" outcome="Passed" testListId="8c84fa94-04c1-424b-9868-57a2d4851a1d" relativeResultsDirectory="74ef4aca-c3e6-4881-8ba6-275034e1161a" />
    <UnitTestResult executionId="d4639e7c-46c8-4272-a8b7-6523881e968e" testId="b57d4eb4-a128-f740-abb4-e84892a48542" testName="Records.REC-05: Record patterns.match on record destructures fields" computerName="hamabot" duration="00:00:00.0010000" startTime="2026-03-25T09:32:01.7106480+09:00" endTime="2026-03-25T09:32:01.7129790+09:00" testType="13cdc9d9-ddb5-4fa4-a97d-d965ccfc6d4b" outcome="Passed" testListId="8c84fa94-04c1-424b-9868-57a2d4851a1d" relativeResultsDirectory="d4639e7c-46c8-4272-a8b7-6523881e968e" />
    <UnitTestResult executionId="3b7de103-2026-4ab1-a141-cbaf33c84910" testId="3afe9286-0dab-5191-eb2d-c5693f678aa7" testName="Integration.testADTNullaryConstructor" computerName="hamabot" startTime="2026-03-25T09:32:01.9347800+09:00" endTime="2026-03-25T09:32:01.9356420+09:00" testType="13cdc9d9-ddb5-4fa4-a97d-d965ccfc6d4b" outcome="Passed" testListId="8c84fa94-04c1-424b-9868-57a2d4851a1d" relativeResultsDirectory="3b7de103-2026-4ab1-a141-cbaf33c84910" />
    <UnitTestResult executionId="4354dc63-7226-4bac-9269-0f9d209a063d" testId="8e1215dc-0533-e2a6-cdf7-604e17f86a35" testName="Exceptions.EXC-03: try-with.try-with with data extraction" computerName="hamabot" duration="00:00:00.0010000" startTime="2026-03-25T09:32:01.3026260+09:00" endTime="2026-03-25T09:32:01.3041750+09:00" testType="13cdc9d9-ddb5-4fa4-a97d-d965ccfc6d4b" outcome="Passed" testListId="8c84fa94-04c1-424b-9868-57a2d4851a1d" relativeResultsDirectory="4354dc63-7226-4bac-9269-0f9d209a063d" />
    <UnitTestResult executionId="83f5ca55-f823-4287-8b1d-3cd02afc8123" testId="d4a69936-10eb-5e31-4097-27e4e6494eba" testName="Records.REC-02: Record expressions.create record with all fields" computerName="hamabot" duration="00:00:00.0010000" startTime="2026-03-25T09:32:01.6645340+09:00" endTime="2026-03-25T09:32:01.6678370+09:00" testType="13cdc9d9-ddb5-4fa4-a97d-d965ccfc6d4b" outcome="Passed" testListId="8c84fa94-04c1-424b-9868-57a2d4851a1d" relativeResultsDirectory="83f5ca55-f823-4287-8b1d-3cd02afc8123" />
    <UnitTestResult executionId="7cfaa333-89a9-4b1d-b040-dc0e083446b7" testId="ff4e72d6-52be-8ab1-3cdb-644e3f1c6f92" testName="GADT.GADT-05: Cross-type polymorphic return (eval : 'a Expr -&gt; 'a).cross-type eval type-checks without annotation" computerName="hamabot" duration="00:00:00.0010000" startTime="2026-03-25T09:32:01.6151460+09:00" endTime="2026-03-25T09:32:01.6175900+09:00" testType="13cdc9d9-ddb5-4fa4-a97d-d965ccfc6d4b" outcome="Passed" testListId="8c84fa94-04c1-424b-9868-57a2d4851a1d" relativeResultsDirectory="7cfaa333-89a9-4b1d-b040-dc0e083446b7" />
    <UnitTestResult executionId="8ed3ca56-cb75-436d-bf94-c182a57ad8f4" testId="89079a09-5ffc-2090-c32d-97908b2faa47" testName="File Import Tests.SC-2: multiple module declarations coexist in one file" computerName="hamabot" startTime="2026-03-25T09:32:02.2637080+09:00" endTime="2026-03-25T09:32:02.2638430+09:00" testType="13cdc9d9-ddb5-4fa4-a97d-d965ccfc6d4b" outcome="Passed" testListId="8c84fa94-04c1-424b-9868-57a2d4851a1d" relativeResultsDirectory="8ed3ca56-cb75-436d-bf94-c182a57ad8f4" />
    <UnitTestResult executionId="a194b8d0-c611-4577-8045-a9a0094a07b9" testId="8be671da-66a4-7253-d932-9f63a1ea7284" testName="SpecializeMatrix.specialize multi-arg constructor" computerName="hamabot" duration="00:00:00.0010000" startTime="2026-03-25T09:32:02.1172680+09:00" endTime="2026-03-25T09:32:02.1193450+09:00" testType="13cdc9d9-ddb5-4fa4-a97d-d965ccfc6d4b" outcome="Passed" testListId="8c84fa94-04c1-424b-9868-57a2d4851a1d" relativeResultsDirectory="a194b8d0-c611-4577-8045-a9a0094a07b9" />
    <UnitTestResult executionId="d1c53cba-c9e1-45ca-9360-77c9e6d5b017" testId="fcb4dbf1-e20b-a921-221c-d184c2750c56" testName="Match Compilation (Decision Tree).Constant Patterns.boolean constants" computerName="hamabot" duration="00:00:00.0010000" startTime="2026-03-25T09:32:01.2803190+09:00" endTime="2026-03-25T09:32:01.2818360+09:00" testType="13cdc9d9-ddb5-4fa4-a97d-d965ccfc6d4b" outcome="Passed" testListId="8c84fa94-04c1-424b-9868-57a2d4851a1d" relativeResultsDirectory="d1c53cba-c9e1-45ca-9360-77c9e6d5b017" />
    <UnitTestResult executionId="f904fa20-2273-4a8d-a94e-e7b523a75cc5" testId="cec00de7-4fb4-5add-5676-9b5ccfb51968" testName="Exhaustiveness.bool type - all cases covered" computerName="hamabot" startTime="2026-03-25T09:32:02.0504180+09:00" endTime="2026-03-25T09:32:02.0518460+09:00" testType="13cdc9d9-ddb5-4fa4-a97d-d965ccfc6d4b" outcome="Passed" testListId="8c84fa94-04c1-424b-9868-57a2d4851a1d" relativeResultsDirectory="f904fa20-2273-4a8d-a94e-e7b523a75cc5" />
    <UnitTestResult executionId="f769acdd-4977-48bb-bca5-bb4c767aba63" testId="d724df6a-9df0-dc18-82dc-39bab9b77e7d" testName="IndentFilter.elseIndentation.else at same column as if does not emit INDENT before ELSE" computerName="hamabot" startTime="2026-03-25T09:32:02.2059470+09:00" endTime="2026-03-25T09:32:02.2071750+09:00" testType="13cdc9d9-ddb5-4fa4-a97d-d965ccfc6d4b" outcome="Passed" testListId="8c84fa94-04c1-424b-9868-57a2d4851a1d" relativeResultsDirectory="f769acdd-4977-48bb-bca5-bb4c767aba63" />
    <UnitTestResult executionId="21d33087-8257-46f3-a658-9f40bed3a3ee" testId="94567b09-69d1-0a79-0053-5581c85eedb9" testName="PatternFormat.format wildcard" computerName="hamabot" startTime="2026-03-25T09:32:02.1170880+09:00" endTime="2026-03-25T09:32:02.1176290+09:00" testType="13cdc9d9-ddb5-4fa4-a97d-d965ccfc6d4b" outcome="Passed" testListId="8c84fa94-04c1-424b-9868-57a2d4851a1d" relativeResultsDirectory="21d33087-8257-46f3-a658-9f40bed3a3ee" />
    <UnitTestResult executionId="0d3afcca-0b06-45ad-b424-d89d27b55c29" testId="699f9d1d-4670-fcf2-4e17-c75dd1b67e0c" testName="Integration.debug tokens for testModuleLevelWithIndentedBodies" computerName="hamabot" duration="00:00:00.0450000" startTime="2026-03-25T09:32:01.8052500+09:00" endTime="2026-03-25T09:32:01.8507620+09:00" testType="13cdc9d9-ddb5-4fa4-a97d-d965ccfc6d4b" outcome="Passed" testListId="8c84fa94-04c1-424b-9868-57a2d4851a1d" relativeResultsDirectory="0d3afcca-0b06-45ad-b424-d89d27b55c29" />
    <UnitTestResult executionId="07cf8f21-c57a-4bd9-a4b0-ff99160ae974" testId="fd8c8e3f-8a8c-04d3-805a-0a7b9ff63158" testName="Integration.testADTRecursiveTreeConstruction" computerName="hamabot" duration="00:00:00.0010000" startTime="2026-03-25T09:32:02.0041270+09:00" endTime="2026-03-25T09:32:02.0059460+09:00" testType="13cdc9d9-ddb5-4fa4-a97d-d965ccfc6d4b" outcome="Passed" testListId="8c84fa94-04c1-424b-9868-57a2d4851a1d" relativeResultsDirectory="07cf8f21-c57a-4bd9-a4b0-ff99160ae974" />
    <UnitTestResult executionId="b1c73a4f-ae7d-4168-831b-47155a824089" testId="b4378313-6b0b-2912-70ae-30648cb02e64" testName="IndentFilter.filter.converts NEWLINE to INDENT on deeper" computerName="hamabot" startTime="2026-03-25T09:32:02.1551100+09:00" endTime="2026-03-25T09:32:02.1557810+09:00" testType="13cdc9d9-ddb5-4fa4-a97d-d965ccfc6d4b" outcome="Passed" testListId="8c84fa94-04c1-424b-9868-57a2d4851a1d" relativeResultsDirectory="b1c73a4f-ae7d-4168-831b-47155a824089" />
    <UnitTestResult executionId="13cef5cf-e989-4c9f-9bec-9ca736c124c5" testId="5b34417b-8dcb-d786-e894-584502c1ae67" testName="PatternFormat.format nullary constructor" computerName="hamabot" startTime="2026-03-25T09:32:02.0505400+09:00" endTime="2026-03-25T09:32:02.0516720+09:00" testType="13cdc9d9-ddb5-4fa4-a97d-d965ccfc6d4b" outcome="Passed" testListId="8c84fa94-04c1-424b-9868-57a2d4851a1d" relativeResultsDirectory="13cef5cf-e989-4c9f-9bec-9ca736c124c5" />
    <UnitTestResult executionId="efead862-1ef8-4819-afa2-47fe6fca7c68" testId="f32965e3-9188-e003-dbc2-cd069a32cd92" testName="IndentFilter.processNewline.deeper indent emits INDENT" computerName="hamabot" duration="00:00:00.0010000" startTime="2026-03-25T09:32:02.1545560+09:00" endTime="2026-03-25T09:32:02.1557950+09:00" testType="13cdc9d9-ddb5-4fa4-a97d-d965ccfc6d4b" outcome="Passed" testListId="8c84fa94-04c1-424b-9868-57a2d4851a1d" relativeResultsDirectory="efead862-1ef8-4819-afa2-47fe6fca7c68" />
    <UnitTestResult executionId="d2df3349-ff9d-4023-8b61-4bb8a72d8682" testId="757311bb-dc06-b34d-c69e-f1c235635075" testName="Exceptions.EXC-02: raise.raise nullary exception" computerName="hamabot" duration="00:00:00.0060000" startTime="2026-03-25T09:32:01.2973640+09:00" endTime="2026-03-25T09:32:01.3041240+09:00" testType="13cdc9d9-ddb5-4fa4-a97d-d965ccfc6d4b" outcome="Passed" testListId="8c84fa94-04c1-424b-9868-57a2d4851a1d" relativeResultsDirectory="d2df3349-ff9d-4023-8b61-4bb8a72d8682" />
    <UnitTestResult executionId="c5345fc9-4cdc-4e0a-9651-ecfacca366d7" testId="4dd39078-c161-1acf-5fbb-59dffdc2a43b" testName="Exhaustiveness.tree type - Leaf and Node exhaustive" computerName="hamabot" startTime="2026-03-25T09:32:02.0323450+09:00" endTime="2026-03-25T09:32:02.0329230+09:00" testType="13cdc9d9-ddb5-4fa4-a97d-d965ccfc6d4b" outcome="Passed" testListId="8c84fa94-04c1-424b-9868-57a2d4851a1d" relativeResultsDirectory="c5345fc9-4cdc-4e0a-9651-ecfacca366d7" />
    <UnitTestResult executionId="1c7ca21a-66e0-4498-a283-aa7877cdddc7" testId="842ac101-9ef5-15e7-4d5d-41e9a1ade5e2" testName="Modules.SC1: Top-level module/namespace.top-level module declaration" computerName="hamabot" startTime="2026-03-25T09:32:01.4669270+09:00" endTime="2026-03-25T09:32:01.4675850+09:00" testType="13cdc9d9-ddb5-4fa4-a97d-d965ccfc6d4b" outcome="Passed" testListId="8c84fa94-04c1-424b-9868-57a2d4851a1d" relativeResultsDirectory="1c7ca21a-66e0-4498-a283-aa7877cdddc7" />
    <UnitTestResult executionId="e2ae02d8-d073-4cfd-94fa-241f76963aae" testId="3bdd2e31-0919-bc53-131c-e9cebe413d43" testName="PatternFormat.format multi-arg constructor" computerName="hamabot" startTime="2026-03-25T09:32:02.1171110+09:00" endTime="2026-03-25T09:32:02.1176470+09:00" testType="13cdc9d9-ddb5-4fa4-a97d-d965ccfc6d4b" outcome="Passed" testListId="8c84fa94-04c1-424b-9868-57a2d4851a1d" relativeResultsDirectory="e2ae02d8-d073-4cfd-94fa-241f76963aae" />
    <UnitTestResult executionId="0a45c2de-2a2e-4c98-a628-5061b0fa81e9" testId="417a7aec-f09c-66ce-e754-8ba0e11d2d25" testName="GADT.GADT-01: GADT declarations.type check GADT declaration succeeds" computerName="hamabot" duration="00:00:00.0060000" startTime="2026-03-25T09:32:01.5393090+09:00" endTime="2026-03-25T09:32:01.5455050+09:00" testType="13cdc9d9-ddb5-4fa4-a97d-d965ccfc6d4b" outcome="Passed" testListId="8c84fa94-04c1-424b-9868-57a2d4851a1d" relativeResultsDirectory="0a45c2de-2a2e-4c98-a628-5061b0fa81e9" />
    <UnitTestResult executionId="ef70bd20-5dc4-4a96-b4ec-92b618f0f4e3" testId="00125e4f-848e-8630-4fcf-8b82ed90e852" testName="Exceptions.Edge cases.re-raise when no handler matches" computerName="hamabot" startTime="2026-03-25T09:32:01.4669110+09:00" endTime="2026-03-25T09:32:01.4675250+09:00" testType="13cdc9d9-ddb5-4fa4-a97d-d965ccfc6d4b" outcome="Passed" testListId="8c84fa94-04c1-424b-9868-57a2d4851a1d" relativeResultsDirectory="ef70bd20-5dc4-4a96-b4ec-92b618f0f4e3" />
    <UnitTestResult executionId="64df575b-a3a4-4fb5-bf26-e1c85de4f33e" testId="1405740d-8060-29a9-1840-f9742125d7ae" testName="Match Compilation (Decision Tree).Heuristic Correctness.tuple of ADTs" computerName="hamabot" startTime="2026-03-25T09:32:01.2804110+09:00" endTime="2026-03-25T09:32:01.2809550+09:00" testType="13cdc9d9-ddb5-4fa4-a97d-d965ccfc6d4b" outcome="Passed" testListId="8c84fa94-04c1-424b-9868-57a2d4851a1d" relativeResultsDirectory="64df575b-a3a4-4fb5-bf26-e1c85de4f33e" />
    <UnitTestResult executionId="059ca7cc-9fbd-44b0-b06b-dcbb918587f7" testId="2fb23ad6-9352-7734-9504-6e29164e500d" testName="IndentFilter.elseIndentation.else at deeper column than if does not emit INDENT before ELSE" computerName="hamabot" startTime="2026-03-25T09:32:02.2059690+09:00" endTime="2026-03-25T09:32:02.2071690+09:00" testType="13cdc9d9-ddb5-4fa4-a97d-d965ccfc6d4b" outcome="Passed" testListId="8c84fa94-04c1-424b-9868-57a2d4851a1d" relativeResultsDirectory="059ca7cc-9fbd-44b0-b06b-dcbb918587f7" />
    <UnitTestResult executionId="c0ba0b14-706c-4583-90a4-f1f103ecbebb" testId="936ab289-1d8d-be75-8c2c-d3b18a06f4e7" testName="IndentFilter.filter.emits DEDENT at end for open indents" computerName="hamabot" startTime="2026-03-25T09:32:02.1551230+09:00" endTime="2026-03-25T09:32:02.1569460+09:00" testType="13cdc9d9-ddb5-4fa4-a97d-d965ccfc6d4b" outcome="Passed" testListId="8c84fa94-04c1-424b-9868-57a2d4851a1d" relativeResultsDirectory="c0ba0b14-706c-4583-90a4-f1f103ecbebb" />
    <UnitTestResult executionId="31435779-276c-48f0-9302-daedcee7734c" testId="06295449-cb4a-b5e2-1cd4-8aff182d5269" testName="IndentFilter.processNewline.invalid indent throws error" computerName="hamabot" duration="00:00:00.0020000" startTime="2026-03-25T09:32:02.1547080+09:00" endTime="2026-03-25T09:32:02.1576430+09:00" testType="13cdc9d9-ddb5-4fa4-a97d-d965ccfc6d4b" outcome="Passed" testListId="8c84fa94-04c1-424b-9868-57a2d4851a1d" relativeResultsDirectory="31435779-276c-48f0-9302-daedcee7734c" />
    <UnitTestResult executionId="8b100d49-5c3b-4a2d-846d-2a2c4d032642" testId="73a89096-df33-bf3b-4f34-f04fe68649d0" testName="SpecializeMatrix.specialize removes non-matching constructors" computerName="hamabot" duration="00:00:00.0020000" startTime="2026-03-25T09:32:02.1171400+09:00" endTime="2026-03-25T09:32:02.1193430+09:00" testType="13cdc9d9-ddb5-4fa4-a97d-d965ccfc6d4b" outcome="Passed" testListId="8c84fa94-04c1-424b-9868-57a2d4851a1d" relativeResultsDirectory="8b100d49-5c3b-4a2d-846d-2a2c4d032642" />
    <UnitTestResult executionId="b585dbe8-6963-4050-abb1-a6ada887fcc7" testId="e165cf0e-d8d3-a5eb-4ea4-be68754d2c8e" testName="Exhaustiveness.complete Option - None and Some" computerName="hamabot" startTime="2026-03-25T09:32:02.0321840+09:00" endTime="2026-03-25T09:32:02.0327140+09:00" testType="13cdc9d9-ddb5-4fa4-a97d-d965ccfc6d4b" outcome="Passed" testListId="8c84fa94-04c1-424b-9868-57a2d4851a1d" relativeResultsDirectory="b585dbe8-6963-4050-abb1-a6ada887fcc7" />
    <UnitTestResult executionId="2ed963e9-58a0-4121-9a66-fb2cd4e78fa8" testId="e71765fe-a249-2266-1edc-7cbcb47c4f08" testName="Records.REC-04: Copy-and-update.update multiple fields" computerName="hamabot" duration="00:00:00.0040000" startTime="2026-03-25T09:32:01.7104700+09:00" endTime="2026-03-25T09:32:01.7153630+09:00" testType="13cdc9d9-ddb5-4fa4-a97d-d965ccfc6d4b" outcome="Passed" testListId="8c84fa94-04c1-424b-9868-57a2d4851a1d" relativeResultsDirectory="2ed963e9-58a0-4121-9a66-fb2cd4e78fa8" />
    <UnitTestResult executionId="7b6e61f7-d70e-4428-ae4f-ba411fefde35" testId="5941a0bc-3f80-1d88-74ae-10952109e4e1" testName="Match Compilation (Decision Tree).PMATCH-01: ADT Constructor Patterns.constructor with nested data - Tree" computerName="hamabot" duration="00:00:00.0450000" startTime="2026-03-25T09:32:01.2204230+09:00" endTime="2026-03-25T09:32:01.2770680+09:00" testType="13cdc9d9-ddb5-4fa4-a97d-d965ccfc6d4b" outcome="Passed" testListId="8c84fa94-04c1-424b-9868-57a2d4851a1d" relativeResultsDirectory="7b6e61f7-d70e-4428-ae4f-ba411fefde35" />
    <UnitTestResult executionId="74e5af71-01cd-4b8a-9d78-04ab0458bac3" testId="e1dc1e02-b36f-bad2-ad6f-01bc16aa33f9" testName="Integration.testADTPatternMatchingNullary" computerName="hamabot" startTime="2026-03-25T09:32:01.9353240+09:00" endTime="2026-03-25T09:32:01.9360830+09:00" testType="13cdc9d9-ddb5-4fa4-a97d-d965ccfc6d4b" outcome="Passed" testListId="8c84fa94-04c1-424b-9868-57a2d4851a1d" relativeResultsDirectory="74e5af71-01cd-4b8a-9d78-04ab0458bac3" />
    <UnitTestResult executionId="a96c1aa9-94b3-4a4a-8f82-23d96c211f5e" testId="1d34a434-4090-0ab6-495c-f9fe9976bdeb" testName="Usefulness.wildcard useful when constructors not fully covered" computerName="hamabot" startTime="2026-03-25T09:32:02.0169790+09:00" endTime="2026-03-25T09:32:02.0177070+09:00" testType="13cdc9d9-ddb5-4fa4-a97d-d965ccfc6d4b" outcome="Passed" testListId="8c84fa94-04c1-424b-9868-57a2d4851a1d" relativeResultsDirectory="a96c1aa9-94b3-4a4a-8f82-23d96c211f5e" />
    <UnitTestResult executionId="28166d0b-5871-4a71-b6bf-f9445b6bccaa" testId="fba119e2-6f3e-9ec0-78e6-c939d3c9eec4" testName="Exceptions.EXC-04: Exception pattern matching.multiple exception handlers second matches" computerName="hamabot" startTime="2026-03-25T09:32:01.3857870+09:00" endTime="2026-03-25T09:32:01.3863380+09:00" testType="13cdc9d9-ddb5-4fa4-a97d-d965ccfc6d4b" outcome="Passed" testListId="8c84fa94-04c1-424b-9868-57a2d4851a1d" relativeResultsDirectory="28166d0b-5871-4a71-b6bf-f9445b6bccaa" />
    <UnitTestResult executionId="db68e661-f31b-4ec5-ba91-711754b0f422" testId="fccf1ddd-0b7c-a60e-a389-415747df762d" testName="SYN-01/06/07/08: Parser improvements.4 levels of let nesting parse and evaluate correctly" computerName="hamabot" duration="00:00:00.0010000" startTime="2026-03-25T09:32:02.0159790+09:00" endTime="2026-03-25T09:32:02.0184020+09:00" testType="13cdc9d9-ddb5-4fa4-a97d-d965ccfc6d4b" outcome="Passed" testListId="8c84fa94-04c1-424b-9868-57a2d4851a1d" relativeResultsDirectory="db68e661-f31b-4ec5-ba91-711754b0f422" />
    <UnitTestResult executionId="96662443-5ab7-4081-9112-e1d057373168" testId="fbd1aa12-3039-68da-7613-880c06aa6776" testName="Usefulness.wildcard after full nested coverage is not useful" computerName="hamabot" startTime="2026-03-25T09:32:02.0321230+09:00" endTime="2026-03-25T09:32:02.0323980+09:00" testType="13cdc9d9-ddb5-4fa4-a97d-d965ccfc6d4b" outcome="Passed" testListId="8c84fa94-04c1-424b-9868-57a2d4851a1d" relativeResultsDirectory="96662443-5ab7-4081-9112-e1d057373168" />
    <UnitTestResult executionId="2871baca-4c72-4ef2-9ca9-e42ad150bf76" testId="68b6f011-841d-446e-cec6-8bd47b56a048" testName="IndentFilter.errorMessages.testIndentErrorMessage - error message includes line, column, and expected levels" computerName="hamabot" startTime="2026-03-25T09:32:02.2058990+09:00" endTime="2026-03-25T09:32:02.2068690+09:00" testType="13cdc9d9-ddb5-4fa4-a97d-d965ccfc6d4b" outcome="Passed" testListId="8c84fa94-04c1-424b-9868-57a2d4851a1d" relativeResultsDirectory="2871baca-4c72-4ef2-9ca9-e42ad150bf76" />
    <UnitTestResult executionId="b869270b-8fef-4a57-a1a2-2a874ea19856" testId="1f0524a4-ba50-1a14-31b8-59fadeb5e497" testName="Integration.testParseSimpleADT" computerName="hamabot" startTime="2026-03-25T09:32:01.8645090+09:00" endTime="2026-03-25T09:32:01.8656540+09:00" testType="13cdc9d9-ddb5-4fa4-a97d-d965ccfc6d4b" outcome="Passed" testListId="8c84fa94-04c1-424b-9868-57a2d4851a1d" relativeResultsDirectory="b869270b-8fef-4a57-a1a2-2a874ea19856" />
    <UnitTestResult executionId="1ac37752-e14c-4e5c-9468-e13ae4fb14db" testId="7aba3532-c45a-9f63-dbbc-9de9cd628113" testName="Modules.Module with ADT.module with ADT types and qualified constructor" computerName="hamabot" duration="00:00:00.0030000" startTime="2026-03-25T09:32:01.5392670+09:00" endTime="2026-03-25T09:32:01.5423930+09:00" testType="13cdc9d9-ddb5-4fa4-a97d-d965ccfc6d4b" outcome="Passed" testListId="8c84fa94-04c1-424b-9868-57a2d4851a1d" relativeResultsDirectory="1ac37752-e14c-4e5c-9468-e13ae4fb14db" />
    <UnitTestResult executionId="66f7f5cc-4179-484a-8fa1-a5885ac47790" testId="f730687f-e914-b685-213f-51ea242c1722" testName="IndentFilter.elseIndentation.DEDENT is preserved before ELSE when THEN block was indented" computerName="hamabot" startTime="2026-03-25T09:32:02.2059900+09:00" endTime="2026-03-25T09:32:02.2072510+09:00" testType="13cdc9d9-ddb5-4fa4-a97d-d965ccfc6d4b" outcome="Passed" testListId="8c84fa94-04c1-424b-9868-57a2d4851a1d" relativeResultsDirectory="66f7f5cc-4179-484a-8fa1-a5885ac47790" />
    <UnitTestResult executionId="16c7e71f-2859-436e-a78b-a20d4b5dd258" testId="051f9c41-cb81-9bfb-f00f-394a2bc9820c" testName="SpecializeMatrix.specialize expands wildcard to match arity" computerName="hamabot" duration="00:00:00.0020000" startTime="2026-03-25T09:32:02.1171640+09:00" endTime="2026-03-25T09:32:02.1193130+09:00" testType="13cdc9d9-ddb5-4fa4-a97d-d965ccfc6d4b" outcome="Passed" testListId="8c84fa94-04c1-424b-9868-57a2d4851a1d" relativeResultsDirectory="16c7e71f-2859-436e-a78b-a20d4b5dd258" />
    <UnitTestResult executionId="6961831b-ea9e-4d45-8994-6ec2c2ded00b" testId="5263df91-fc26-87ce-e509-f07c3cd91f67" testName="IndentFilter.matchExpressions.testMatchResultIndentation - pattern results indent one level" computerName="hamabot" startTime="2026-03-25T09:32:02.2058990+09:00" endTime="2026-03-25T09:32:02.2065110+09:00" testType="13cdc9d9-ddb5-4fa4-a97d-d965ccfc6d4b" outcome="Passed" testListId="8c84fa94-04c1-424b-9868-57a2d4851a1d" relativeResultsDirectory="6961831b-ea9e-4d45-8994-6ec2c2ded00b" />
    <UnitTestResult executionId="8ec77c15-a4fe-446d-8845-4ecb3a775944" testId="238f38b4-39ba-7c42-45d7-bbe751113b55" testName="Exhaustiveness.wildcard makes exhaustive" computerName="hamabot" startTime="2026-03-25T09:32:02.0323360+09:00" endTime="2026-03-25T09:32:02.0327100+09:00" testType="13cdc9d9-ddb5-4fa4-a97d-d965ccfc6d4b" outcome="Passed" testListId="8c84fa94-04c1-424b-9868-57a2d4851a1d" relativeResultsDirectory="8ec77c15-a4fe-446d-8845-4ecb3a775944" />
    <UnitTestResult executionId="b79d8fe6-5d2e-4c1e-8a9b-4c2edb2ca52a" testId="7adaeedc-0124-35c9-de6f-ff4e9ddfeb95" testName="Integration.simple let with indent produces INDENT" computerName="hamabot" duration="00:00:00.0010000" startTime="2026-03-25T09:32:01.8051790+09:00" endTime="2026-03-25T09:32:01.8069320+09:00" testType="13cdc9d9-ddb5-4fa4-a97d-d965ccfc6d4b" outcome="Passed" testListId="8c84fa94-04c1-424b-9868-57a2d4851a1d" relativeResultsDirectory="b79d8fe6-5d2e-4c1e-8a9b-4c2edb2ca52a" />
    <UnitTestResult executionId="440f2962-d094-4e85-b756-8298c19a5700" testId="f8df209d-62af-0001-74e8-54b2f7ec8390" testName="Records.Error cases.missing field in record expression produces error" computerName="hamabot" duration="00:00:00.0030000" startTime="2026-03-25T09:32:01.7857970+09:00" endTime="2026-03-25T09:32:01.7895740+09:00" testType="13cdc9d9-ddb5-4fa4-a97d-d965ccfc6d4b" outcome="Passed" testListId="8c84fa94-04c1-424b-9868-57a2d4851a1d" relativeResultsDirectory="440f2962-d094-4e85-b756-8298c19a5700" />
    <UnitTestResult executionId="f018f743-5db8-413a-9907-666af0ec4c6f" testId="88ac0454-cca4-f6ef-330c-8cd258d5655b" testName="Integration.testADTConstructorWithArg" computerName="hamabot" startTime="2026-03-25T09:32:01.9352140+09:00" endTime="2026-03-25T09:32:01.9356500+09:00" testType="13cdc9d9-ddb5-4fa4-a97d-d965ccfc6d4b" outcome="Passed" testListId="8c84fa94-04c1-424b-9868-57a2d4851a1d" relativeResultsDirectory="f018f743-5db8-413a-9907-666af0ec4c6f" />
    <UnitTestResult executionId="29107efc-d15f-4209-9894-f05f0558fa5b" testId="d8fe0ad0-49bf-f87f-86fe-239037937c0c" testName="Usefulness.constructor useful when not yet covered" computerName="hamabot" startTime="2026-03-25T09:32:02.0320810+09:00" endTime="2026-03-25T09:32:02.0322790+09:00" testType="13cdc9d9-ddb5-4fa4-a97d-d965ccfc6d4b" outcome="Passed" testListId="8c84fa94-04c1-424b-9868-57a2d4851a1d" relativeResultsDirectory="29107efc-d15f-4209-9894-f05f0558fa5b" />
    <UnitTestResult executionId="3f9186a6-95e8-4a93-bdcd-fe9719d027da" testId="0df25194-6be4-83db-e4aa-6061c749a26e" testName="Records.REC-06: Structural equality.different records are not equal" computerName="hamabot" duration="00:00:00.0030000" startTime="2026-03-25T09:32:01.7126700+09:00" endTime="2026-03-25T09:32:01.7160400+09:00" testType="13cdc9d9-ddb5-4fa4-a97d-d965ccfc6d4b" outcome="Passed" testListId="8c84fa94-04c1-424b-9868-57a2d4851a1d" relativeResultsDirectory="3f9186a6-95e8-4a93-bdcd-fe9719d027da" />
    <UnitTestResult executionId="48b6cd50-b155-4123-a043-90e2da16fa1a" testId="c4d662d4-3fb0-0c19-5a8e-9c906c3bc3bc" testName="Modules.SC2: Nested modules.nested module declaration" computerName="hamabot" duration="00:00:00.0020000" startTime="2026-03-25T09:32:01.5239130+09:00" endTime="2026-03-25T09:32:01.5265510+09:00" testType="13cdc9d9-ddb5-4fa4-a97d-d965ccfc6d4b" outcome="Passed" testListId="8c84fa94-04c1-424b-9868-57a2d4851a1d" relativeResultsDirectory="48b6cd50-b155-4123-a043-90e2da16fa1a" />
    <UnitTestResult executionId="26ee152c-bc45-4845-8b67-f52c40c85c29" testId="0d2525f9-ff0c-8a1f-e0e1-988f75a6cf9a" testName="Match Compilation (Decision Tree).List Patterns.empty vs cons" computerName="hamabot" duration="00:00:00.0450000" startTime="2026-03-25T09:32:01.2206330+09:00" endTime="2026-03-25T09:32:01.2699690+09:00" testType="13cdc9d9-ddb5-4fa4-a97d-d965ccfc6d4b" outcome="Passed" testListId="8c84fa94-04c1-424b-9868-57a2d4851a1d" relativeResultsDirectory="26ee152c-bc45-4845-8b67-f52c40c85c29" />
    <UnitTestResult executionId="31c19dec-121b-46e8-95c5-18d64293c2e7" testId="00bd398c-d106-677c-6cf2-2fca55ebc992" testName="Integration.testExhaustivenessNoWarningComplete" computerName="hamabot" duration="00:00:00.0010000" startTime="2026-03-25T09:32:02.0042250+09:00" endTime="2026-03-25T09:32:02.0061970+09:00" testType="13cdc9d9-ddb5-4fa4-a97d-d965ccfc6d4b" outcome="Passed" testListId="8c84fa94-04c1-424b-9868-57a2d4851a1d" relativeResultsDirectory="31c19dec-121b-46e8-95c5-18d64293c2e7" />
    <UnitTestResult executionId="09854631-fa8e-4da0-8b96-0d76bd6cab83" testId="24475a21-4c07-7285-7fed-5be6c0d973df" testName="Integration.debug multi-line tokens" computerName="hamabot" duration="00:00:00.0040000" startTime="2026-03-25T09:32:01.8644290+09:00" endTime="2026-03-25T09:32:01.8692820+09:00" testType="13cdc9d9-ddb5-4fa4-a97d-d965ccfc6d4b" outcome="Passed" testListId="8c84fa94-04c1-424b-9868-57a2d4851a1d" relativeResultsDirectory="09854631-fa8e-4da0-8b96-0d76bd6cab83" />
    <UnitTestResult executionId="f543d890-aad0-4b8a-8ed4-596cf0de68a8" testId="8725fb92-dbac-2c9a-9d47-6c222ba68f69" testName="Integration.testElaborateSimpleADT" computerName="hamabot" duration="00:00:00.0010000" startTime="2026-03-25T09:32:01.9345660+09:00" endTime="2026-03-25T09:32:01.9359090+09:00" testType="13cdc9d9-ddb5-4fa4-a97d-d965ccfc6d4b" outcome="Passed" testListId="8c84fa94-04c1-424b-9868-57a2d4851a1d" relativeResultsDirectory="f543d890-aad0-4b8a-8ed4-596cf0de68a8" />
    <UnitTestResult executionId="b1151e82-468c-4373-9f1f-14f0b1af87d1" testId="0603ca37-04a6-270d-e258-dac60944d511" testName="Integration.debug tokens for simple module" computerName="hamabot" duration="00:00:00.0420000" startTime="2026-03-25T09:32:01.8052320+09:00" endTime="2026-03-25T09:32:01.8474510+09:00" testType="13cdc9d9-ddb5-4fa4-a97d-d965ccfc6d4b" outcome="Passed" testListId="8c84fa94-04c1-424b-9868-57a2d4851a1d" relativeResultsDirectory="b1151e82-468c-4373-9f1f-14f0b1af87d1" />
    <UnitTestResult executionId="dade1dca-5598-430e-b678-5188e28b016f" testId="9297fba4-71f8-6407-836b-e86dce722cf0" testName="Match Compilation (Decision Tree).Record Patterns.simple record match" computerName="hamabot" duration="00:00:00.0040000" startTime="2026-03-25T09:32:01.2803250+09:00" endTime="2026-03-25T09:32:01.2847850+09:00" testType="13cdc9d9-ddb5-4fa4-a97d-d965ccfc6d4b" outcome="Passed" testListId="8c84fa94-04c1-424b-9868-57a2d4851a1d" relativeResultsDirectory="dade1dca-5598-430e-b678-5188e28b016f" />
    <UnitTestResult executionId="7caceff2-290a-436b-bc37-b7fe70ed7328" testId="0ea13afe-24c9-03ec-939b-7ad359bcd9a3" testName="Records.REC-03: Field access.simple field access" computerName="hamabot" duration="00:00:00.0010000" startTime="2026-03-25T09:32:01.6665230+09:00" endTime="2026-03-25T09:32:01.6678180+09:00" testType="13cdc9d9-ddb5-4fa4-a97d-d965ccfc6d4b" outcome="Passed" testListId="8c84fa94-04c1-424b-9868-57a2d4851a1d" relativeResultsDirectory="7caceff2-290a-436b-bc37-b7fe70ed7328" />
    <UnitTestResult executionId="c68d83b2-4086-4e09-9080-22b932825bcd" testId="2d749729-f07d-27df-70da-17601f715aa2" testName="Records.REC-02: Record expressions.create record and access field" computerName="hamabot" duration="00:00:00.0020000" startTime="2026-03-25T09:32:01.6642990+09:00" endTime="2026-03-25T09:32:01.6678310+09:00" testType="13cdc9d9-ddb5-4fa4-a97d-d965ccfc6d4b" outcome="Passed" testListId="8c84fa94-04c1-424b-9868-57a2d4851a1d" relativeResultsDirectory="c68d83b2-4086-4e09-9080-22b932825bcd" />
    <UnitTestResult executionId="9ce5cb12-b70c-4839-849f-02b236ca773d" testId="fc14d8df-a021-3cfa-8f96-faae349e97fc" testName="Exceptions.EXC-01: Exception declarations.exception with data" computerName="hamabot" startTime="2026-03-25T09:32:01.2806800+09:00" endTime="2026-03-25T09:32:01.2810850+09:00" testType="13cdc9d9-ddb5-4fa4-a97d-d965ccfc6d4b" outcome="Passed" testListId="8c84fa94-04c1-424b-9868-57a2d4851a1d" relativeResultsDirectory="9ce5cb12-b70c-4839-849f-02b236ca773d" />
    <UnitTestResult executionId="6f5ccc03-280a-44b3-aa06-9aae94533b82" testId="16398221-35ed-89da-0431-80f11edab7d0" testName="Match Compilation (Decision Tree).Tuple Patterns.simple triple tuple" computerName="hamabot" duration="00:00:00.0450000" startTime="2026-03-25T09:32:01.2206840+09:00" endTime="2026-03-25T09:32:01.2699340+09:00" testType="13cdc9d9-ddb5-4fa4-a97d-d965ccfc6d4b" outcome="Passed" testListId="8c84fa94-04c1-424b-9868-57a2d4851a1d" relativeResultsDirectory="6f5ccc03-280a-44b3-aa06-9aae94533b82" />
    <UnitTestResult executionId="2274c7f3-7b7d-40ba-a150-a7a7ac27fc7c" testId="0e9889b7-f8e9-1e4f-6613-4be0a979bf10" testName="Integration.testElaborateRecursiveADT" computerName="hamabot" duration="00:00:00.0010000" startTime="2026-03-25T09:32:01.9345810+09:00" endTime="2026-03-25T09:32:01.9358480+09:00" testType="13cdc9d9-ddb5-4fa4-a97d-d965ccfc6d4b" outcome="Passed" testListId="8c84fa94-04c1-424b-9868-57a2d4851a1d" relativeResultsDirectory="2274c7f3-7b7d-40ba-a150-a7a7ac27fc7c" />
    <UnitTestResult executionId="d33f4c68-2def-4c9c-9ea4-51278092b451" testId="27f2807d-1bb1-97c9-3b42-e003a5f9bdc1" testName="SYN-01/06/07/08: Parser improvements.let f () = body works in expression context" computerName="hamabot" duration="00:00:00.0020000" startTime="2026-03-25T09:32:02.0158530+09:00" endTime="2026-03-25T09:32:02.0183850+09:00" testType="13cdc9d9-ddb5-4fa4-a97d-d965ccfc6d4b" outcome="Passed" testListId="8c84fa94-04c1-424b-9868-57a2d4851a1d" relativeResultsDirectory="d33f4c68-2def-4c9c-9ea4-51278092b451" />
    <UnitTestResult executionId="def3206f-06d1-4587-b4ad-cf75165e437f" testId="3baa4717-4534-8e86-64ef-6e6f4a97471f" testName="Records.Error cases.duplicate field names across types produces error" computerName="hamabot" duration="00:00:00.0110000" startTime="2026-03-25T09:32:01.7842590+09:00" endTime="2026-03-25T09:32:01.7955600+09:00" testType="13cdc9d9-ddb5-4fa4-a97d-d965ccfc6d4b" outcome="Passed" testListId="8c84fa94-04c1-424b-9868-57a2d4851a1d" relativeResultsDirectory="def3206f-06d1-4587-b4ad-cf75165e437f" />
    <UnitTestResult executionId="c107a162-685c-4a4d-965a-97ff59bb7618" testId="62ce3c3d-8fb7-d625-14af-cec9bea0fcae" testName="Records.Error cases.wrong field name in record expression produces error" computerName="hamabot" startTime="2026-03-25T09:32:01.7842610+09:00" endTime="2026-03-25T09:32:01.7894920+09:00" testType="13cdc9d9-ddb5-4fa4-a97d-d965ccfc6d4b" outcome="Passed" testListId="8c84fa94-04c1-424b-9868-57a2d4851a1d" relativeResultsDirectory="c107a162-685c-4a4d-965a-97ff59bb7618" />
    <UnitTestResult executionId="948e42d8-23c6-4c41-a83a-84199057eec1" testId="62c80e60-9e89-c4b7-85e5-4c48aec3e351" testName="GADT.GADT-04: Polymorphic GADT match.GADT match without annotation type-checks via fresh type variable" computerName="hamabot" duration="00:00:00.0020000" startTime="2026-03-25T09:32:01.6151000+09:00" endTime="2026-03-25T09:32:01.6183580+09:00" testType="13cdc9d9-ddb5-4fa4-a97d-d965ccfc6d4b" outcome="Passed" testListId="8c84fa94-04c1-424b-9868-57a2d4851a1d" relativeResultsDirectory="948e42d8-23c6-4c41-a83a-84199057eec1" />
    <UnitTestResult executionId="8f202fc6-6b22-4b8d-b47c-dfe20c6f8525" testId="d3015961-541f-9143-c635-67b115d15415" testName="Redundancy.no redundancy with wildcard only" computerName="hamabot" startTime="2026-03-25T09:32:02.0505010+09:00" endTime="2026-03-25T09:32:02.0517000+09:00" testType="13cdc9d9-ddb5-4fa4-a97d-d965ccfc6d4b" outcome="Passed" testListId="8c84fa94-04c1-424b-9868-57a2d4851a1d" relativeResultsDirectory="8f202fc6-6b22-4b8d-b47c-dfe20c6f8525" />
    <UnitTestResult executionId="21f729ba-2422-4c9e-bd6c-2ccb9db29f35" testId="3e66156c-85c2-56f1-9dd9-b52e3cc34cea" testName="Exceptions.When guards in match.when guard in match zero" computerName="hamabot" startTime="2026-03-25T09:32:01.4668340+09:00" endTime="2026-03-25T09:32:01.4673600+09:00" testType="13cdc9d9-ddb5-4fa4-a97d-d965ccfc6d4b" outcome="Passed" testListId="8c84fa94-04c1-424b-9868-57a2d4851a1d" relativeResultsDirectory="21f729ba-2422-4c9e-bd6c-2ccb9db29f35" />
    <UnitTestResult executionId="05c1ae98-dd4b-4fd3-a69a-1c5cf5c3b1d0" testId="4d2d110d-755e-6084-67f3-4fac563ace2b" testName="GADT.GADT-03: Existential types.existential type used correctly in match branch" computerName="hamabot" duration="00:00:00.0030000" startTime="2026-03-25T09:32:01.6150770+09:00" endTime="2026-03-25T09:32:01.6194570+09:00" testType="13cdc9d9-ddb5-4fa4-a97d-d965ccfc6d4b" outcome="Passed" testListId="8c84fa94-04c1-424b-9868-57a2d4851a1d" relativeResultsDirectory="05c1ae98-dd4b-4fd3-a69a-1c5cf5c3b1d0" />
    <UnitTestResult executionId="5a1ec8a0-c93b-4197-a705-3102dad56fda" testId="18b1e5b7-b61b-7f6a-1edd-edfa03a8a625" testName="GADT.GADT-02: Type refinement.GADT match on bool Expr refines to bool" computerName="hamabot" duration="00:00:00.0080000" startTime="2026-03-25T09:32:01.5417250+09:00" endTime="2026-03-25T09:32:01.5504480+09:00" testType="13cdc9d9-ddb5-4fa4-a97d-d965ccfc6d4b" outcome="Passed" testListId="8c84fa94-04c1-424b-9868-57a2d4851a1d" relativeResultsDirectory="5a1ec8a0-c93b-4197-a705-3102dad56fda" />
    <UnitTestResult executionId="1d36a82f-f202-4ce1-bd56-450fbdf97e22" testId="9ee626b9-36ac-4947-8991-f3a335a90283" testName="IndentFilter.Config.defaultConfig has IndentWidth 4" computerName="hamabot" startTime="2026-03-25T09:32:02.1173370+09:00" endTime="2026-03-25T09:32:02.1183160+09:00" testType="13cdc9d9-ddb5-4fa4-a97d-d965ccfc6d4b" outcome="Passed" testListId="8c84fa94-04c1-424b-9868-57a2d4851a1d" relativeResultsDirectory="1d36a82f-f202-4ce1-bd56-450fbdf97e22" />
    <UnitTestResult executionId="5e33f700-fd70-410c-9312-ca06385c35e7" testId="ef4c0938-48e9-db39-78ca-6d63cfc417e6" testName="GADT.GADT-01: GADT declarations.parse GADT type with explicit return types" computerName="hamabot" duration="00:00:00.0050000" startTime="2026-03-25T09:32:01.5393070+09:00" endTime="2026-03-25T09:32:01.5448730+09:00" testType="13cdc9d9-ddb5-4fa4-a97d-d965ccfc6d4b" outcome="Passed" testListId="8c84fa94-04c1-424b-9868-57a2d4851a1d" relativeResultsDirectory="5e33f700-fd70-410c-9312-ca06385c35e7" />
    <UnitTestResult executionId="0d9e11b4-4c90-4413-bcd1-1de0759c3f0e" testId="8ef9beb1-9768-97b9-244b-060cb1a404f6" testName="Exceptions.EXC-02: raise.raise exception with data" computerName="hamabot" duration="00:00:00.0060000" startTime="2026-03-25T09:32:01.2973640+09:00" endTime="2026-03-25T09:32:01.3041790+09:00" testType="13cdc9d9-ddb5-4fa4-a97d-d965ccfc6d4b" outcome="Passed" testListId="8c84fa94-04c1-424b-9868-57a2d4851a1d" relativeResultsDirectory="0d9e11b4-4c90-4413-bcd1-1de0759c3f0e" />
    <UnitTestResult executionId="76072de2-c237-4e89-bd98-7c19ef80706e" testId="e146dc53-fc65-f91e-7b57-ccea92a02339" testName="Usefulness.wildcard not useful when all constructors covered" computerName="hamabot" startTime="2026-03-25T09:32:02.0173370+09:00" endTime="2026-03-25T09:32:02.0177160+09:00" testType="13cdc9d9-ddb5-4fa4-a97d-d965ccfc6d4b" outcome="Passed" testListId="8c84fa94-04c1-424b-9868-57a2d4851a1d" relativeResultsDirectory="76072de2-c237-4e89-bd98-7c19ef80706e" />
    <UnitTestResult executionId="55df3eb3-82b8-472d-b5f6-6155beb03a23" testId="e5f62215-360e-3fd8-bd20-9c5317bfc4b5" testName="Exceptions.When guards in match.when guard in match positive" computerName="hamabot" startTime="2026-03-25T09:32:01.3862400+09:00" endTime="2026-03-25T09:32:01.3867390+09:00" testType="13cdc9d9-ddb5-4fa4-a97d-d965ccfc6d4b" outcome="Passed" testListId="8c84fa94-04c1-424b-9868-57a2d4851a1d" relativeResultsDirectory="55df3eb3-82b8-472d-b5f6-6155beb03a23" />
    <UnitTestResult executionId="ac60a6bd-db40-43a1-96fb-3d0058297477" testId="196d52e1-f9f2-37d6-63f2-815f3acb506e" testName="Modules.SC3: Open directive.open module and use unqualified names" computerName="hamabot" startTime="2026-03-25T09:32:01.5239360+09:00" endTime="2026-03-25T09:32:01.5244000+09:00" testType="13cdc9d9-ddb5-4fa4-a97d-d965ccfc6d4b" outcome="Passed" testListId="8c84fa94-04c1-424b-9868-57a2d4851a1d" relativeResultsDirectory="ac60a6bd-db40-43a1-96fb-3d0058297477" />
    <UnitTestResult executionId="a81468ae-e22b-4b68-a467-9e4297a216c1" testId="d33faa58-fa81-8680-b377-5ad68bfe3164" testName="Integration.testMatchWithNestedConstructors" computerName="hamabot" startTime="2026-03-25T09:32:01.9346430+09:00" endTime="2026-03-25T09:32:01.9355050+09:00" testType="13cdc9d9-ddb5-4fa4-a97d-d965ccfc6d4b" outcome="Passed" testListId="8c84fa94-04c1-424b-9868-57a2d4851a1d" relativeResultsDirectory="a81468ae-e22b-4b68-a467-9e4297a216c1" />
    <UnitTestResult executionId="f3de438e-d969-4782-bb8e-163176170780" testId="708a7449-0f53-3eb9-d4e6-f4afc41067aa" testName="GADT.GADT exhaustiveness.exhaustiveness warning for genuinely missing GADT case" computerName="hamabot" duration="00:00:00.0020000" startTime="2026-03-25T09:32:01.6173130+09:00" endTime="2026-03-25T09:32:01.6203110+09:00" testType="13cdc9d9-ddb5-4fa4-a97d-d965ccfc6d4b" outcome="Passed" testListId="8c84fa94-04c1-424b-9868-57a2d4851a1d" relativeResultsDirectory="f3de438e-d969-4782-bb8e-163176170780" />
    <UnitTestResult executionId="2a843aac-5aa2-4e49-aae6-b29120e3c4a8" testId="c7f160f5-6877-6bbd-82d9-483bf3c36b25" testName="IndentFilter.Config.initialState starts with stack [0]" computerName="hamabot" duration="00:00:00.0010000" startTime="2026-03-25T09:32:02.1175370+09:00" endTime="2026-03-25T09:32:02.1197480+09:00" testType="13cdc9d9-ddb5-4fa4-a97d-d965ccfc6d4b" outcome="Passed" testListId="8c84fa94-04c1-424b-9868-57a2d4851a1d" relativeResultsDirectory="2a843aac-5aa2-4e49-aae6-b29120e3c4a8" />
    <UnitTestResult executionId="fb489d2d-03a7-43c1-9554-24953afa6759" testId="105c28c1-62a2-cd3e-55dc-49764bc6334f" testName="Integration.testADTPatternMatchingWithData" computerName="hamabot" duration="00:00:00.0020000" startTime="2026-03-25T09:32:02.0041070+09:00" endTime="2026-03-25T09:32:02.0072960+09:00" testType="13cdc9d9-ddb5-4fa4-a97d-d965ccfc6d4b" outcome="Passed" testListId="8c84fa94-04c1-424b-9868-57a2d4851a1d" relativeResultsDirectory="fb489d2d-03a7-43c1-9554-24953afa6759" />
    <UnitTestResult executionId="0bb73879-7508-4004-aa46-5511b9a0fc72" testId="85285e6e-1c34-c081-45bd-c673efb464fb" testName="SpecializeMatrix.specialize handles empty matrix" computerName="hamabot" startTime="2026-03-25T09:32:02.1171960+09:00" endTime="2026-03-25T09:32:02.1176340+09:00" testType="13cdc9d9-ddb5-4fa4-a97d-d965ccfc6d4b" outcome="Passed" testListId="8c84fa94-04c1-424b-9868-57a2d4851a1d" relativeResultsDirectory="0bb73879-7508-4004-aa46-5511b9a0fc72" />
    <UnitTestResult executionId="78473e2b-92d1-4867-b15b-559416e80462" testId="b6891ced-c148-6810-098c-2411c5006a1a" testName="GADT.Backward compatibility.parametric ADT still works" computerName="hamabot" duration="00:00:00.0020000" startTime="2026-03-25T09:32:01.6641870+09:00" endTime="2026-03-25T09:32:01.6671580+09:00" testType="13cdc9d9-ddb5-4fa4-a97d-d965ccfc6d4b" outcome="Passed" testListId="8c84fa94-04c1-424b-9868-57a2d4851a1d" relativeResultsDirectory="78473e2b-92d1-4867-b15b-559416e80462" />
    <UnitTestResult executionId="6d5dcc24-5434-4571-9c15-150363548903" testId="c00592da-4cf2-24d2-d4e2-8309e244e1ec" testName="Exceptions.When guards in match.when guard with list pattern negative head" computerName="hamabot" startTime="2026-03-25T09:32:01.4668750+09:00" endTime="2026-03-25T09:32:01.4677400+09:00" testType="13cdc9d9-ddb5-4fa4-a97d-d965ccfc6d4b" outcome="Passed" testListId="8c84fa94-04c1-424b-9868-57a2d4851a1d" relativeResultsDirectory="6d5dcc24-5434-4571-9c15-150363548903" />
    <UnitTestResult executionId="272e8f6b-634f-4425-bee0-df3ee664f8ba" testId="d38d2009-0003-5761-0cdb-f9834bccb27d" testName="Usefulness.constructor not useful when already covered" computerName="hamabot" startTime="2026-03-25T09:32:02.0320930+09:00" endTime="2026-03-25T09:32:02.0322910+09:00" testType="13cdc9d9-ddb5-4fa4-a97d-d965ccfc6d4b" outcome="Passed" testListId="8c84fa94-04c1-424b-9868-57a2d4851a1d" relativeResultsDirectory="272e8f6b-634f-4425-bee0-df3ee664f8ba" />
    <UnitTestResult executionId="b41a3d6a-e1c4-4fcb-b66a-9e3b649a3715" testId="90154879-5fef-ffbe-6647-d0e4082f5080" testName="Modules.SC4: Qualified access.qualified access to module member" computerName="hamabot" duration="00:00:00.0020000" startTime="2026-03-25T09:32:01.5239900+09:00" endTime="2026-03-25T09:32:01.5265500+09:00" testType="13cdc9d9-ddb5-4fa4-a97d-d965ccfc6d4b" outcome="Passed" testListId="8c84fa94-04c1-424b-9868-57a2d4851a1d" relativeResultsDirectory="b41a3d6a-e1c4-4fcb-b66a-9e3b649a3715" />
    <UnitTestResult executionId="2bc82b9d-8fee-43ea-acf0-0d91adfc95c2" testId="bfe72d9c-6157-ced8-dfd1-8328598e267d" testName="Match Compilation (Decision Tree).PMATCH-01: ADT Constructor Patterns.simple Option match - Some" computerName="hamabot" duration="00:00:00.0450000" startTime="2026-03-25T09:32:01.2204100+09:00" endTime="2026-03-25T09:32:01.2699730+09:00" testType="13cdc9d9-ddb5-4fa4-a97d-d965ccfc6d4b" outcome="Passed" testListId="8c84fa94-04c1-424b-9868-57a2d4851a1d" relativeResultsDirectory="2bc82b9d-8fee-43ea-acf0-0d91adfc95c2" />
    <UnitTestResult executionId="2851969c-0617-4068-9b39-f014336219c1" testId="8e9e1972-7675-1b8e-eb4b-832dd0981461" testName="IndentFilter.indentWidthValidation.testLenientIndentWidth - lenient mode allows any indent" computerName="hamabot" startTime="2026-03-25T09:32:02.2060070+09:00" endTime="2026-03-25T09:32:02.2065140+09:00" testType="13cdc9d9-ddb5-4fa4-a97d-d965ccfc6d4b" outcome="Passed" testListId="8c84fa94-04c1-424b-9868-57a2d4851a1d" relativeResultsDirectory="2851969c-0617-4068-9b39-f014336219c1" />
    <UnitTestResult executionId="34bedf46-ade2-4a49-8e13-524610538fc4" testId="1579670e-f557-e92a-8601-e95098bcb1d2" testName="Modules.Error cases.duplicate module name produces E0503" computerName="hamabot" duration="00:00:00.0020000" startTime="2026-03-25T09:32:01.5392900+09:00" endTime="2026-03-25T09:32:01.5422580+09:00" testType="13cdc9d9-ddb5-4fa4-a97d-d965ccfc6d4b" outcome="Passed" testListId="8c84fa94-04c1-424b-9868-57a2d4851a1d" relativeResultsDirectory="34bedf46-ade2-4a49-8e13-524610538fc4" />
    <UnitTestResult executionId="d6a5c3d5-b124-4a71-926c-2a9ecd7ba2be" testId="4ed57ee4-ae76-007d-665d-4969eb9f1fe7" testName="Exceptions.EXC-01: Exception declarations.exception with tuple data" computerName="hamabot" duration="00:00:00.0050000" startTime="2026-03-25T09:32:01.2973550+09:00" endTime="2026-03-25T09:32:01.3034080+09:00" testType="13cdc9d9-ddb5-4fa4-a97d-d965ccfc6d4b" outcome="Passed" testListId="8c84fa94-04c1-424b-9868-57a2d4851a1d" relativeResultsDirectory="d6a5c3d5-b124-4a71-926c-2a9ecd7ba2be" />
    <UnitTestResult executionId="d826f351-5423-4f99-af52-6bfe3b639e08" testId="0dad6bb5-3591-b2b1-bca0-41d66826ffa0" testName="IndentFilter.indentWidthValidation.testStrictIndentWidthViolation - strict mode rejects non-multiples" computerName="hamabot" startTime="2026-03-25T09:32:02.2059880+09:00" endTime="2026-03-25T09:32:02.2068240+09:00" testType="13cdc9d9-ddb5-4fa4-a97d-d965ccfc6d4b" outcome="Passed" testListId="8c84fa94-04c1-424b-9868-57a2d4851a1d" relativeResultsDirectory="d826f351-5423-4f99-af52-6bfe3b639e08" />
    <UnitTestResult executionId="9ee3989b-b333-4870-81cd-d857b09f2fd8" testId="ee3f465f-2f2f-1339-5236-7449afe5faa9" testName="Integration.testMultiLineFunctionAppWithComplexArgs" computerName="hamabot" startTime="2026-03-25T09:32:01.8644650+09:00" endTime="2026-03-25T09:32:01.8655550+09:00" testType="13cdc9d9-ddb5-4fa4-a97d-d965ccfc6d4b" outcome="Passed" testListId="8c84fa94-04c1-424b-9868-57a2d4851a1d" relativeResultsDirectory="9ee3989b-b333-4870-81cd-d857b09f2fd8" />
    <UnitTestResult executionId="d4e30408-4048-483c-8894-d9cf3e394c72" testId="2f2021af-de8c-0c64-b7be-2d8736cc2fa7" testName="Records.REC-04: Copy-and-update.update single field" computerName="hamabot" duration="00:00:00.0040000" startTime="2026-03-25T09:32:01.7104000+09:00" endTime="2026-03-25T09:32:01.7153130+09:00" testType="13cdc9d9-ddb5-4fa4-a97d-d965ccfc6d4b" outcome="Passed" testListId="8c84fa94-04c1-424b-9868-57a2d4851a1d" relativeResultsDirectory="d4e30408-4048-483c-8894-d9cf3e394c72" />
    <UnitTestResult executionId="18a33f42-4c0b-45e9-887b-1ca5e99d4e67" testId="c2a85f3f-5abd-78a3-4d33-a2335ed1577c" testName="Modules.SC2: Nested modules.multiple nested modules" computerName="hamabot" duration="00:00:00.0020000" startTime="2026-03-25T09:32:01.5239230+09:00" endTime="2026-03-25T09:32:01.5268620+09:00" testType="13cdc9d9-ddb5-4fa4-a97d-d965ccfc6d4b" outcome="Passed" testListId="8c84fa94-04c1-424b-9868-57a2d4851a1d" relativeResultsDirectory="18a33f42-4c0b-45e9-887b-1ca5e99d4e67" />
    <UnitTestResult executionId="1caaac30-615e-4400-b2eb-02dc2c08947c" testId="b398c46f-29d9-70f4-f38c-f4d2bcd56905" testName="Records.REC-01: Record type declarations.record with trailing semicolon" computerName="hamabot" duration="00:00:00.0030000" startTime="2026-03-25T09:32:01.6642480+09:00" endTime="2026-03-25T09:32:01.6674420+09:00" testType="13cdc9d9-ddb5-4fa4-a97d-d965ccfc6d4b" outcome="Passed" testListId="8c84fa94-04c1-424b-9868-57a2d4851a1d" relativeResultsDirectory="1caaac30-615e-4400-b2eb-02dc2c08947c" />
    <UnitTestResult executionId="1820a688-c387-48d4-8eb6-83fc0ee3b5d5" testId="d75e803b-2f60-d07e-1ec8-65ef9269feeb" testName="Integration.testADTFormatValue" computerName="hamabot" duration="00:00:00.0010000" startTime="2026-03-25T09:32:02.0041770+09:00" endTime="2026-03-25T09:32:02.0060270+09:00" testType="13cdc9d9-ddb5-4fa4-a97d-d965ccfc6d4b" outcome="Passed" testListId="8c84fa94-04c1-424b-9868-57a2d4851a1d" relativeResultsDirectory="1820a688-c387-48d4-8eb6-83fc0ee3b5d5" />
    <UnitTestResult executionId="395a1767-c2e8-4e07-9e09-e2e6df95c356" testId="bc1b3625-5a3f-79cd-725a-9c1f40e61745" testName="Integration.testCurriedMultiLineApp" computerName="hamabot" startTime="2026-03-25T09:32:01.8644990+09:00" endTime="2026-03-25T09:32:01.8655590+09:00" testType="13cdc9d9-ddb5-4fa4-a97d-d965ccfc6d4b" outcome="Passed" testListId="8c84fa94-04c1-424b-9868-57a2d4851a1d" relativeResultsDirectory="395a1767-c2e8-4e07-9e09-e2e6df95c356" />
    <UnitTestResult executionId="2b3bf5e2-716f-4432-a1d0-3244ff4b09f8" testId="c779e529-f607-2e9d-ce6d-e3036f27f570" testName="Modules.SC3: Open directive.open module with multiple bindings" computerName="hamabot" startTime="2026-03-25T09:32:01.5239600+09:00" endTime="2026-03-25T09:32:01.5245080+09:00" testType="13cdc9d9-ddb5-4fa4-a97d-d965ccfc6d4b" outcome="Passed" testListId="8c84fa94-04c1-424b-9868-57a2d4851a1d" relativeResultsDirectory="2b3bf5e2-716f-4432-a1d0-3244ff4b09f8" />
    <UnitTestResult executionId="4c4f5520-7991-4fb7-b7f9-9af4c61784fb" testId="9df989bc-b1a2-b6e8-673c-5a24558cc379" testName="Exceptions.EXC-01: Exception declarations.multiple exception declarations" computerName="hamabot" duration="00:00:00.0050000" startTime="2026-03-25T09:32:01.2973550+09:00" endTime="2026-03-25T09:32:01.3034020+09:00" testType="13cdc9d9-ddb5-4fa4-a97d-d965ccfc6d4b" outcome="Passed" testListId="8c84fa94-04c1-424b-9868-57a2d4851a1d" relativeResultsDirectory="4c4f5520-7991-4fb7-b7f9-9af4c61784fb" />
    <UnitTestResult executionId="e7360ba6-67e0-4cb6-9a0c-a81fadae5a2b" testId="5f34d417-f5dd-5ed3-56ef-4a498ce5ef75" testName="IndentFilter.processNewline.same indent level emits no tokens" computerName="hamabot" duration="00:00:00.0010000" startTime="2026-03-25T09:32:02.1181960+09:00" endTime="2026-03-25T09:32:02.1197610+09:00" testType="13cdc9d9-ddb5-4fa4-a97d-d965ccfc6d4b" outcome="Passed" testListId="8c84fa94-04c1-424b-9868-57a2d4851a1d" relativeResultsDirectory="e7360ba6-67e0-4cb6-9a0c-a81fadae5a2b" />
    <UnitTestResult executionId="753d2fc8-f96a-4965-977d-f4297e829228" testId="73d39715-0f5d-4d14-fe04-37ce580aed23" testName="Exceptions.Edge cases.exception with tuple data" computerName="hamabot" duration="00:00:00.0010000" startTime="2026-03-25T09:32:01.4669020+09:00" endTime="2026-03-25T09:32:01.4686880+09:00" testType="13cdc9d9-ddb5-4fa4-a97d-d965ccfc6d4b" outcome="Passed" testListId="8c84fa94-04c1-424b-9868-57a2d4851a1d" relativeResultsDirectory="753d2fc8-f96a-4965-977d-f4297e829228" />
    <UnitTestResult executionId="33699de3-2754-42db-85ef-5ce04cdbef35" testId="2313975e-0adc-7821-4064-4a3cd6968e62" testName="Exceptions.EXC-02: raise.raise in if-else branch triggers exception" computerName="hamabot" duration="00:00:00.0070000" startTime="2026-03-25T09:32:01.2974360+09:00" endTime="2026-03-25T09:32:01.3045190+09:00" testType="13cdc9d9-ddb5-4fa4-a97d-d965ccfc6d4b" outcome="Passed" testListId="8c84fa94-04c1-424b-9868-57a2d4851a1d" relativeResultsDirectory="33699de3-2754-42db-85ef-5ce04cdbef35" />
    <UnitTestResult executionId="51b2695c-a9a0-4658-9cbd-99db1e86c8cf" testId="5adca439-cb90-12ff-8c6b-dc0280a3598c" testName="Records.REC-04: Copy-and-update.update preserves unchanged fields" computerName="hamabot" duration="00:00:00.0040000" startTime="2026-03-25T09:32:01.7104250+09:00" endTime="2026-03-25T09:32:01.7153030+09:00" testType="13cdc9d9-ddb5-4fa4-a97d-d965ccfc6d4b" outcome="Passed" testListId="8c84fa94-04c1-424b-9868-57a2d4851a1d" relativeResultsDirectory="51b2695c-a9a0-4658-9cbd-99db1e86c8cf" />
    <UnitTestResult executionId="01224550-d006-458a-8891-c03aa1ec2f7c" testId="c97216e7-ff2f-1222-defb-b0ef229d4ec3" testName="Integration.testADTRecursiveTreeEval" computerName="hamabot" duration="00:00:00.0040000" startTime="2026-03-25T09:32:02.0041480+09:00" endTime="2026-03-25T09:32:02.0092390+09:00" testType="13cdc9d9-ddb5-4fa4-a97d-d965ccfc6d4b" outcome="Passed" testListId="8c84fa94-04c1-424b-9868-57a2d4851a1d" relativeResultsDirectory="01224550-d006-458a-8891-c03aa1ec2f7c" />
    <UnitTestResult executionId="8a80b39b-b394-4716-a1c9-1bc9f8c6a4e4" testId="cc723373-3a6e-c236-9645-a98a2dab152f" testName="Exhaustiveness.incomplete Option - missing None" computerName="hamabot" startTime="2026-03-25T09:32:02.0321360+09:00" endTime="2026-03-25T09:32:02.0326530+09:00" testType="13cdc9d9-ddb5-4fa4-a97d-d965ccfc6d4b" outcome="Passed" testListId="8c84fa94-04c1-424b-9868-57a2d4851a1d" relativeResultsDirectory="8a80b39b-b394-4716-a1c9-1bc9f8c6a4e4" />
    <UnitTestResult executionId="b703af0e-890d-4494-97e9-24ca35594bc1" testId="e67e33f6-de9c-a82f-4904-d5cfc3a2f13f" testName="IndentFilter.processNewline.multiple dedents for big unindent" computerName="hamabot" startTime="2026-03-25T09:32:02.1546540+09:00" endTime="2026-03-25T09:32:02.1552740+09:00" testType="13cdc9d9-ddb5-4fa4-a97d-d965ccfc6d4b" outcome="Passed" testListId="8c84fa94-04c1-424b-9868-57a2d4851a1d" relativeResultsDirectory="b703af0e-890d-4494-97e9-24ca35594bc1" />
    <UnitTestResult executionId="f911481d-a788-4e7c-b2f1-1d47e36db77c" testId="7c9ea622-efda-bcbc-81cd-c648465f061d" testName="GADT.GADT-02: Type refinement.GADT match with annotation refines types in branches" computerName="hamabot" duration="00:00:00.0110000" startTime="2026-03-25T09:32:01.5394390+09:00" endTime="2026-03-25T09:32:01.5504470+09:00" testType="13cdc9d9-ddb5-4fa4-a97d-d965ccfc6d4b" outcome="Passed" testListId="8c84fa94-04c1-424b-9868-57a2d4851a1d" relativeResultsDirectory="f911481d-a788-4e7c-b2f1-1d47e36db77c" />
    <UnitTestResult executionId="3c2adfdc-7f6d-43bb-b679-580a8f2dbc18" testId="0d7d16dd-7dff-9b9e-15fb-8de0f38fdcab" testName="GADT.GADT exhaustiveness.no false exhaustiveness warning for impossible GADT branches" computerName="hamabot" duration="00:00:00.0010000" startTime="2026-03-25T09:32:01.6152040+09:00" endTime="2026-03-25T09:32:01.6183330+09:00" testType="13cdc9d9-ddb5-4fa4-a97d-d965ccfc6d4b" outcome="Passed" testListId="8c84fa94-04c1-424b-9868-57a2d4851a1d" relativeResultsDirectory="3c2adfdc-7f6d-43bb-b679-580a8f2dbc18" />
    <UnitTestResult executionId="0bb2fc43-f599-4edb-b171-01b6f7aaeef7" testId="9eb8c514-b93b-c76e-098f-540bee599a4d" testName="Exceptions.EXC-05: when guards.when guard selects server error handler" computerName="hamabot" startTime="2026-03-25T09:32:01.3860190+09:00" endTime="2026-03-25T09:32:01.3864320+09:00" testType="13cdc9d9-ddb5-4fa4-a97d-d965ccfc6d4b" outcome="Passed" testListId="8c84fa94-04c1-424b-9868-57a2d4851a1d" relativeResultsDirectory="0bb2fc43-f599-4edb-b171-01b6f7aaeef7" />
    <UnitTestResult executionId="d57a9679-e519-455d-9db5-fd5330e1f99d" testId="4edbf029-768b-667d-61e0-d307d57b5f1d" testName="Records.REC-07: Mutable fields.mutable field assignment and read" computerName="hamabot" duration="00:00:00.0050000" startTime="2026-03-25T09:32:01.7841470+09:00" endTime="2026-03-25T09:32:01.7899190+09:00" testType="13cdc9d9-ddb5-4fa4-a97d-d965ccfc6d4b" outcome="Passed" testListId="8c84fa94-04c1-424b-9868-57a2d4851a1d" relativeResultsDirectory="d57a9679-e519-455d-9db5-fd5330e1f99d" />
    <UnitTestResult executionId="fdc0cb22-4be7-4033-a48d-7d85d800a499" testId="78954ef7-88fe-97ac-cf0d-da3061be9282" testName="Match Compilation (Decision Tree).Wildcard Catch-all.wildcard catches unmatched constructor" computerName="hamabot" startTime="2026-03-25T09:32:01.2804070+09:00" endTime="2026-03-25T09:32:01.2809520+09:00" testType="13cdc9d9-ddb5-4fa4-a97d-d965ccfc6d4b" outcome="Passed" testListId="8c84fa94-04c1-424b-9868-57a2d4851a1d" relativeResultsDirectory="fdc0cb22-4be7-4033-a48d-7d85d800a499" />
    <UnitTestResult executionId="ffd683ed-4fb4-444d-9a7a-89adfcc46835" testId="4a0b9209-c32a-c2b0-4fc7-394a5f640b27" testName="Integration.testRedundancyWarning" computerName="hamabot" duration="00:00:00.0030000" startTime="2026-03-25T09:32:02.0042550+09:00" endTime="2026-03-25T09:32:02.0091960+09:00" testType="13cdc9d9-ddb5-4fa4-a97d-d965ccfc6d4b" outcome="Passed" testListId="8c84fa94-04c1-424b-9868-57a2d4851a1d" relativeResultsDirectory="ffd683ed-4fb4-444d-9a7a-89adfcc46835" />
    <UnitTestResult executionId="9c59ce80-f3bd-48c4-b5a5-f8cfe9a72a73" testId="8e25ad87-b69b-1bf9-ced5-0d576fbb7a7b" testName="Exceptions.EXC-04: Exception pattern matching.multiple exception handlers first matches" computerName="hamabot" startTime="2026-03-25T09:32:01.3857960+09:00" endTime="2026-03-25T09:32:01.3862440+09:00" testType="13cdc9d9-ddb5-4fa4-a97d-d965ccfc6d4b" outcome="Passed" testListId="8c84fa94-04c1-424b-9868-57a2d4851a1d" relativeResultsDirectory="9c59ce80-f3bd-48c4-b5a5-f8cfe9a72a73" />
    <UnitTestResult executionId="b1ea412b-ea74-4b06-8a77-c233a584ebbb" testId="c3672b43-a649-2294-9aae-5ece157bce7b" testName="Records.REC-01: Record type declarations.record with type parameters" computerName="hamabot" duration="00:00:00.0020000" startTime="2026-03-25T09:32:01.6642520+09:00" endTime="2026-03-25T09:32:01.6671790+09:00" testType="13cdc9d9-ddb5-4fa4-a97d-d965ccfc6d4b" outcome="Passed" testListId="8c84fa94-04c1-424b-9868-57a2d4851a1d" relativeResultsDirectory="b1ea412b-ea74-4b06-8a77-c233a584ebbb" />
    <UnitTestResult executionId="26d7e6f3-9daf-4a9e-81a2-83896ee98f2a" testId="136d7bfe-c001-e35a-c99f-5e34fba97bdd" testName="Match Compilation (Decision Tree).PMATCH-01: ADT Constructor Patterns.multi-constructor Color match" computerName="hamabot" duration="00:00:00.0450000" startTime="2026-03-25T09:32:01.2204240+09:00" endTime="2026-03-25T09:32:01.2699560+09:00" testType="13cdc9d9-ddb5-4fa4-a97d-d965ccfc6d4b" outcome="Passed" testListId="8c84fa94-04c1-424b-9868-57a2d4851a1d" relativeResultsDirectory="26d7e6f3-9daf-4a9e-81a2-83896ee98f2a" />
    <UnitTestResult executionId="a100ec4f-f7fc-40e6-9a5c-13dc37ff0595" testId="88fd0975-981d-105e-9718-e835488fcc36" testName="PatternFormat.format unary constructor with wildcard" computerName="hamabot" startTime="2026-03-25T09:32:02.0514260+09:00" endTime="2026-03-25T09:32:02.0515940+09:00" testType="13cdc9d9-ddb5-4fa4-a97d-d965ccfc6d4b" outcome="Passed" testListId="8c84fa94-04c1-424b-9868-57a2d4851a1d" relativeResultsDirectory="a100ec4f-f7fc-40e6-9a5c-13dc37ff0595" />
    <UnitTestResult executionId="9d3fb16f-4aba-4c98-9891-2a7fd543a902" testId="6cca8857-e093-41bb-e4b2-ce64ce14c206" testName="Exhaustiveness.incomplete nested Option - missing Some(Some _)" computerName="hamabot" duration="00:00:00.0010000" startTime="2026-03-25T09:32:02.0323230+09:00" endTime="2026-03-25T09:32:02.0335580+09:00" testType="13cdc9d9-ddb5-4fa4-a97d-d965ccfc6d4b" outcome="Passed" testListId="8c84fa94-04c1-424b-9868-57a2d4851a1d" relativeResultsDirectory="9d3fb16f-4aba-4c98-9891-2a7fd543a902" />
    <UnitTestResult executionId="a5d502d2-b7c4-447a-9fd5-e4721a17df31" testId="d4485af2-5d18-818e-9c98-57fa5b6b1352" testName="SYN-01/06/07/08: Parser improvements.let f () = body works at module level" computerName="hamabot" duration="00:00:00.0020000" startTime="2026-03-25T09:32:02.0157930+09:00" endTime="2026-03-25T09:32:02.0183400+09:00" testType="13cdc9d9-ddb5-4fa4-a97d-d965ccfc6d4b" outcome="Passed" testListId="8c84fa94-04c1-424b-9868-57a2d4851a1d" relativeResultsDirectory="a5d502d2-b7c4-447a-9fd5-e4721a17df31" />
    <UnitTestResult executionId="067e7f39-df0c-4993-84a3-1b4f2ee33951" testId="2fd28a59-046a-8e1f-260a-5fc115372908" testName="File Import Tests.SC-3: qualified access to same type name in different modules" computerName="hamabot" startTime="2026-03-25T09:32:02.2638530+09:00" endTime="2026-03-25T09:32:02.2640350+09:00" testType="13cdc9d9-ddb5-4fa4-a97d-d965ccfc6d4b" outcome="Passed" testListId="8c84fa94-04c1-424b-9868-57a2d4851a1d" relativeResultsDirectory="067e7f39-df0c-4993-84a3-1b4f2ee33951" />
    <UnitTestResult executionId="b41c9fee-b806-43ca-bd07-24b9642d7e61" testId="1d67653a-3bea-0c73-2819-d1761b53eb6a" testName="Exhaustiveness.tree type - missing Node" computerName="hamabot" duration="00:00:00.0010000" startTime="2026-03-25T09:32:02.0504090+09:00" endTime="2026-03-25T09:32:02.0520300+09:00" testType="13cdc9d9-ddb5-4fa4-a97d-d965ccfc6d4b" outcome="Passed" testListId="8c84fa94-04c1-424b-9868-57a2d4851a1d" relativeResultsDirectory="b41c9fee-b806-43ca-bd07-24b9642d7e61" />
    <UnitTestResult executionId="269556e5-e641-48ec-9bb7-00e2ae3b92b1" testId="bb2231a3-0920-27da-2200-44fe46e166a7" testName="Integration.testADTNestedConstructors" computerName="hamabot" duration="00:00:00.0010000" startTime="2026-03-25T09:32:02.0042000+09:00" endTime="2026-03-25T09:32:02.0060370+09:00" testType="13cdc9d9-ddb5-4fa4-a97d-d965ccfc6d4b" outcome="Passed" testListId="8c84fa94-04c1-424b-9868-57a2d4851a1d" relativeResultsDirectory="269556e5-e641-48ec-9bb7-00e2ae3b92b1" />
    <UnitTestResult executionId="dca81dc9-1cc8-4510-9a91-9036eff8b25c" testId="a29768cb-bfd5-40a3-4f85-040e9a1e1d8c" testName="Exceptions.EXC-03: try-with.basic try-with catches exception" computerName="hamabot" duration="00:00:00.0060000" startTime="2026-03-25T09:32:01.2974520+09:00" endTime="2026-03-25T09:32:01.3041140+09:00" testType="13cdc9d9-ddb5-4fa4-a97d-d965ccfc6d4b" outcome="Passed" testListId="8c84fa94-04c1-424b-9868-57a2d4851a1d" relativeResultsDirectory="dca81dc9-1cc8-4510-9a91-9036eff8b25c" />
    <UnitTestResult executionId="87949bff-21fc-4ecf-963a-c1ec28db8344" testId="6857b53f-a31b-e33c-1bcb-775d8773d46b" testName="Modules.SC5: Forward reference prevents cycles.forward module reference produces E0504" computerName="hamabot" startTime="2026-03-25T09:32:01.5240340+09:00" endTime="2026-03-25T09:32:01.5246520+09:00" testType="13cdc9d9-ddb5-4fa4-a97d-d965ccfc6d4b" outcome="Passed" testListId="8c84fa94-04c1-424b-9868-57a2d4851a1d" relativeResultsDirectory="87949bff-21fc-4ecf-963a-c1ec28db8344" />
    <UnitTestResult executionId="5ec6575b-d171-4a60-a6f5-9c5f1d33163a" testId="1498a87b-0262-6fce-7f8c-1ff64306022c" testName="IndentFilter.filter.passes through non-NEWLINE tokens" computerName="hamabot" startTime="2026-03-25T09:32:02.1549320+09:00" endTime="2026-03-25T09:32:02.1557510+09:00" testType="13cdc9d9-ddb5-4fa4-a97d-d965ccfc6d4b" outcome="Passed" testListId="8c84fa94-04c1-424b-9868-57a2d4851a1d" relativeResultsDirectory="5ec6575b-d171-4a60-a6f5-9c5f1d33163a" />
    <UnitTestResult executionId="6cf8f8dd-c21f-472c-b31e-ff9660551e7b" testId="dc49650b-ba18-db69-37a1-74c586d6f218" testName="Modules.SC1: Top-level module/namespace.top-level module with function" computerName="hamabot" startTime="2026-03-25T09:32:01.4673450+09:00" endTime="2026-03-25T09:32:01.4677740+09:00" testType="13cdc9d9-ddb5-4fa4-a97d-d965ccfc6d4b" outcome="Passed" testListId="8c84fa94-04c1-424b-9868-57a2d4851a1d" relativeResultsDirectory="6cf8f8dd-c21f-472c-b31e-ff9660551e7b" />
    <UnitTestResult executionId="d1c5afb7-0920-4bbd-852d-9482d8318b33" testId="a21821f9-83b9-c4b3-de31-d444cfb55315" testName="Exceptions.EXC-02: raise.raise in if-else branch no exception" computerName="hamabot" duration="00:00:00.0070000" startTime="2026-03-25T09:32:01.2974070+09:00" endTime="2026-03-25T09:32:01.3045130+09:00" testType="13cdc9d9-ddb5-4fa4-a97d-d965ccfc6d4b" outcome="Passed" testListId="8c84fa94-04c1-424b-9868-57a2d4851a1d" relativeResultsDirectory="d1c5afb7-0920-4bbd-852d-9482d8318b33" />
    <UnitTestResult executionId="e006018f-68ff-4b52-99b3-2a919d01f17e" testId="4b6163f8-d2b4-a6a6-6ffb-c0c5ad07caf6" testName="File Import Tests.SC-1: basic file import — imported bindings accessible" computerName="hamabot" duration="00:00:00.0030000" startTime="2026-03-25T09:32:02.2597240+09:00" endTime="2026-03-25T09:32:02.2630770+09:00" testType="13cdc9d9-ddb5-4fa4-a97d-d965ccfc6d4b" outcome="Passed" testListId="8c84fa94-04c1-424b-9868-57a2d4851a1d" relativeResultsDirectory="e006018f-68ff-4b52-99b3-2a919d01f17e" />
    <UnitTestResult executionId="72ee9294-35e2-47ea-878f-ed84bfceac46" testId="b73c9615-0f70-d663-b932-b7a4037cad6c" testName="Integration.testMatchOnParametricADT" computerName="hamabot" startTime="2026-03-25T09:32:01.9346050+09:00" endTime="2026-03-25T09:32:01.9352510+09:00" testType="13cdc9d9-ddb5-4fa4-a97d-d965ccfc6d4b" outcome="Passed" testListId="8c84fa94-04c1-424b-9868-57a2d4851a1d" relativeResultsDirectory="72ee9294-35e2-47ea-878f-ed84bfceac46" />
    <UnitTestResult executionId="fe6d4c43-623e-4301-9984-c8200a37cf82" testId="e81e022d-9817-8dc7-f7b4-5fac46212485" testName="Match Compilation (Decision Tree).Nested Patterns.nested wrapper types" computerName="hamabot" duration="00:00:00.0450000" startTime="2026-03-25T09:32:01.2205180+09:00" endTime="2026-03-25T09:32:01.2699640+09:00" testType="13cdc9d9-ddb5-4fa4-a97d-d965ccfc6d4b" outcome="Passed" testListId="8c84fa94-04c1-424b-9868-57a2d4851a1d" relativeResultsDirectory="fe6d4c43-623e-4301-9984-c8200a37cf82" />
    <UnitTestResult executionId="ae5a3da7-92d3-4019-9a65-d67ab4e54b70" testId="0ddae33f-de83-b630-3222-9381f0509f06" testName="Records.REC-03: Field access.field access on non-existent field produces type error" computerName="hamabot" duration="00:00:00.0030000" startTime="2026-03-25T09:32:01.7103800+09:00" endTime="2026-03-25T09:32:01.7136620+09:00" testType="13cdc9d9-ddb5-4fa4-a97d-d965ccfc6d4b" outcome="Passed" testListId="8c84fa94-04c1-424b-9868-57a2d4851a1d" relativeResultsDirectory="ae5a3da7-92d3-4019-9a65-d67ab4e54b70" />
    <UnitTestResult executionId="a4d54236-0046-428d-9542-a09ddb9522d7" testId="e941a622-e246-4111-a110-18126e416792" testName="GADT.GADT exhaustiveness.no warning when all possible GADT constructors covered" computerName="hamabot" duration="00:00:00.0020000" startTime="2026-03-25T09:32:01.6641620+09:00" endTime="2026-03-25T09:32:01.6671840+09:00" testType="13cdc9d9-ddb5-4fa4-a97d-d965ccfc6d4b" outcome="Passed" testListId="8c84fa94-04c1-424b-9868-57a2d4851a1d" relativeResultsDirectory="a4d54236-0046-428d-9542-a09ddb9522d7" />
[...]
    <TestEntry testId="e146dc53-fc65-f91e-7b57-ccea92a02339" executionId="76072de2-c237-4e89-bd98-7c19ef80706e" testListId="8c84fa94-04c1-424b-9868-57a2d4851a1d" />
    <TestEntry testId="e5f62215-360e-3fd8-bd20-9c5317bfc4b5" executionId="55df3eb3-82b8-472d-b5f6-6155beb03a23" testListId="8c84fa94-04c1-424b-9868-57a2d4851a1d" />
    <TestEntry testId="196d52e1-f9f2-37d6-63f2-815f3acb506e" executionId="ac60a6bd-db40-43a1-96fb-3d0058297477" testListId="8c84fa94-04c1-424b-9868-57a2d4851a1d" />
    <TestEntry testId="d33faa58-fa81-8680-b377-5ad68bfe3164" executionId="a81468ae-e22b-4b68-a467-9e4297a216c1" testListId="8c84fa94-04c1-424b-9868-57a2d4851a1d" />
    <TestEntry testId="708a7449-0f53-3eb9-d4e6-f4afc41067aa" executionId="f3de438e-d969-4782-bb8e-163176170780" testListId="8c84fa94-04c1-424b-9868-57a2d4851a1d" />
    <TestEntry testId="c7f160f5-6877-6bbd-82d9-483bf3c36b25" executionId="2a843aac-5aa2-4e49-aae6-b29120e3c4a8" testListId="8c84fa94-04c1-424b-9868-57a2d4851a1d" />
    <TestEntry testId="105c28c1-62a2-cd3e-55dc-49764bc6334f" executionId="fb489d2d-03a7-43c1-9554-24953afa6759" testListId="8c84fa94-04c1-424b-9868-57a2d4851a1d" />
    <TestEntry testId="85285e6e-1c34-c081-45bd-c673efb464fb" executionId="0bb73879-7508-4004-aa46-5511b9a0fc72" testListId="8c84fa94-04c1-424b-9868-57a2d4851a1d" />
    <TestEntry testId="b6891ced-c148-6810-098c-2411c5006a1a" executionId="78473e2b-92d1-4867-b15b-559416e80462" testListId="8c84fa94-04c1-424b-9868-57a2d4851a1d" />
    <TestEntry testId="c00592da-4cf2-24d2-d4e2-8309e244e1ec" executionId="6d5dcc24-5434-4571-9c15-150363548903" testListId="8c84fa94-04c1-424b-9868-57a2d4851a1d" />
    <TestEntry testId="d38d2009-0003-5761-0cdb-f9834bccb27d" executionId="272e8f6b-634f-4425-bee0-df3ee664f8ba" testListId="8c84fa94-04c1-424b-9868-57a2d4851a1d" />
    <TestEntry testId="90154879-5fef-ffbe-6647-d0e4082f5080" executionId="b41a3d6a-e1c4-4fcb-b66a-9e3b649a3715" testListId="8c84fa94-04c1-424b-9868-57a2d4851a1d" />
    <TestEntry testId="bfe72d9c-6157-ced8-dfd1-8328598e267d" executionId="2bc82b9d-8fee-43ea-acf0-0d91adfc95c2" testListId="8c84fa94-04c1-424b-9868-57a2d4851a1d" />
    <TestEntry testId="8e9e1972-7675-1b8e-eb4b-832dd0981461" executionId="2851969c-0617-4068-9b39-f014336219c1" testListId="8c84fa94-04c1-424b-9868-57a2d4851a1d" />
    <TestEntry testId="1579670e-f557-e92a-8601-e95098bcb1d2" executionId="34bedf46-ade2-4a49-8e13-524610538fc4" testListId="8c84fa94-04c1-424b-9868-57a2d4851a1d" />
    <TestEntry testId="4ed57ee4-ae76-007d-665d-4969eb9f1fe7" executionId="d6a5c3d5-b124-4a71-926c-2a9ecd7ba2be" testListId="8c84fa94-04c1-424b-9868-57a2d4851a1d" />
    <TestEntry testId="0dad6bb5-3591-b2b1-bca0-41d66826ffa0" executionId="d826f351-5423-4f99-af52-6bfe3b639e08" testListId="8c84fa94-04c1-424b-9868-57a2d4851a1d" />
    <TestEntry testId="ee3f465f-2f2f-1339-5236-7449afe5faa9" executionId="9ee3989b-b333-4870-81cd-d857b09f2fd8" testListId="8c84fa94-04c1-424b-9868-57a2d4851a1d" />
    <TestEntry testId="2f2021af-de8c-0c64-b7be-2d8736cc2fa7" executionId="d4e30408-4048-483c-8894-d9cf3e394c72" testListId="8c84fa94-04c1-424b-9868-57a2d4851a1d" />
    <TestEntry testId="c2a85f3f-5abd-78a3-4d33-a2335ed1577c" executionId="18a33f42-4c0b-45e9-887b-1ca5e99d4e67" testListId="8c84fa94-04c1-424b-9868-57a2d4851a1d" />
    <TestEntry testId="b398c46f-29d9-70f4-f38c-f4d2bcd56905" executionId="1caaac30-615e-4400-b2eb-02dc2c08947c" testListId="8c84fa94-04c1-424b-9868-57a2d4851a1d" />
    <TestEntry testId="d75e803b-2f60-d07e-1ec8-65ef9269feeb" executionId="1820a688-c387-48d4-8eb6-83fc0ee3b5d5" testListId="8c84fa94-04c1-424b-9868-57a2d4851a1d" />
    <TestEntry testId="bc1b3625-5a3f-79cd-725a-9c1f40e61745" executionId="395a1767-c2e8-4e07-9e09-e2e6df95c356" testListId="8c84fa94-04c1-424b-9868-57a2d4851a1d" />
    <TestEntry testId="c779e529-f607-2e9d-ce6d-e3036f27f570" executionId="2b3bf5e2-716f-4432-a1d0-3244ff4b09f8" testListId="8c84fa94-04c1-424b-9868-57a2d4851a1d" />
    <TestEntry testId="9df989bc-b1a2-b6e8-673c-5a24558cc379" executionId="4c4f5520-7991-4fb7-b7f9-9af4c61784fb" testListId="8c84fa94-04c1-424b-9868-57a2d4851a1d" />
    <TestEntry testId="5f34d417-f5dd-5ed3-56ef-4a498ce5ef75" executionId="e7360ba6-67e0-4cb6-9a0c-a81fadae5a2b" testListId="8c84fa94-04c1-424b-9868-57a2d4851a1d" />
    <TestEntry testId="73d39715-0f5d-4d14-fe04-37ce580aed23" executionId="753d2fc8-f96a-4965-977d-f4297e829228" testListId="8c84fa94-04c1-424b-9868-57a2d4851a1d" />
    <TestEntry testId="2313975e-0adc-7821-4064-4a3cd6968e62" executionId="33699de3-2754-42db-85ef-5ce04cdbef35" testListId="8c84fa94-04c1-424b-9868-57a2d4851a1d" />
    <TestEntry testId="5adca439-cb90-12ff-8c6b-dc0280a3598c" executionId="51b2695c-a9a0-4658-9cbd-99db1e86c8cf" testListId="8c84fa94-04c1-424b-9868-57a2d4851a1d" />
    <TestEntry testId="c97216e7-ff2f-1222-defb-b0ef229d4ec3" executionId="01224550-d006-458a-8891-c03aa1ec2f7c" testListId="8c84fa94-04c1-424b-9868-57a2d4851a1d" />
    <TestEntry testId="cc723373-3a6e-c236-9645-a98a2dab152f" executionId="8a80b39b-b394-4716-a1c9-1bc9f8c6a4e4" testListId="8c84fa94-04c1-424b-9868-57a2d4851a1d" />
    <TestEntry testId="e67e33f6-de9c-a82f-4904-d5cfc3a2f13f" executionId="b703af0e-890d-4494-97e9-24ca35594bc1" testListId="8c84fa94-04c1-424b-9868-57a2d4851a1d" />
    <TestEntry testId="7c9ea622-efda-bcbc-81cd-c648465f061d" executionId="f911481d-a788-4e7c-b2f1-1d47e36db77c" testListId="8c84fa94-04c1-424b-9868-57a2d4851a1d" />
    <TestEntry testId="0d7d16dd-7dff-9b9e-15fb-8de0f38fdcab" executionId="3c2adfdc-7f6d-43bb-b679-580a8f2dbc18" testListId="8c84fa94-04c1-424b-9868-57a2d4851a1d" />
    <TestEntry testId="9eb8c514-b93b-c76e-098f-540bee599a4d" executionId="0bb2fc43-f599-4edb-b171-01b6f7aaeef7" testListId="8c84fa94-04c1-424b-9868-57a2d4851a1d" />
    <TestEntry testId="4edbf029-768b-667d-61e0-d307d57b5f1d" executionId="d57a9679-e519-455d-9db5-fd5330e1f99d" testListId="8c84fa94-04c1-424b-9868-57a2d4851a1d" />
    <TestEntry testId="78954ef7-88fe-97ac-cf0d-da3061be9282" executionId="fdc0cb22-4be7-4033-a48d-7d85d800a499" testListId="8c84fa94-04c1-424b-9868-57a2d4851a1d" />
    <TestEntry testId="4a0b9209-c32a-c2b0-4fc7-394a5f640b27" executionId="ffd683ed-4fb4-444d-9a7a-89adfcc46835" testListId="8c84fa94-04c1-424b-9868-57a2d4851a1d" />
    <TestEntry testId="8e25ad87-b69b-1bf9-ced5-0d576fbb7a7b" executionId="9c59ce80-f3bd-48c4-b5a5-f8cfe9a72a73" testListId="8c84fa94-04c1-424b-9868-57a2d4851a1d" />
    <TestEntry testId="c3672b43-a649-2294-9aae-5ece157bce7b" executionId="b1ea412b-ea74-4b06-8a77-c233a584ebbb" testListId="8c84fa94-04c1-424b-9868-57a2d4851a1d" />
    <TestEntry testId="136d7bfe-c001-e35a-c99f-5e34fba97bdd" executionId="26d7e6f3-9daf-4a9e-81a2-83896ee98f2a" testListId="8c84fa94-04c1-424b-9868-57a2d4851a1d" />
    <TestEntry testId="88fd0975-981d-105e-9718-e835488fcc36" executionId="a100ec4f-f7fc-40e6-9a5c-13dc37ff0595" testListId="8c84fa94-04c1-424b-9868-57a2d4851a1d" />
    <TestEntry testId="6cca8857-e093-41bb-e4b2-ce64ce14c206" executionId="9d3fb16f-4aba-4c98-9891-2a7fd543a902" testListId="8c84fa94-04c1-424b-9868-57a2d4851a1d" />
    <TestEntry testId="d4485af2-5d18-818e-9c98-57fa5b6b1352" executionId="a5d502d2-b7c4-447a-9fd5-e4721a17df31" testListId="8c84fa94-04c1-424b-9868-57a2d4851a1d" />
    <TestEntry testId="2fd28a59-046a-8e1f-260a-5fc115372908" executionId="067e7f39-df0c-4993-84a3-1b4f2ee33951" testListId="8c84fa94-04c1-424b-9868-57a2d4851a1d" />
    <TestEntry testId="1d67653a-3bea-0c73-2819-d1761b53eb6a" executionId="b41c9fee-b806-43ca-bd07-24b9642d7e61" testListId="8c84fa94-04c1-424b-9868-57a2d4851a1d" />
    <TestEntry testId="bb2231a3-0920-27da-2200-44fe46e166a7" executionId="269556e5-e641-48ec-9bb7-00e2ae3b92b1" testListId="8c84fa94-04c1-424b-9868-57a2d4851a1d" />
    <TestEntry testId="a29768cb-bfd5-40a3-4f85-040e9a1e1d8c" executionId="dca81dc9-1cc8-4510-9a91-9036eff8b25c" testListId="8c84fa94-04c1-424b-9868-57a2d4851a1d" />
    <TestEntry testId="6857b53f-a31b-e33c-1bcb-775d8773d46b" executionId="87949bff-21fc-4ecf-963a-c1ec28db8344" testListId="8c84fa94-04c1-424b-9868-57a2d4851a1d" />
    <TestEntry testId="1498a87b-0262-6fce-7f8c-1ff64306022c" executionId="5ec6575b-d171-4a60-a6f5-9c5f1d33163a" testListId="8c84fa94-04c1-424b-9868-57a2d4851a1d" />
    <TestEntry testId="dc49650b-ba18-db69-37a1-74c586d6f218" executionId="6cf8f8dd-c21f-472c-b31e-ff9660551e7b" testListId="8c84fa94-04c1-424b-9868-57a2d4851a1d" />
    <TestEntry testId="a21821f9-83b9-c4b3-de31-d444cfb55315" executionId="d1c5afb7-0920-4bbd-852d-9482d8318b33" testListId="8c84fa94-04c1-424b-9868-57a2d4851a1d" />
    <TestEntry testId="4b6163f8-d2b4-a6a6-6ffb-c0c5ad07caf6" executionId="e006018f-68ff-4b52-99b3-2a919d01f17e" testListId="8c84fa94-04c1-424b-9868-57a2d4851a1d" />
    <TestEntry testId="b73c9615-0f70-d663-b932-b7a4037cad6c" executionId="72ee9294-35e2-47ea-878f-ed84bfceac46" testListId="8c84fa94-04c1-424b-9868-57a2d4851a1d" />
    <TestEntry testId="e81e022d-9817-8dc7-f7b4-5fac46212485" executionId="fe6d4c43-623e-4301-9984-c8200a37cf82" testListId="8c84fa94-04c1-424b-9868-57a2d4851a1d" />
    <TestEntry testId="0ddae33f-de83-b630-3222-9381f0509f06" executionId="ae5a3da7-92d3-4019-9a65-d67ab4e54b70" testListId="8c84fa94-04c1-424b-9868-57a2d4851a1d" />
    <TestEntry testId="e941a622-e246-4111-a110-18126e416792" executionId="a4d54236-0046-428d-9542-a09ddb9522d7" testListId="8c84fa94-04c1-424b-9868-57a2d4851a1d" />
    <TestEntry testId="250a072f-fab8-c8cb-f2ec-6a102345f411" executionId="a0c61f82-7a15-4210-a050-8a9ff92a21b2" testListId="8c84fa94-04c1-424b-9868-57a2d4851a1d" />
    <TestEntry testId="d0b2b4e2-6457-fe6a-2d87-5a2e2b416803" executionId="8e98fa06-a665-414f-a16a-99962c140131" testListId="8c84fa94-04c1-424b-9868-57a2d4851a1d" />
    <TestEntry testId="b89bdceb-7542-0c8a-c8d0-8bdcd40144a9" executionId="041440a2-e541-4163-8646-84fcb0101dfc" testListId="8c84fa94-04c1-424b-9868-57a2d4851a1d" />
    <TestEntry testId="b63ad6ec-d32b-c8de-9c64-4e0e46dd7c18" executionId="421ce4e4-6701-451c-8b31-ac2d245755f0" testListId="8c84fa94-04c1-424b-9868-57a2d4851a1d" />
    <TestEntry testId="bae1342b-b818-4204-916e-8797a1aa5aa6" executionId="a5612b84-a63e-4cf5-99d2-6d16dc4093f8" testListId="8c84fa94-04c1-424b-9868-57a2d4851a1d" />
    <TestEntry testId="247fdfe7-4482-016a-49fa-ffb56ead129e" executionId="419da9bd-76e3-4a5d-8b09-a7210051889d" testListId="8c84fa94-04c1-424b-9868-57a2d4851a1d" />
    <TestEntry testId="8614fbf3-68d0-c96d-3e74-6bdee9b77065" executionId="45cf66d8-0379-4b84-933a-4d779a693268" testListId="8c84fa94-04c1-424b-9868-57a2d4851a1d" />
    <TestEntry testId="713a5cd6-4a05-b48e-d5ac-1a49a3a6aec5" executionId="a9513e06-31de-4ac8-9165-2ef90f66f6dd" testListId="8c84fa94-04c1-424b-9868-57a2d4851a1d" />
    <TestEntry testId="53ebeec0-1d30-20d8-87c2-2ee244afeed4" executionId="a40002af-1a30-4095-9f94-8bc2e492d3ab" testListId="8c84fa94-04c1-424b-9868-57a2d4851a1d" />
    <TestEntry testId="d9281bac-e096-beb6-9898-b47740fbc479" executionId="6d2321d4-22a0-4cb0-b3eb-d53ff6838dd9" testListId="8c84fa94-04c1-424b-9868-57a2d4851a1d" />
    <TestEntry testId="dacdfc51-bf03-3dfa-1a00-585ac659a2b6" executionId="2494706f-2ead-47e1-97a2-8b7916067804" testListId="8c84fa94-04c1-424b-9868-57a2d4851a1d" />
    <TestEntry testId="975093e1-9471-32e8-598a-8875c583e4c6" executionId="a433efd8-9e4a-43e5-8087-9aaaf146b496" testListId="8c84fa94-04c1-424b-9868-57a2d4851a1d" />
    <TestEntry testId="052eedc7-e1d5-449a-fd85-ad2d3e70a811" executionId="c639a339-b7fb-4c5e-98e9-f0747dad842a" testListId="8c84fa94-04c1-424b-9868-57a2d4851a1d" />
    <TestEntry testId="a4b2d506-9d44-57c8-93e5-faa71eb6f5a6" executionId="229cd3e9-66b8-4b9a-b113-3a396b66e7e9" testListId="8c84fa94-04c1-424b-9868-57a2d4851a1d" />
    <TestEntry testId="c266fe64-e61d-65b0-2a25-ee81ab9d25b4" executionId="1685ec74-e258-4c8c-8f60-ee0263f87ba1" testListId="8c84fa94-04c1-424b-9868-57a2d4851a1d" />
    <TestEntry testId="a823c433-95eb-27bb-b9d7-a1a8c039b2ef" executionId="3138d231-4940-4bd2-a56a-59a26dd31568" testListId="8c84fa94-04c1-424b-9868-57a2d4851a1d" />
    <TestEntry testId="1f4b18a4-807e-def8-e874-ae8947e4b84b" executionId="24e18302-e89b-4099-bde4-8cfe9ba9633c" testListId="8c84fa94-04c1-424b-9868-57a2d4851a1d" />
    <TestEntry testId="b4d55163-5adc-52d3-c9ab-5e6dfa7d6f87" executionId="3bba3b46-6d2a-4119-baac-0eb9d12db079" testListId="8c84fa94-04c1-424b-9868-57a2d4851a1d" />
    <TestEntry testId="e7c00207-7f3f-a191-3e2a-b3d36fab5217" executionId="4a503882-0e99-4059-9c35-e433f8a85492" testListId="8c84fa94-04c1-424b-9868-57a2d4851a1d" />
    <TestEntry testId="8b220533-265d-edbe-9d68-c237f4387ae3" executionId="caf01666-3dfb-43c6-8fc0-1c187c1eccca" testListId="8c84fa94-04c1-424b-9868-57a2d4851a1d" />
    <TestEntry testId="8e862889-3d53-0091-f08e-b46d835f5b29" executionId="7a210ebe-4e1c-4ba6-b9e5-a83503c570e1" testListId="8c84fa94-04c1-424b-9868-57a2d4851a1d" />
    <TestEntry testId="4f2eba9d-dadf-e42a-5d00-ffb9091515d9" executionId="6a17e01c-b0fb-4b9c-bc71-56bece7faf67" testListId="8c84fa94-04c1-424b-9868-57a2d4851a1d" />
    <TestEntry testId="79cee0d4-7cb7-75f3-a17f-f076c9b2b2c5" executionId="337974cb-d9e3-4f25-adb4-1078b8402834" testListId="8c84fa94-04c1-424b-9868-57a2d4851a1d" />
    <TestEntry testId="2f02774e-f1d1-aabc-70ca-c586bb988d65" executionId="bcfcba5d-6b11-4441-b622-7119a1d8fed9" testListId="8c84fa94-04c1-424b-9868-57a2d4851a1d" />
    <TestEntry testId="50582b0e-3ee0-0525-e13d-e7ffcaea7887" executionId="b22f3dfe-5aac-492d-b593-7f579d7b8202" testListId="8c84fa94-04c1-424b-9868-57a2d4851a1d" />
    <TestEntry testId="3f3c25ea-5afa-2bf4-3f95-75a350a20d9e" executionId="41dd2ba8-fff9-480b-a753-90cda2abbb94" testListId="8c84fa94-04c1-424b-9868-57a2d4851a1d" />
    <TestEntry testId="d2b9fc1c-3081-c0f7-791c-49e24f81148c" executionId="234b1918-e40c-4531-aedb-3cccb8103919" testListId="8c84fa94-04c1-424b-9868-57a2d4851a1d" />
    <TestEntry testId="07ae04a1-0892-3d3d-7a70-48b431ff26a3" executionId="03626396-9e6d-40e6-b905-43fdf658d207" testListId="8c84fa94-04c1-424b-9868-57a2d4851a1d" />
    <TestEntry testId="6e6ba0c7-6a27-2c0e-0885-0b74cc065f71" executionId="ded94ef9-4fad-46df-8504-7738528ef38e" testListId="8c84fa94-04c1-424b-9868-57a2d4851a1d" />
    <TestEntry testId="6cb1a9f7-f59f-818a-6325-f1f0dca4a321" executionId="d2c9de91-ad67-4778-a87a-46b75ba42676" testListId="8c84fa94-04c1-424b-9868-57a2d4851a1d" />
    <TestEntry testId="c5dee3dc-7df6-f3c2-8e25-f8f83401170a" executionId="fc9e34a7-24e4-41b5-8300-43ca7aa60ad3" testListId="8c84fa94-04c1-424b-9868-57a2d4851a1d" />
    <TestEntry testId="aea38aa2-8b47-6801-6fdc-8c334eacbb83" executionId="b74919b3-0a9d-4e4e-857d-c5e04766d487" testListId="8c84fa94-04c1-424b-9868-57a2d4851a1d" />
    <TestEntry testId="dfc5a127-b040-c7e9-d953-37e651a29654" executionId="d6d43c8b-b225-4ecb-bd59-d15cab8ab95f" testListId="8c84fa94-04c1-424b-9868-57a2d4851a1d" />
    <TestEntry testId="f8c0b0b3-9752-7623-41ed-9862f0a75186" executionId="f928b232-edcc-465a-a3b6-1b202f4447ab" testListId="8c84fa94-04c1-424b-9868-57a2d4851a1d" />
    <TestEntry testId="651e5f85-2a20-4e1e-fb5b-6bc92c9f2e25" executionId="0dbf97e6-f2d3-4703-ac81-068dc49bd530" testListId="8c84fa94-04c1-424b-9868-57a2d4851a1d" />
    <TestEntry testId="1037a4e3-6e2d-e822-cf12-c56defe26e60" executionId="6d6c55f3-a6eb-47c5-9735-5bf3fdf6962c" testListId="8c84fa94-04c1-424b-9868-57a2d4851a1d" />
    <TestEntry testId="80841fd8-8007-01c9-1b0f-52f5ed589a2d" executionId="5d92c625-6056-452c-829b-4518573e75cb" testListId="8c84fa94-04c1-424b-9868-57a2d4851a1d" />
    <TestEntry testId="c2ec5a4a-2602-88e4-5f26-396dffda3b97" executionId="95bc403c-e16c-498a-b9af-78ebe050ab0f" testListId="8c84fa94-04c1-424b-9868-57a2d4851a1d" />
    <TestEntry testId="d8a09f01-6b4e-7c08-cd12-ea1397425bf2" executionId="cb1e7bb1-86a5-46ad-a1e8-46a0f4c88bc4" testListId="8c84fa94-04c1-424b-9868-57a2d4851a1d" />
    <TestEntry testId="e4ada972-bf3d-d1bc-badd-2068a83998a3" executionId="fb9e873d-16e6-4ad1-b3f9-056a5f8df91c" testListId="8c84fa94-04c1-424b-9868-57a2d4851a1d" />
    <TestEntry testId="af73e26c-7bce-2669-e307-b581ce1fb3da" executionId="1f5cbbf5-0311-4a66-a4ce-efe46587e571" testListId="8c84fa94-04c1-424b-9868-57a2d4851a1d" />
    <TestEntry testId="986c50a8-03a6-01fe-a701-9daa3eeb92a2" executionId="693dba76-0e94-4cd4-8412-cb9daccb9d43" testListId="8c84fa94-04c1-424b-9868-57a2d4851a1d" />
    <TestEntry testId="5748339e-3240-493a-6a3d-6eec3e093518" executionId="5138c443-d489-40f5-b268-b134fa820d1b" testListId="8c84fa94-04c1-424b-9868-57a2d4851a1d" />
    <TestEntry testId="69d134bd-8d51-ed97-618d-97ad1a737a6e" executionId="21b417ac-869c-466e-b6d5-8e372c50b63a" testListId="8c84fa94-04c1-424b-9868-57a2d4851a1d" />
    <TestEntry testId="606b3788-9313-c28d-3281-3500131729c4" executionId="9df3fb3c-4aac-4994-b5b3-137cccf18759" testListId="8c84fa94-04c1-424b-9868-57a2d4851a1d" />
    <TestEntry testId="e4ed2862-91b9-d4a0-000e-07501f149029" executionId="1659ef92-afde-46df-8357-d15d6532653f" testListId="8c84fa94-04c1-424b-9868-57a2d4851a1d" />
    <TestEntry testId="28a65da3-3173-a47d-321e-b77d55381213" executionId="a68d656d-f22b-4b3c-b0db-9df615d2424b" testListId="8c84fa94-04c1-424b-9868-57a2d4851a1d" />
    <TestEntry testId="c3ac36c4-4288-4883-40c5-2743777e237b" executionId="cfe0071c-80e5-459f-ab1e-a9749655c090" testListId="8c84fa94-04c1-424b-9868-57a2d4851a1d" />
    <TestEntry testId="20888e4c-f53e-5996-3b8b-7aaa15428741" executionId="f554103e-2bd8-44b5-8a64-729a67ebdbc0" testListId="8c84fa94-04c1-424b-9868-57a2d4851a1d" />
    <TestEntry testId="a8ec5d3c-c55c-b2ee-6795-65127f346b9e" executionId="106bdcbb-a019-4f29-8b88-1bbc147caa68" testListId="8c84fa94-04c1-424b-9868-57a2d4851a1d" />
    <TestEntry testId="8beea8bf-126a-b8a1-7c92-87a460e8c655" executionId="9a83bf40-c1c7-4262-b4b3-017dea0b8bb2" testListId="8c84fa94-04c1-424b-9868-57a2d4851a1d" />
    <TestEntry testId="fd17766d-c80a-878e-f786-7177e0769d01" executionId="fde1844c-d30d-4215-a172-2efe688a457f" testListId="8c84fa94-04c1-424b-9868-57a2d4851a1d" />
    <TestEntry testId="29e040c3-a5d3-fd55-c8d7-5abcdbc2bf96" executionId="04dfcb60-e958-4077-ae57-72949c6d78ac" testListId="8c84fa94-04c1-424b-9868-57a2d4851a1d" />
    <TestEntry testId="4d324604-d814-b249-ee22-e2ba43109234" executionId="80d2a4c3-60eb-4fd8-956f-9d0d7fcfe981" testListId="8c84fa94-04c1-424b-9868-57a2d4851a1d" />
    <TestEntry testId="7d86ab2f-8f77-432c-4597-9a1f9b162ad1" executionId="da1495c0-997c-4fe9-9daa-c1cd4f9b31aa" testListId="8c84fa94-04c1-424b-9868-57a2d4851a1d" />
    <TestEntry testId="fc2e8bf7-dd89-95c3-d0a9-f167b18db7bd" executionId="724ffa5b-8ead-449e-b10d-d3f1413be84b" testListId="8c84fa94-04c1-424b-9868-57a2d4851a1d" />
    <TestEntry testId="3e8d1fb6-033c-870f-d0bf-be7e52ceb840" executionId="222c3fda-9ad9-4c22-9f4d-2507c9a88daf" testListId="8c84fa94-04c1-424b-9868-57a2d4851a1d" />
  </TestEntries>
  <TestLists>
    <TestList name="Results Not in a List" id="8c84fa94-04c1-424b-9868-57a2d4851a1d" />
    <TestList name="All Loaded Results" id="19431567-8539-422a-85d7-44ee4e166bda" />
  </TestLists>
  <ResultSummary outcome="Failed">
    <Counters total="214" executed="214" passed="213" failed="1" error="0" timeout="0" aborted="0" inconclusive="0" passedButRunAborted="0" notRunnable="0" notExecuted="0" disconnected="0" warning="0" completed="0" inProgress="0" pending="0" />
    <Output>
      <StdOut>Tokens for 'let x = 42\n': [LET; IDENT "x"; EQUALS; NUMBER 42; EOF]
Tokens for various expr types: [LET; IDENT "id"; IDENT "x"; EQUALS; IDENT "x"; LET; IDENT "const42"; EQUALS;
 INDENT; NUMBER 42; DEDENT; LET; IDENT "app"; EQUALS; IDENT "id";
 IDENT "const42"; EOF]
Tokens for indented bodies: [LET; IDENT "x"; EQUALS; INDENT; LET; IDENT "a"; EQUALS; NUMBER 1; IN; LET;
 IDENT "b"; EQUALS; NUMBER 2; IN; IDENT "a"; PLUS; IDENT "b"; DEDENT; LET;
 IDENT "y"; EQUALS; INDENT; IDENT "x"; STAR; NUMBER 2; DEDENT; EOF]
Tokens: [LET; IDENT "result"; EQUALS; IDENT "add"; INDENT; NUMBER 10; NUMBER 20; DEDENT;
 EOF]
</StdOut>
    </Output>
  </ResultSummary>
</TestRun>